-- Install configuration: ""
-- Execute custom install script
-- Up-to-date symlink: /home/abdallah/Projects/ros2_ws/src/machathon5.00/install/prius_description/share/prius_description/environment/gazebo_envs.sh
-- Up-to-date symlink: /home/abdallah/Projects/ros2_ws/src/machathon5.00/install/prius_description/share/prius_description/meshes/Hybrid.png
-- Up-to-date symlink: /home/abdallah/Projects/ros2_ws/src/machathon5.00/install/prius_description/share/prius_description/meshes/Hybrid_Interior.png
-- Up-to-date symlink: /home/abdallah/Projects/ros2_ws/src/machathon5.00/install/prius_description/share/prius_description/meshes/Wheels3.png
-- Up-to-date symlink: /home/abdallah/Projects/ros2_ws/src/machathon5.00/install/prius_description/share/prius_description/meshes/hybrid_body.mtl
-- Up-to-date symlink: /home/abdallah/Projects/ros2_ws/src/machathon5.00/install/prius_description/share/prius_description/meshes/hybrid_body.obj
-- Up-to-date symlink: /home/abdallah/Projects/ros2_ws/src/machathon5.00/install/prius_description/share/prius_description/meshes/model.config
-- Up-to-date symlink: /home/abdallah/Projects/ros2_ws/src/machathon5.00/install/prius_description/share/prius_description/meshes/steering_wheel.mtl
-- Up-to-date symlink: /home/abdallah/Projects/ros2_ws/src/machathon5.00/install/prius_description/share/prius_description/meshes/steering_wheel.obj
-- Up-to-date symlink: /home/abdallah/Projects/ros2_ws/src/machathon5.00/install/prius_description/share/prius_description/meshes/wheel.mtl
-- Up-to-date symlink: /home/abdallah/Projects/ros2_ws/src/machathon5.00/install/prius_description/share/prius_description/meshes/wheel.obj
-- Up-to-date symlink: /home/abdallah/Projects/ros2_ws/src/machathon5.00/install/prius_description/share/prius_description/urdf/prius.urdf
-- Up-to-date symlink: /home/abdallah/Projects/ros2_ws/src/machathon5.00/install/prius_description/share/prius_description/model.config
-- Up-to-date symlink: /home/abdallah/Projects/ros2_ws/src/machathon5.00/install/prius_description/share/ament_index/resource_index/package_run_dependencies/prius_description
-- Up-to-date symlink: /home/abdallah/Projects/ros2_ws/src/machathon5.00/install/prius_description/share/ament_index/resource_index/parent_prefix_path/prius_description
-- Up-to-date symlink: /home/abdallah/Projects/ros2_ws/src/machathon5.00/install/prius_description/share/prius_description/environment/ament_prefix_path.sh
-- Up-to-date symlink: /home/abdallah/Projects/ros2_ws/src/machathon5.00/install/prius_description/share/prius_description/environment/ament_prefix_path.dsv
-- Up-to-date symlink: /home/abdallah/Projects/ros2_ws/src/machathon5.00/install/prius_description/share/prius_description/environment/path.sh
-- Up-to-date symlink: /home/abdallah/Projects/ros2_ws/src/machathon5.00/install/prius_description/share/prius_description/environment/path.dsv
-- Up-to-date symlink: /home/abdallah/Projects/ros2_ws/src/machathon5.00/install/prius_description/share/prius_description/local_setup.bash
-- Up-to-date symlink: /home/abdallah/Projects/ros2_ws/src/machathon5.00/install/prius_description/share/prius_description/local_setup.sh
-- Up-to-date symlink: /home/abdallah/Projects/ros2_ws/src/machathon5.00/install/prius_description/share/prius_description/local_setup.zsh
-- Up-to-date symlink: /home/abdallah/Projects/ros2_ws/src/machathon5.00/install/prius_description/share/prius_description/local_setup.dsv
-- Symlinking: /home/abdallah/Projects/ros2_ws/src/machathon5.00/install/prius_description/share/prius_description/package.dsv
-- Up-to-date symlink: /home/abdallah/Projects/ros2_ws/src/machathon5.00/install/prius_description/share/ament_index/resource_index/packages/prius_description
-- Up-to-date symlink: /home/abdallah/Projects/ros2_ws/src/machathon5.00/install/prius_description/share/prius_description/cmake/prius_descriptionConfig.cmake
-- Up-to-date symlink: /home/abdallah/Projects/ros2_ws/src/machathon5.00/install/prius_description/share/prius_description/cmake/prius_descriptionConfig-version.cmake
-- Up-to-date symlink: /home/abdallah/Projects/ros2_ws/src/machathon5.00/install/prius_description/share/prius_description/package.xml
