[0.115s] Invoking command in '/home/abdallah/Projects/ros2_ws/src/machathon5.00/build/prius_description': CMAKE_PREFIX_PATH=${CMAKE_PREFIX_PATH}:/opt/ros/humble /usr/bin/cmake /home/abdallah/Projects/ros2_ws/src/machathon5.00/prius_description -DAMENT_CMAKE_SYMLINK_INSTALL=1 -DCMAKE_INSTALL_PREFIX=/home/abdallah/Projects/ros2_ws/src/machathon5.00/install/prius_description
[0.262s] -- The C compiler identification is GNU 11.4.0
[0.350s] -- The CXX compiler identification is GNU 11.4.0
[0.362s] -- Detecting C compiler ABI info
[0.441s] -- Detecting C compiler ABI info - done
[0.447s] -- Check for working C compiler: /usr/bin/cc - skipped
[0.450s] -- Detecting C compile features
[0.451s] -- Detecting C compile features - done
[0.454s] -- Detecting CXX compiler ABI info
[0.542s] -- Detecting CXX compiler ABI info - done
[0.552s] -- Check for working CXX compiler: /usr/bin/c++ - skipped
[0.552s] -- Detecting CXX compile features
[0.552s] -- Detecting CXX compile features - done
[0.555s] -- Found ament_cmake: 1.3.7 (/opt/ros/humble/share/ament_cmake/cmake)
[0.717s] -- Found Python3: /usr/bin/python3.10 (found version "3.10.12") found components: Interpreter 
[0.773s] -- Override CMake install command with custom implementation using symlinks instead of copying resources
[0.814s] -- Found xacro: 2.0.8 (/opt/ros/humble/share/xacro/cmake)
[0.895s] -- Configuring done
[0.898s] -- Generating done
[0.899s] -- Build files have been written to: /home/abdallah/Projects/ros2_ws/src/machathon5.00/build/prius_description
[0.904s] Invoked command in '/home/abdallah/Projects/ros2_ws/src/machathon5.00/build/prius_description' returned '0': CMAKE_PREFIX_PATH=${CMAKE_PREFIX_PATH}:/opt/ros/humble /usr/bin/cmake /home/abdallah/Projects/ros2_ws/src/machathon5.00/prius_description -DAMENT_CMAKE_SYMLINK_INSTALL=1 -DCMAKE_INSTALL_PREFIX=/home/abdallah/Projects/ros2_ws/src/machathon5.00/install/prius_description
[0.906s] Invoking command in '/home/abdallah/Projects/ros2_ws/src/machathon5.00/build/prius_description': CMAKE_PREFIX_PATH=${CMAKE_PREFIX_PATH}:/opt/ros/humble /usr/bin/cmake --build /home/abdallah/Projects/ros2_ws/src/machathon5.00/build/prius_description -- -j12 -l12
[0.951s] Invoked command in '/home/abdallah/Projects/ros2_ws/src/machathon5.00/build/prius_description' returned '0': CMAKE_PREFIX_PATH=${CMAKE_PREFIX_PATH}:/opt/ros/humble /usr/bin/cmake --build /home/abdallah/Projects/ros2_ws/src/machathon5.00/build/prius_description -- -j12 -l12
[0.990s] Invoking command in '/home/abdallah/Projects/ros2_ws/src/machathon5.00/build/prius_description': CMAKE_PREFIX_PATH=${CMAKE_PREFIX_PATH}:/opt/ros/humble /usr/bin/cmake --install /home/abdallah/Projects/ros2_ws/src/machathon5.00/build/prius_description
[0.999s] -- Install configuration: ""
[0.999s] -- Execute custom install script
[0.999s] -- Symlinking: /home/abdallah/Projects/ros2_ws/src/machathon5.00/install/prius_description/share/prius_description/environment/gazebo_envs.sh
[1.011s] -- Symlinking: /home/abdallah/Projects/ros2_ws/src/machathon5.00/install/prius_description/share/prius_description/meshes/Hybrid.png
[1.023s] -- Symlinking: /home/abdallah/Projects/ros2_ws/src/machathon5.00/install/prius_description/share/prius_description/meshes/Hybrid_Interior.png
[1.035s] -- Symlinking: /home/abdallah/Projects/ros2_ws/src/machathon5.00/install/prius_description/share/prius_description/meshes/Wheels3.png
[1.047s] -- Symlinking: /home/abdallah/Projects/ros2_ws/src/machathon5.00/install/prius_description/share/prius_description/meshes/hybrid_body.mtl
[1.058s] -- Symlinking: /home/abdallah/Projects/ros2_ws/src/machathon5.00/install/prius_description/share/prius_description/meshes/hybrid_body.obj
[1.069s] -- Symlinking: /home/abdallah/Projects/ros2_ws/src/machathon5.00/install/prius_description/share/prius_description/meshes/model.config
[1.080s] -- Symlinking: /home/abdallah/Projects/ros2_ws/src/machathon5.00/install/prius_description/share/prius_description/meshes/steering_wheel.mtl
[1.090s] -- Symlinking: /home/abdallah/Projects/ros2_ws/src/machathon5.00/install/prius_description/share/prius_description/meshes/steering_wheel.obj
[1.102s] -- Symlinking: /home/abdallah/Projects/ros2_ws/src/machathon5.00/install/prius_description/share/prius_description/meshes/wheel.mtl
[1.113s] -- Symlinking: /home/abdallah/Projects/ros2_ws/src/machathon5.00/install/prius_description/share/prius_description/meshes/wheel.obj
[1.124s] -- Symlinking: /home/abdallah/Projects/ros2_ws/src/machathon5.00/install/prius_description/share/prius_description/urdf/prius.urdf
[1.134s] -- Symlinking: /home/abdallah/Projects/ros2_ws/src/machathon5.00/install/prius_description/share/prius_description/model.config
[1.146s] -- Symlinking: /home/abdallah/Projects/ros2_ws/src/machathon5.00/install/prius_description/share/ament_index/resource_index/package_run_dependencies/prius_description
[1.157s] -- Symlinking: /home/abdallah/Projects/ros2_ws/src/machathon5.00/install/prius_description/share/ament_index/resource_index/parent_prefix_path/prius_description
[1.167s] -- Symlinking: /home/abdallah/Projects/ros2_ws/src/machathon5.00/install/prius_description/share/prius_description/environment/ament_prefix_path.sh
[1.178s] -- Symlinking: /home/abdallah/Projects/ros2_ws/src/machathon5.00/install/prius_description/share/prius_description/environment/ament_prefix_path.dsv
[1.189s] -- Symlinking: /home/abdallah/Projects/ros2_ws/src/machathon5.00/install/prius_description/share/prius_description/environment/path.sh
[1.201s] -- Symlinking: /home/abdallah/Projects/ros2_ws/src/machathon5.00/install/prius_description/share/prius_description/environment/path.dsv
[1.212s] -- Symlinking: /home/abdallah/Projects/ros2_ws/src/machathon5.00/install/prius_description/share/prius_description/local_setup.bash
[1.224s] -- Symlinking: /home/abdallah/Projects/ros2_ws/src/machathon5.00/install/prius_description/share/prius_description/local_setup.sh
[1.236s] -- Symlinking: /home/abdallah/Projects/ros2_ws/src/machathon5.00/install/prius_description/share/prius_description/local_setup.zsh
[1.249s] -- Symlinking: /home/abdallah/Projects/ros2_ws/src/machathon5.00/install/prius_description/share/prius_description/local_setup.dsv
[1.261s] -- Symlinking: /home/abdallah/Projects/ros2_ws/src/machathon5.00/install/prius_description/share/prius_description/package.dsv
[1.274s] -- Symlinking: /home/abdallah/Projects/ros2_ws/src/machathon5.00/install/prius_description/share/ament_index/resource_index/packages/prius_description
[1.286s] -- Symlinking: /home/abdallah/Projects/ros2_ws/src/machathon5.00/install/prius_description/share/prius_description/cmake/prius_descriptionConfig.cmake
[1.296s] -- Symlinking: /home/abdallah/Projects/ros2_ws/src/machathon5.00/install/prius_description/share/prius_description/cmake/prius_descriptionConfig-version.cmake
[1.307s] -- Symlinking: /home/abdallah/Projects/ros2_ws/src/machathon5.00/install/prius_description/share/prius_description/package.xml
[1.320s] Invoked command in '/home/abdallah/Projects/ros2_ws/src/machathon5.00/build/prius_description' returned '0': CMAKE_PREFIX_PATH=${CMAKE_PREFIX_PATH}:/opt/ros/humble /usr/bin/cmake --install /home/abdallah/Projects/ros2_ws/src/machathon5.00/build/prius_description
