[0.056s] Invoking command in '/home/abdallah/Projects/ros2_ws/src/machathon5.00/build/prius_msgs': CMAKE_PREFIX_PATH=${CMAKE_PREFIX_PATH}:/opt/ros/humble /usr/bin/cmake --build /home/abdallah/Projects/ros2_ws/src/machathon5.00/build/prius_msgs -- -j12 -l12
[0.125s] [35m[1mConsolidate compiler generated dependencies of target prius_msgs__rosidl_generator_c[0m
[0.137s] [  3%] Built target prius_msgs__cpp
[0.144s] [ 12%] Built target prius_msgs__rosidl_generator_c
[0.146s] [ 12%] Built target ament_cmake_python_symlink_prius_msgs
[0.152s] [35m[1mConsolidate compiler generated dependencies of target prius_msgs__rosidl_typesupport_cpp[0m
[0.164s] [35m[1mConsolidate compiler generated dependencies of target prius_msgs__rosidl_typesupport_fastrtps_cpp[0m
[0.164s] [35m[1mConsolidate compiler generated dependencies of target prius_msgs__rosidl_typesupport_fastrtps_c[0m
[0.165s] [35m[1mConsolidate compiler generated dependencies of target prius_msgs__rosidl_typesupport_introspection_c[0m
[0.166s] [35m[1mConsolidate compiler generated dependencies of target prius_msgs__rosidl_typesupport_c[0m
[0.166s] [35m[1mConsolidate compiler generated dependencies of target prius_msgs__rosidl_typesupport_introspection_cpp[0m
[0.179s] [ 22%] Built target prius_msgs__rosidl_typesupport_cpp
[0.182s] [ 41%] Built target prius_msgs__rosidl_typesupport_c
[0.182s] [ 41%] Built target prius_msgs__rosidl_typesupport_introspection_c
[0.183s] [ 51%] Built target prius_msgs__rosidl_typesupport_fastrtps_c
[0.184s] [ 61%] Built target prius_msgs__rosidl_typesupport_fastrtps_cpp
[0.187s] [ 70%] Built target prius_msgs__rosidl_typesupport_introspection_cpp
[0.209s] [ 70%] Built target prius_msgs
[0.233s] [ 74%] Built target prius_msgs__py
[0.244s] [35m[1mConsolidate compiler generated dependencies of target prius_msgs__rosidl_generator_py[0m
[0.262s] [ 80%] Built target prius_msgs__rosidl_generator_py
[0.275s] [35m[1mConsolidate compiler generated dependencies of target prius_msgs__rosidl_typesupport_introspection_c__pyext[0m
[0.276s] [35m[1mConsolidate compiler generated dependencies of target prius_msgs__rosidl_typesupport_c__pyext[0m
[0.276s] [35m[1mConsolidate compiler generated dependencies of target prius_msgs__rosidl_typesupport_fastrtps_c__pyext[0m
[0.291s] [ 93%] Built target prius_msgs__rosidl_typesupport_fastrtps_c__pyext
[0.291s] [ 93%] Built target prius_msgs__rosidl_typesupport_introspection_c__pyext
[0.293s] [100%] Built target prius_msgs__rosidl_typesupport_c__pyext
[0.375s] running egg_info
[0.376s] writing prius_msgs.egg-info/PKG-INFO
[0.376s] writing dependency_links to prius_msgs.egg-info/dependency_links.txt
[0.376s] writing top-level names to prius_msgs.egg-info/top_level.txt
[0.381s] reading manifest file 'prius_msgs.egg-info/SOURCES.txt'
[0.388s] writing manifest file 'prius_msgs.egg-info/SOURCES.txt'
[0.415s] [100%] Built target ament_cmake_python_build_prius_msgs_egg
[0.428s] Invoked command in '/home/abdallah/Projects/ros2_ws/src/machathon5.00/build/prius_msgs' returned '0': CMAKE_PREFIX_PATH=${CMAKE_PREFIX_PATH}:/opt/ros/humble /usr/bin/cmake --build /home/abdallah/Projects/ros2_ws/src/machathon5.00/build/prius_msgs -- -j12 -l12
[0.492s] Invoking command in '/home/abdallah/Projects/ros2_ws/src/machathon5.00/build/prius_msgs': CMAKE_PREFIX_PATH=${CMAKE_PREFIX_PATH}:/opt/ros/humble /usr/bin/cmake --install /home/abdallah/Projects/ros2_ws/src/machathon5.00/build/prius_msgs
[0.500s] -- Install configuration: ""
[0.500s] -- Execute custom install script
[0.500s] -- Up-to-date symlink: /home/abdallah/Projects/ros2_ws/src/machathon5.00/install/prius_msgs/share/ament_index/resource_index/rosidl_interfaces/prius_msgs
[0.501s] -- Up-to-date symlink: /home/abdallah/Projects/ros2_ws/src/machathon5.00/install/prius_msgs/include/prius_msgs/prius_msgs/msg/control.h
[0.501s] -- Up-to-date symlink: /home/abdallah/Projects/ros2_ws/src/machathon5.00/install/prius_msgs/include/prius_msgs/prius_msgs/msg/detail/control__functions.h
[0.501s] -- Up-to-date symlink: /home/abdallah/Projects/ros2_ws/src/machathon5.00/install/prius_msgs/include/prius_msgs/prius_msgs/msg/detail/control__struct.h
[0.501s] -- Up-to-date symlink: /home/abdallah/Projects/ros2_ws/src/machathon5.00/install/prius_msgs/include/prius_msgs/prius_msgs/msg/detail/control__type_support.h
[0.501s] -- Up-to-date symlink: /home/abdallah/Projects/ros2_ws/src/machathon5.00/install/prius_msgs/include/prius_msgs/prius_msgs/msg/rosidl_generator_c__visibility_control.h
[0.501s] -- Up-to-date symlink: /home/abdallah/Projects/ros2_ws/src/machathon5.00/install/prius_msgs/share/prius_msgs/environment/library_path.sh
[0.502s] -- Up-to-date symlink: /home/abdallah/Projects/ros2_ws/src/machathon5.00/install/prius_msgs/share/prius_msgs/environment/library_path.dsv
[0.502s] -- Up-to-date symlink: /home/abdallah/Projects/ros2_ws/src/machathon5.00/install/prius_msgs/include/prius_msgs/prius_msgs/msg/detail/control__rosidl_typesupport_fastrtps_c.h
[0.502s] -- Up-to-date symlink: /home/abdallah/Projects/ros2_ws/src/machathon5.00/install/prius_msgs/include/prius_msgs/prius_msgs/msg/rosidl_typesupport_fastrtps_c__visibility_control.h
[0.502s] -- Up-to-date symlink: /home/abdallah/Projects/ros2_ws/src/machathon5.00/install/prius_msgs/include/prius_msgs/prius_msgs/msg/control.hpp
[0.503s] -- Up-to-date symlink: /home/abdallah/Projects/ros2_ws/src/machathon5.00/install/prius_msgs/include/prius_msgs/prius_msgs/msg/detail/control__builder.hpp
[0.503s] -- Up-to-date symlink: /home/abdallah/Projects/ros2_ws/src/machathon5.00/install/prius_msgs/include/prius_msgs/prius_msgs/msg/detail/control__struct.hpp
[0.503s] -- Up-to-date symlink: /home/abdallah/Projects/ros2_ws/src/machathon5.00/install/prius_msgs/include/prius_msgs/prius_msgs/msg/detail/control__traits.hpp
[0.503s] -- Up-to-date symlink: /home/abdallah/Projects/ros2_ws/src/machathon5.00/install/prius_msgs/include/prius_msgs/prius_msgs/msg/detail/control__rosidl_typesupport_fastrtps_cpp.hpp
[0.503s] -- Up-to-date symlink: /home/abdallah/Projects/ros2_ws/src/machathon5.00/install/prius_msgs/include/prius_msgs/prius_msgs/msg/rosidl_typesupport_fastrtps_cpp__visibility_control.h
[0.504s] -- Up-to-date symlink: /home/abdallah/Projects/ros2_ws/src/machathon5.00/install/prius_msgs/include/prius_msgs/prius_msgs/msg/detail/control__rosidl_typesupport_introspection_c.h
[0.504s] -- Up-to-date symlink: /home/abdallah/Projects/ros2_ws/src/machathon5.00/install/prius_msgs/include/prius_msgs/prius_msgs/msg/rosidl_typesupport_introspection_c__visibility_control.h
[0.504s] -- Up-to-date symlink: /home/abdallah/Projects/ros2_ws/src/machathon5.00/install/prius_msgs/include/prius_msgs/prius_msgs/msg/detail/control__rosidl_typesupport_introspection_cpp.hpp
[0.504s] -- Up-to-date symlink: /home/abdallah/Projects/ros2_ws/src/machathon5.00/install/prius_msgs/share/prius_msgs/environment/pythonpath.sh
[0.504s] -- Up-to-date symlink: /home/abdallah/Projects/ros2_ws/src/machathon5.00/install/prius_msgs/share/prius_msgs/environment/pythonpath.dsv
[0.505s] -- Up-to-date symlink: /home/abdallah/Projects/ros2_ws/src/machathon5.00/install/prius_msgs/local/lib/python3.10/dist-packages/prius_msgs-0.0.1-py3.10.egg-info/PKG-INFO
[0.505s] -- Up-to-date symlink: /home/abdallah/Projects/ros2_ws/src/machathon5.00/install/prius_msgs/local/lib/python3.10/dist-packages/prius_msgs-0.0.1-py3.10.egg-info/SOURCES.txt
[0.505s] -- Up-to-date symlink: /home/abdallah/Projects/ros2_ws/src/machathon5.00/install/prius_msgs/local/lib/python3.10/dist-packages/prius_msgs-0.0.1-py3.10.egg-info/dependency_links.txt
[0.505s] -- Up-to-date symlink: /home/abdallah/Projects/ros2_ws/src/machathon5.00/install/prius_msgs/local/lib/python3.10/dist-packages/prius_msgs-0.0.1-py3.10.egg-info/top_level.txt
[0.505s] -- Up-to-date symlink: /home/abdallah/Projects/ros2_ws/src/machathon5.00/install/prius_msgs/local/lib/python3.10/dist-packages/prius_msgs/__init__.py
[0.506s] -- Up-to-date symlink: /home/abdallah/Projects/ros2_ws/src/machathon5.00/install/prius_msgs/local/lib/python3.10/dist-packages/prius_msgs/_prius_msgs_s.ep.rosidl_typesupport_c.c
[0.506s] -- Up-to-date symlink: /home/abdallah/Projects/ros2_ws/src/machathon5.00/install/prius_msgs/local/lib/python3.10/dist-packages/prius_msgs/_prius_msgs_s.ep.rosidl_typesupport_fastrtps_c.c
[0.506s] -- Up-to-date symlink: /home/abdallah/Projects/ros2_ws/src/machathon5.00/install/prius_msgs/local/lib/python3.10/dist-packages/prius_msgs/_prius_msgs_s.ep.rosidl_typesupport_introspection_c.c
[0.506s] -- Up-to-date symlink: /home/abdallah/Projects/ros2_ws/src/machathon5.00/install/prius_msgs/local/lib/python3.10/dist-packages/prius_msgs/libprius_msgs__rosidl_generator_py.so
[0.506s] -- Up-to-date symlink: /home/abdallah/Projects/ros2_ws/src/machathon5.00/install/prius_msgs/local/lib/python3.10/dist-packages/prius_msgs/msg/__init__.py
[0.506s] -- Up-to-date symlink: /home/abdallah/Projects/ros2_ws/src/machathon5.00/install/prius_msgs/local/lib/python3.10/dist-packages/prius_msgs/msg/_control.py
[0.506s] -- Up-to-date symlink: /home/abdallah/Projects/ros2_ws/src/machathon5.00/install/prius_msgs/local/lib/python3.10/dist-packages/prius_msgs/msg/_control_s.c
[0.507s] -- Up-to-date symlink: /home/abdallah/Projects/ros2_ws/src/machathon5.00/install/prius_msgs/local/lib/python3.10/dist-packages/prius_msgs/prius_msgs_s__rosidl_typesupport_c.cpython-310-x86_64-linux-gnu.so
[0.507s] -- Up-to-date symlink: /home/abdallah/Projects/ros2_ws/src/machathon5.00/install/prius_msgs/local/lib/python3.10/dist-packages/prius_msgs/prius_msgs_s__rosidl_typesupport_fastrtps_c.cpython-310-x86_64-linux-gnu.so
[0.507s] -- Up-to-date symlink: /home/abdallah/Projects/ros2_ws/src/machathon5.00/install/prius_msgs/local/lib/python3.10/dist-packages/prius_msgs/prius_msgs_s__rosidl_typesupport_introspection_c.cpython-310-x86_64-linux-gnu.so
[0.507s] -- Up-to-date symlink: /home/abdallah/Projects/ros2_ws/src/machathon5.00/install/prius_msgs/local/lib/python3.10/dist-packages/prius_msgs/prius_msgs_s__rosidl_typesupport_fastrtps_c.cpython-310-x86_64-linux-gnu.so
[0.507s] -- Up-to-date symlink: /home/abdallah/Projects/ros2_ws/src/machathon5.00/install/prius_msgs/local/lib/python3.10/dist-packages/prius_msgs/prius_msgs_s__rosidl_typesupport_introspection_c.cpython-310-x86_64-linux-gnu.so
[0.508s] -- Up-to-date symlink: /home/abdallah/Projects/ros2_ws/src/machathon5.00/install/prius_msgs/local/lib/python3.10/dist-packages/prius_msgs/prius_msgs_s__rosidl_typesupport_c.cpython-310-x86_64-linux-gnu.so
[0.508s] -- Up-to-date symlink: /home/abdallah/Projects/ros2_ws/src/machathon5.00/install/prius_msgs/share/prius_msgs/msg/Control.idl
[0.508s] -- Up-to-date symlink: /home/abdallah/Projects/ros2_ws/src/machathon5.00/install/prius_msgs/share/prius_msgs/msg/Control.msg
[0.508s] -- Up-to-date symlink: /home/abdallah/Projects/ros2_ws/src/machathon5.00/install/prius_msgs/share/ament_index/resource_index/package_run_dependencies/prius_msgs
[0.508s] -- Up-to-date symlink: /home/abdallah/Projects/ros2_ws/src/machathon5.00/install/prius_msgs/share/ament_index/resource_index/parent_prefix_path/prius_msgs
[0.509s] -- Up-to-date symlink: /home/abdallah/Projects/ros2_ws/src/machathon5.00/install/prius_msgs/share/prius_msgs/environment/ament_prefix_path.sh
[0.509s] -- Up-to-date symlink: /home/abdallah/Projects/ros2_ws/src/machathon5.00/install/prius_msgs/share/prius_msgs/environment/ament_prefix_path.dsv
[0.509s] -- Up-to-date symlink: /home/abdallah/Projects/ros2_ws/src/machathon5.00/install/prius_msgs/share/prius_msgs/environment/path.sh
[0.509s] -- Up-to-date symlink: /home/abdallah/Projects/ros2_ws/src/machathon5.00/install/prius_msgs/share/prius_msgs/environment/path.dsv
[0.509s] -- Up-to-date symlink: /home/abdallah/Projects/ros2_ws/src/machathon5.00/install/prius_msgs/share/prius_msgs/local_setup.bash
[0.509s] -- Up-to-date symlink: /home/abdallah/Projects/ros2_ws/src/machathon5.00/install/prius_msgs/share/prius_msgs/local_setup.sh
[0.509s] -- Up-to-date symlink: /home/abdallah/Projects/ros2_ws/src/machathon5.00/install/prius_msgs/share/prius_msgs/local_setup.zsh
[0.510s] -- Up-to-date symlink: /home/abdallah/Projects/ros2_ws/src/machathon5.00/install/prius_msgs/share/prius_msgs/local_setup.dsv
[0.510s] -- Symlinking: /home/abdallah/Projects/ros2_ws/src/machathon5.00/install/prius_msgs/share/prius_msgs/package.dsv
[0.519s] -- Up-to-date symlink: /home/abdallah/Projects/ros2_ws/src/machathon5.00/install/prius_msgs/share/ament_index/resource_index/packages/prius_msgs
[0.519s] -- Up-to-date symlink: /home/abdallah/Projects/ros2_ws/src/machathon5.00/install/prius_msgs/share/prius_msgs/cmake/rosidl_cmake-extras.cmake
[0.519s] -- Up-to-date symlink: /home/abdallah/Projects/ros2_ws/src/machathon5.00/install/prius_msgs/share/prius_msgs/cmake/ament_cmake_export_dependencies-extras.cmake
[0.519s] -- Up-to-date symlink: /home/abdallah/Projects/ros2_ws/src/machathon5.00/install/prius_msgs/share/prius_msgs/cmake/ament_cmake_export_include_directories-extras.cmake
[0.520s] -- Up-to-date symlink: /home/abdallah/Projects/ros2_ws/src/machathon5.00/install/prius_msgs/share/prius_msgs/cmake/ament_cmake_export_libraries-extras.cmake
[0.520s] -- Up-to-date symlink: /home/abdallah/Projects/ros2_ws/src/machathon5.00/install/prius_msgs/share/prius_msgs/cmake/ament_cmake_export_targets-extras.cmake
[0.520s] -- Up-to-date symlink: /home/abdallah/Projects/ros2_ws/src/machathon5.00/install/prius_msgs/share/prius_msgs/cmake/rosidl_cmake_export_typesupport_targets-extras.cmake
[0.520s] -- Up-to-date symlink: /home/abdallah/Projects/ros2_ws/src/machathon5.00/install/prius_msgs/share/prius_msgs/cmake/rosidl_cmake_export_typesupport_libraries-extras.cmake
[0.520s] -- Up-to-date symlink: /home/abdallah/Projects/ros2_ws/src/machathon5.00/install/prius_msgs/share/prius_msgs/cmake/prius_msgsConfig.cmake
[0.520s] -- Up-to-date symlink: /home/abdallah/Projects/ros2_ws/src/machathon5.00/install/prius_msgs/share/prius_msgs/cmake/prius_msgsConfig-version.cmake
[0.520s] -- Up-to-date symlink: /home/abdallah/Projects/ros2_ws/src/machathon5.00/install/prius_msgs/share/prius_msgs/package.xml
[0.521s] -- Up-to-date: /home/abdallah/Projects/ros2_ws/src/machathon5.00/install/prius_msgs/lib/libprius_msgs__rosidl_generator_c.so
[0.521s] -- Up-to-date: /home/abdallah/Projects/ros2_ws/src/machathon5.00/install/prius_msgs/lib/libprius_msgs__rosidl_typesupport_fastrtps_c.so
[0.521s] -- Up-to-date: /home/abdallah/Projects/ros2_ws/src/machathon5.00/install/prius_msgs/lib/libprius_msgs__rosidl_typesupport_fastrtps_cpp.so
[0.522s] -- Up-to-date: /home/abdallah/Projects/ros2_ws/src/machathon5.00/install/prius_msgs/lib/libprius_msgs__rosidl_typesupport_introspection_c.so
[0.522s] -- Up-to-date: /home/abdallah/Projects/ros2_ws/src/machathon5.00/install/prius_msgs/lib/libprius_msgs__rosidl_typesupport_c.so
[0.523s] -- Up-to-date: /home/abdallah/Projects/ros2_ws/src/machathon5.00/install/prius_msgs/lib/libprius_msgs__rosidl_typesupport_introspection_cpp.so
[0.523s] -- Up-to-date: /home/abdallah/Projects/ros2_ws/src/machathon5.00/install/prius_msgs/lib/libprius_msgs__rosidl_typesupport_cpp.so
[0.548s] Listing '/home/abdallah/Projects/ros2_ws/src/machathon5.00/install/prius_msgs/local/lib/python3.10/dist-packages/prius_msgs'...
[0.548s] Listing '/home/abdallah/Projects/ros2_ws/src/machathon5.00/install/prius_msgs/local/lib/python3.10/dist-packages/prius_msgs/msg'...
[0.552s] -- Up-to-date: /home/abdallah/Projects/ros2_ws/src/machathon5.00/install/prius_msgs/lib/libprius_msgs__rosidl_generator_py.so
[0.553s] -- Up-to-date: /home/abdallah/Projects/ros2_ws/src/machathon5.00/install/prius_msgs/share/prius_msgs/cmake/export_prius_msgs__rosidl_generator_cExport.cmake
[0.553s] -- Up-to-date: /home/abdallah/Projects/ros2_ws/src/machathon5.00/install/prius_msgs/share/prius_msgs/cmake/export_prius_msgs__rosidl_generator_cExport-noconfig.cmake
[0.553s] -- Up-to-date: /home/abdallah/Projects/ros2_ws/src/machathon5.00/install/prius_msgs/share/prius_msgs/cmake/export_prius_msgs__rosidl_typesupport_fastrtps_cExport.cmake
[0.553s] -- Up-to-date: /home/abdallah/Projects/ros2_ws/src/machathon5.00/install/prius_msgs/share/prius_msgs/cmake/export_prius_msgs__rosidl_typesupport_fastrtps_cExport-noconfig.cmake
[0.553s] -- Up-to-date: /home/abdallah/Projects/ros2_ws/src/machathon5.00/install/prius_msgs/share/prius_msgs/cmake/export_prius_msgs__rosidl_generator_cppExport.cmake
[0.553s] -- Up-to-date: /home/abdallah/Projects/ros2_ws/src/machathon5.00/install/prius_msgs/share/prius_msgs/cmake/export_prius_msgs__rosidl_typesupport_fastrtps_cppExport.cmake
[0.554s] -- Up-to-date: /home/abdallah/Projects/ros2_ws/src/machathon5.00/install/prius_msgs/share/prius_msgs/cmake/export_prius_msgs__rosidl_typesupport_fastrtps_cppExport-noconfig.cmake
[0.554s] -- Up-to-date: /home/abdallah/Projects/ros2_ws/src/machathon5.00/install/prius_msgs/share/prius_msgs/cmake/prius_msgs__rosidl_typesupport_introspection_cExport.cmake
[0.554s] -- Up-to-date: /home/abdallah/Projects/ros2_ws/src/machathon5.00/install/prius_msgs/share/prius_msgs/cmake/prius_msgs__rosidl_typesupport_introspection_cExport-noconfig.cmake
[0.554s] -- Up-to-date: /home/abdallah/Projects/ros2_ws/src/machathon5.00/install/prius_msgs/share/prius_msgs/cmake/prius_msgs__rosidl_typesupport_cExport.cmake
[0.554s] -- Up-to-date: /home/abdallah/Projects/ros2_ws/src/machathon5.00/install/prius_msgs/share/prius_msgs/cmake/prius_msgs__rosidl_typesupport_cExport-noconfig.cmake
[0.554s] -- Up-to-date: /home/abdallah/Projects/ros2_ws/src/machathon5.00/install/prius_msgs/share/prius_msgs/cmake/prius_msgs__rosidl_typesupport_introspection_cppExport.cmake
[0.554s] -- Up-to-date: /home/abdallah/Projects/ros2_ws/src/machathon5.00/install/prius_msgs/share/prius_msgs/cmake/prius_msgs__rosidl_typesupport_introspection_cppExport-noconfig.cmake
[0.555s] -- Up-to-date: /home/abdallah/Projects/ros2_ws/src/machathon5.00/install/prius_msgs/share/prius_msgs/cmake/prius_msgs__rosidl_typesupport_cppExport.cmake
[0.555s] -- Up-to-date: /home/abdallah/Projects/ros2_ws/src/machathon5.00/install/prius_msgs/share/prius_msgs/cmake/prius_msgs__rosidl_typesupport_cppExport-noconfig.cmake
[0.555s] -- Up-to-date: /home/abdallah/Projects/ros2_ws/src/machathon5.00/install/prius_msgs/share/prius_msgs/cmake/export_prius_msgs__rosidl_generator_pyExport.cmake
[0.555s] -- Up-to-date: /home/abdallah/Projects/ros2_ws/src/machathon5.00/install/prius_msgs/share/prius_msgs/cmake/export_prius_msgs__rosidl_generator_pyExport-noconfig.cmake
[0.558s] Invoked command in '/home/abdallah/Projects/ros2_ws/src/machathon5.00/build/prius_msgs' returned '0': CMAKE_PREFIX_PATH=${CMAKE_PREFIX_PATH}:/opt/ros/humble /usr/bin/cmake --install /home/abdallah/Projects/ros2_ws/src/machathon5.00/build/prius_msgs
