-- The C compiler identification is GNU 11.4.0
-- The CXX compiler identification is GNU 11.4.0
-- Detecting C compiler ABI info
-- Detecting C compiler ABI info - done
-- Check for working C compiler: /usr/bin/cc - skipped
-- Detecting C compile features
-- Detecting C compile features - done
-- Detecting CXX compiler ABI info
-- Detecting CXX compiler ABI info - done
-- Check for working CXX compiler: /usr/bin/c++ - skipped
-- Detecting CXX compile features
-- Detecting CXX compile features - done
-- Found ament_cmake: 1.3.7 (/opt/ros/humble/share/ament_cmake/cmake)
-- Found Python3: /usr/bin/python3.10 (found version "3.10.12") found components: Interpreter 
-- Override CMake install command with custom implementation using symlinks instead of copying resources
-- Found rclcpp: 16.0.8 (/opt/ros/humble/share/rclcpp/cmake)
-- Found rosidl_generator_c: 3.1.5 (/opt/ros/humble/share/rosidl_generator_c/cmake)
-- Found rosidl_adapter: 3.1.5 (/opt/ros/humble/share/rosidl_adapter/cmake)
-- Found rosidl_generator_cpp: 3.1.5 (/opt/ros/humble/share/rosidl_generator_cpp/cmake)
-- Using all available rosidl_typesupport_c: rosidl_typesupport_fastrtps_c;rosidl_typesupport_introspection_c
-- Using all available rosidl_typesupport_cpp: rosidl_typesupport_fastrtps_cpp;rosidl_typesupport_introspection_cpp
-- Found rmw_implementation_cmake: 6.1.1 (/opt/ros/humble/share/rmw_implementation_cmake/cmake)
-- Found rmw_fastrtps_cpp: 6.2.6 (/opt/ros/humble/share/rmw_fastrtps_cpp/cmake)
-- Found OpenSSL: /usr/lib/x86_64-linux-gnu/libcrypto.so (found version "3.0.2")  
-- Found FastRTPS: /opt/ros/humble/include  
-- Using RMW implementation 'rmw_fastrtps_cpp' as default
-- Looking for pthread.h
-- Looking for pthread.h - found
-- Performing Test CMAKE_HAVE_LIBC_PTHREAD
-- Performing Test CMAKE_HAVE_LIBC_PTHREAD - Success
-- Found Threads: TRUE  
-- Found rclpy: 3.3.11 (/opt/ros/humble/share/rclpy/cmake)
-- Found gazebo_dev: 3.7.0 (/opt/ros/humble/share/gazebo_dev/cmake)
-- Found PkgConfig: /usr/bin/pkg-config (found version "0.29.2") 
-- Checking for module 'bullet>=2.82'
--   Found bullet, version 3.05
-- Found fcl: /usr/include (found suitable version "0.7.0", minimum required is "0.5.0") 
-- Found assimp: /usr/include (found version "5.2.0") 
-- Found DART: /usr/include (Required is at least version "6.6") found components: dart 
-- Found Boost: /usr/lib/x86_64-linux-gnu/cmake/Boost-1.74.0/BoostConfig.cmake (found suitable version "1.74.0", minimum required is "1.40.0") found components: thread system filesystem program_options regex iostreams date_time 
-- Found Protobuf: /usr/lib/x86_64-linux-gnu/libprotobuf.so (found version "3.12.4") 
-- Looking for ignition-math6 -- found version 6.15.1
-- Searching for dependencies of ignition-math6
-- Looking for OGRE...
-- OGRE_PREFIX_WATCH changed.
-- Checking for module 'OGRE'
--   Found OGRE, version 1.9.0
-- Found Ogre Ghadamon (1.9.0)
-- Found OGRE: optimized;/usr/lib/x86_64-linux-gnu/libOgreMain.so;debug;/usr/lib/x86_64-linux-gnu/libOgreMain.so
-- Looking for OGRE_Paging...
-- Found OGRE_Paging: optimized;/usr/lib/x86_64-linux-gnu/libOgrePaging.so;debug;/usr/lib/x86_64-linux-gnu/libOgrePaging.so
-- Looking for OGRE_Terrain...
-- Found OGRE_Terrain: optimized;/usr/lib/x86_64-linux-gnu/libOgreTerrain.so;debug;/usr/lib/x86_64-linux-gnu/libOgreTerrain.so
-- Looking for OGRE_Property...
-- Found OGRE_Property: optimized;/usr/lib/x86_64-linux-gnu/libOgreProperty.so;debug;/usr/lib/x86_64-linux-gnu/libOgreProperty.so
-- Looking for OGRE_RTShaderSystem...
-- Found OGRE_RTShaderSystem: optimized;/usr/lib/x86_64-linux-gnu/libOgreRTShaderSystem.so;debug;/usr/lib/x86_64-linux-gnu/libOgreRTShaderSystem.so
-- Looking for OGRE_Volume...
-- Found OGRE_Volume: optimized;/usr/lib/x86_64-linux-gnu/libOgreVolume.so;debug;/usr/lib/x86_64-linux-gnu/libOgreVolume.so
-- Looking for OGRE_Overlay...
-- Found OGRE_Overlay: optimized;/usr/lib/x86_64-linux-gnu/libOgreOverlay.so;debug;/usr/lib/x86_64-linux-gnu/libOgreOverlay.so
-- Looking for ignition-math6 -- found version 6.15.1
-- Looking for ignition-transport8 -- found version 8.2.1
-- Searching for dependencies of ignition-transport8
-- Found Protobuf: /usr/lib/x86_64-linux-gnu/libprotobuf.so (found suitable version "3.12.4", minimum required is "3") 
-- Config-file not installed for ZeroMQ -- checking for pkg-config
-- Checking for module 'libzmq >= 4'
--   Found libzmq , version 4.3.4
-- Found ZeroMQ: TRUE (Required is at least version "4") 
-- Checking for module 'uuid'
--   Found uuid, version 2.37.2
-- Found UUID: TRUE  
-- Looking for ignition-msgs5 -- found version 5.8.1
-- Searching for dependencies of ignition-msgs5
-- Looking for ignition-math6 -- found version 6.15.1
-- Checking for module 'tinyxml2'
--   Found tinyxml2, version 9.0.0
-- Looking for ignition-msgs5 -- found version 5.8.1
-- Looking for ignition-common3 -- found version 3.14.0
-- Searching for dependencies of ignition-common3
-- Looking for dlfcn.h - found
-- Looking for libdl - found
-- Found DL: TRUE  
-- Found tinyobjloader: /usr/lib/x86_64-linux-gnu/cmake/tinyobjloader/tinyobjloader-config.cmake (found version "2.0.0") 
-- Searching for <ignition-common3> component [graphics]
-- Looking for ignition-common3-graphics -- found version 3.14.0
-- Searching for dependencies of ignition-common3-graphics
-- Looking for ignition-math6 -- found version 6.15.1
-- Looking for ignition-fuel_tools4 -- found version 4.4.0
-- Searching for dependencies of ignition-fuel_tools4
-- Found CURL: /usr/lib/x86_64-linux-gnu/libcurl.so (found version "7.81.0")  
-- Checking for module 'jsoncpp'
--   Found jsoncpp, version 1.9.5
-- Found JSONCPP: TRUE  
-- Checking for module 'libzip'
--   Found libzip, version 1.7.3
-- Found ZIP: TRUE  
-- Looking for ignition-common3 -- found version 3.14.0
-- Looking for ignition-math6 -- found version 6.15.1
-- Looking for ignition-msgs5 -- found version 5.8.1
-- Gazebo version: 11.10
-- Checking for module 'tbb'
--   Found tbb, version 2021.5.0
-- Found gazebo_msgs: 3.7.0 (/opt/ros/humble/share/gazebo_msgs/cmake)
-- Found gazebo_ros: 3.7.0 (/opt/ros/humble/share/gazebo_ros/cmake)
-- Found prius_msgs: 0.0.1 (/home/abdallah/Projects/ros2_ws/src/machathon5.00/install/prius_msgs/share/prius_msgs/cmake)
-- Looking for ignition-math6 -- found version 6.15.1
-- Found prius_description: 0.0.1 (/home/abdallah/Projects/ros2_ws/src/machathon5.00/install/prius_description/share/prius_description/cmake)
-- Found ament_lint_auto: 0.12.10 (/opt/ros/humble/share/ament_lint_auto/cmake)
-- Found ament_cmake_gtest: 1.3.7 (/opt/ros/humble/share/ament_cmake_gtest/cmake)
-- Found gtest sources under '/opt/ros/humble/src/gtest_vendor': C++ tests using 'Google Test' will be built
-- Configuring done
-- Generating done
-- Build files have been written to: /home/abdallah/Projects/ros2_ws/src/machathon5.00/build/car_demo
[ 12%] [32mBuilding CXX object gtest/CMakeFiles/gtest.dir/src/gtest-all.cc.o[0m
[ 25%] [32mBuilding CXX object gtest/CMakeFiles/gtest_main.dir/src/gtest_main.cc.o[0m
[ 37%] [32mBuilding CXX object CMakeFiles/PriusHybridPlugin.dir/plugins/PriusHybridPlugin.cc.o[0m
[ 37%] Built target ament_cmake_python_symlink_car_demo
running egg_info
creating car_demo.egg-info
writing car_demo.egg-info/PKG-INFO
writing dependency_links to car_demo.egg-info/dependency_links.txt
writing top-level names to car_demo.egg-info/top_level.txt
writing manifest file 'car_demo.egg-info/SOURCES.txt'
reading manifest file 'car_demo.egg-info/SOURCES.txt'
writing manifest file 'car_demo.egg-info/SOURCES.txt'
[ 37%] Built target ament_cmake_python_build_car_demo_egg
[ 50%] [32m[1mLinking CXX static library libgtest_main.a[0m
[ 50%] Built target gtest_main
[ 62%] [32m[1mLinking CXX static library libgtest.a[0m
[ 62%] Built target gtest
[ 75%] [32mBuilding CXX object CMakeFiles/PriusHybridPluginTest.dir/plugins/PriusHybridPlugin.cc.o[0m
[ 87%] [32m[1mLinking CXX shared library libPriusHybridPlugin.so[0m
[ 87%] Built target PriusHybridPlugin
[100%] [32m[1mLinking CXX executable PriusHybridPluginTest[0m
[100%] Built target PriusHybridPluginTest
-- Install configuration: ""
-- Execute custom install script
-- Symlinking: /home/abdallah/Projects/ros2_ws/src/machathon5.00/install/car_demo/share/car_demo/environment/library_path.sh
-- Symlinking: /home/abdallah/Projects/ros2_ws/src/machathon5.00/install/car_demo/share/car_demo/environment/library_path.dsv
-- Symlinking: /home/abdallah/Projects/ros2_ws/src/machathon5.00/install/car_demo/share/car_demo/environment/gazebo_plugins.sh
-- Symlinking: /home/abdallah/Projects/ros2_ws/src/machathon5.00/install/car_demo/share/car_demo/environment/gazebo_plugins.dsv
-- Symlinking: /home/abdallah/Projects/ros2_ws/src/machathon5.00/install/car_demo/share/car_demo/environment/pythonpath.sh
-- Symlinking: /home/abdallah/Projects/ros2_ws/src/machathon5.00/install/car_demo/share/car_demo/environment/pythonpath.dsv
-- Symlinking: /home/abdallah/Projects/ros2_ws/src/machathon5.00/install/car_demo/local/lib/python3.10/dist-packages/car_demo-0.0.1-py3.10.egg-info/PKG-INFO
-- Symlinking: /home/abdallah/Projects/ros2_ws/src/machathon5.00/install/car_demo/local/lib/python3.10/dist-packages/car_demo-0.0.1-py3.10.egg-info/SOURCES.txt
-- Symlinking: /home/abdallah/Projects/ros2_ws/src/machathon5.00/install/car_demo/local/lib/python3.10/dist-packages/car_demo-0.0.1-py3.10.egg-info/dependency_links.txt
-- Symlinking: /home/abdallah/Projects/ros2_ws/src/machathon5.00/install/car_demo/local/lib/python3.10/dist-packages/car_demo-0.0.1-py3.10.egg-info/top_level.txt
-- Symlinking: /home/abdallah/Projects/ros2_ws/src/machathon5.00/install/car_demo/local/lib/python3.10/dist-packages/car_demo/__init__.py
-- Symlinking: /home/abdallah/Projects/ros2_ws/src/machathon5.00/install/car_demo/lib/car_demo/prius_teleop_keyboard.py
-- Symlinking: /home/abdallah/Projects/ros2_ws/src/machathon5.00/install/car_demo/lib/car_demo/solution.py
-- Symlinking: /home/abdallah/Projects/ros2_ws/src/machathon5.00/install/car_demo/lib/car_demo/despawn_prius.py
-- Symlinking: /home/abdallah/Projects/ros2_ws/src/machathon5.00/install/car_demo/lib/car_demo/spawn_prius.py
-- Symlinking: /home/abdallah/Projects/ros2_ws/src/machathon5.00/install/car_demo/lib/car_demo/judge.py
-- Symlinking: /home/abdallah/Projects/ros2_ws/src/machathon5.00/install/car_demo/lib/libPriusHybridPlugin.so
-- Symlinking: /home/abdallah/Projects/ros2_ws/src/machathon5.00/install/car_demo/share/ament_index/resource_index/package_run_dependencies/car_demo
-- Symlinking: /home/abdallah/Projects/ros2_ws/src/machathon5.00/install/car_demo/share/ament_index/resource_index/parent_prefix_path/car_demo
-- Symlinking: /home/abdallah/Projects/ros2_ws/src/machathon5.00/install/car_demo/share/car_demo/environment/ament_prefix_path.sh
-- Symlinking: /home/abdallah/Projects/ros2_ws/src/machathon5.00/install/car_demo/share/car_demo/environment/ament_prefix_path.dsv
-- Symlinking: /home/abdallah/Projects/ros2_ws/src/machathon5.00/install/car_demo/share/car_demo/environment/path.sh
-- Symlinking: /home/abdallah/Projects/ros2_ws/src/machathon5.00/install/car_demo/share/car_demo/environment/path.dsv
-- Symlinking: /home/abdallah/Projects/ros2_ws/src/machathon5.00/install/car_demo/share/car_demo/local_setup.bash
-- Symlinking: /home/abdallah/Projects/ros2_ws/src/machathon5.00/install/car_demo/share/car_demo/local_setup.sh
-- Symlinking: /home/abdallah/Projects/ros2_ws/src/machathon5.00/install/car_demo/share/car_demo/local_setup.zsh
-- Symlinking: /home/abdallah/Projects/ros2_ws/src/machathon5.00/install/car_demo/share/car_demo/local_setup.dsv
-- Symlinking: /home/abdallah/Projects/ros2_ws/src/machathon5.00/install/car_demo/share/car_demo/package.dsv
-- Symlinking: /home/abdallah/Projects/ros2_ws/src/machathon5.00/install/car_demo/share/ament_index/resource_index/packages/car_demo
-- Symlinking: /home/abdallah/Projects/ros2_ws/src/machathon5.00/install/car_demo/share/car_demo/cmake/ament_cmake_export_libraries-extras.cmake
-- Symlinking: /home/abdallah/Projects/ros2_ws/src/machathon5.00/install/car_demo/share/car_demo/cmake/ament_cmake_export_include_directories-extras.cmake
-- Symlinking: /home/abdallah/Projects/ros2_ws/src/machathon5.00/install/car_demo/share/car_demo/cmake/ament_cmake_export_dependencies-extras.cmake
-- Symlinking: /home/abdallah/Projects/ros2_ws/src/machathon5.00/install/car_demo/share/car_demo/cmake/car_demoConfig.cmake
-- Symlinking: /home/abdallah/Projects/ros2_ws/src/machathon5.00/install/car_demo/share/car_demo/cmake/car_demoConfig-version.cmake
-- Symlinking: /home/abdallah/Projects/ros2_ws/src/machathon5.00/install/car_demo/share/car_demo/package.xml
-- Symlinking: /home/abdallah/Projects/ros2_ws/src/machathon5.00/install/car_demo/share/car_demo/launch/demo.launch.py
-- Symlinking: /home/abdallah/Projects/ros2_ws/src/machathon5.00/install/car_demo/share/car_demo/launch/machathon.launch.py
-- Symlinking: /home/abdallah/Projects/ros2_ws/src/machathon5.00/install/car_demo/share/car_demo/launch/spawn_prius.launch.py
-- Symlinking: /home/abdallah/Projects/ros2_ws/src/machathon5.00/install/car_demo/share/car_demo/models/track/meshes/Mach Logo.jpg
-- Symlinking: /home/abdallah/Projects/ros2_ws/src/machathon5.00/install/car_demo/share/car_demo/models/track/meshes/SimulationTrack.dae
-- Symlinking: /home/abdallah/Projects/ros2_ws/src/machathon5.00/install/car_demo/share/car_demo/models/track/meshes/SimulationTrack.stl
-- Symlinking: /home/abdallah/Projects/ros2_ws/src/machathon5.00/install/car_demo/share/car_demo/models/track/meshes/mac_logo.png
-- Symlinking: /home/abdallah/Projects/ros2_ws/src/machathon5.00/install/car_demo/share/car_demo/models/track/model.config
-- Symlinking: /home/abdallah/Projects/ros2_ws/src/machathon5.00/install/car_demo/share/car_demo/models/track/model.sdf
-- Symlinking: /home/abdallah/Projects/ros2_ws/src/machathon5.00/install/car_demo/share/car_demo/worlds/MachathonTrack.world
-- Up-to-date symlink: /home/abdallah/Projects/ros2_ws/src/machathon5.00/install/car_demo/lib/libPriusHybridPlugin.so
Listing '/home/abdallah/Projects/ros2_ws/src/machathon5.00/install/car_demo/local/lib/python3.10/dist-packages/car_demo'...
Compiling '/home/abdallah/Projects/ros2_ws/src/machathon5.00/install/car_demo/local/lib/python3.10/dist-packages/car_demo/__init__.py'...
