[0.894s] DEBUG:colcon:Command line arguments: ['/usr/bin/colcon', 'build', '--symlink-install']
[0.894s] DEBUG:colcon:Parsed command line arguments: Namespace(log_base=None, log_level=None, verb_name='build', build_base='build', install_base='install', merge_install=False, symlink_install=True, test_result_base=None, continue_on_error=False, executor='parallel', parallel_workers=12, event_handlers=None, ignore_user_meta=False, metas=['./colcon.meta'], base_paths=['.'], packages_ignore=None, packages_ignore_regex=None, paths=None, packages_up_to=None, packages_up_to_regex=None, packages_above=None, packages_above_and_dependencies=None, packages_above_depth=None, packages_select_by_dep=None, packages_skip_by_dep=None, packages_skip_up_to=None, packages_select_build_failed=False, packages_skip_build_finished=False, packages_select_test_failures=False, packages_skip_test_passed=False, packages_select=None, packages_skip=None, packages_select_regex=None, packages_skip_regex=None, packages_start=None, packages_end=None, allow_overriding=[], cmake_args=None, cmake_target=None, cmake_target_skip_unavailable=False, cmake_clean_cache=False, cmake_clean_first=False, cmake_force_configure=False, ament_cmake_args=None, catkin_cmake_args=None, catkin_skip_building_tests=False, verb_parser=<colcon_defaults.argument_parser.defaults.DefaultArgumentsDecorator object at 0x7f523d0be0b0>, verb_extension=<colcon_core.verb.build.BuildVerb object at 0x7f523d0aa5c0>, main=<bound method BuildVerb.main of <colcon_core.verb.build.BuildVerb object at 0x7f523d0aa5c0>>)
[0.941s] Level 1:colcon.colcon_core.package_discovery:discover_packages(colcon_meta) check parameters
[0.941s] Level 1:colcon.colcon_core.package_discovery:discover_packages(recursive) check parameters
[0.941s] Level 1:colcon.colcon_core.package_discovery:discover_packages(ignore) check parameters
[0.941s] Level 1:colcon.colcon_core.package_discovery:discover_packages(path) check parameters
[0.941s] Level 1:colcon.colcon_core.package_discovery:discover_packages(colcon_meta) discover
[0.941s] Level 1:colcon.colcon_core.package_discovery:discover_packages(recursive) discover
[0.941s] INFO:colcon.colcon_core.package_discovery:Crawling recursively for packages in '/home/abdallah/Projects/ros2_ws/src/machathon5.00'
[0.941s] Level 1:colcon.colcon_core.package_identification:_identify(.) by extensions ['ignore', 'ignore_ament_install']
[0.941s] Level 1:colcon.colcon_core.package_identification:_identify(.) by extension 'ignore'
[0.941s] Level 1:colcon.colcon_core.package_identification:_identify(.) by extension 'ignore_ament_install'
[0.941s] Level 1:colcon.colcon_core.package_identification:_identify(.) by extensions ['colcon_pkg']
[0.941s] Level 1:colcon.colcon_core.package_identification:_identify(.) by extension 'colcon_pkg'
[0.942s] Level 1:colcon.colcon_core.package_identification:_identify(.) by extensions ['colcon_meta']
[0.942s] Level 1:colcon.colcon_core.package_identification:_identify(.) by extension 'colcon_meta'
[0.942s] Level 1:colcon.colcon_core.package_identification:_identify(.) by extensions ['ros']
[0.942s] Level 1:colcon.colcon_core.package_identification:_identify(.) by extension 'ros'
[0.951s] Level 1:colcon.colcon_core.package_identification:_identify(.) by extensions ['cmake', 'python']
[0.951s] Level 1:colcon.colcon_core.package_identification:_identify(.) by extension 'cmake'
[0.951s] Level 1:colcon.colcon_core.package_identification:_identify(.) by extension 'python'
[0.951s] Level 1:colcon.colcon_core.package_identification:_identify(.) by extensions ['python_setup_py']
[0.951s] Level 1:colcon.colcon_core.package_identification:_identify(.) by extension 'python_setup_py'
[0.951s] Level 1:colcon.colcon_core.package_identification:_identify(build) by extensions ['ignore', 'ignore_ament_install']
[0.951s] Level 1:colcon.colcon_core.package_identification:_identify(build) by extension 'ignore'
[0.951s] Level 1:colcon.colcon_core.package_identification:_identify(build) ignored
[0.951s] Level 1:colcon.colcon_core.package_identification:_identify(car_demo) by extensions ['ignore', 'ignore_ament_install']
[0.951s] Level 1:colcon.colcon_core.package_identification:_identify(car_demo) by extension 'ignore'
[0.951s] Level 1:colcon.colcon_core.package_identification:_identify(car_demo) by extension 'ignore_ament_install'
[0.951s] Level 1:colcon.colcon_core.package_identification:_identify(car_demo) by extensions ['colcon_pkg']
[0.951s] Level 1:colcon.colcon_core.package_identification:_identify(car_demo) by extension 'colcon_pkg'
[0.951s] Level 1:colcon.colcon_core.package_identification:_identify(car_demo) by extensions ['colcon_meta']
[0.951s] Level 1:colcon.colcon_core.package_identification:_identify(car_demo) by extension 'colcon_meta'
[0.951s] Level 1:colcon.colcon_core.package_identification:_identify(car_demo) by extensions ['ros']
[0.952s] Level 1:colcon.colcon_core.package_identification:_identify(car_demo) by extension 'ros'
[0.954s] DEBUG:colcon.colcon_core.package_identification:Package 'car_demo' with type 'ros.ament_cmake' and name 'car_demo'
[0.954s] Level 1:colcon.colcon_core.package_identification:_identify(install) by extensions ['ignore', 'ignore_ament_install']
[0.954s] Level 1:colcon.colcon_core.package_identification:_identify(install) by extension 'ignore'
[0.954s] Level 1:colcon.colcon_core.package_identification:_identify(install) ignored
[0.954s] Level 1:colcon.colcon_core.package_identification:_identify(log) by extensions ['ignore', 'ignore_ament_install']
[0.954s] Level 1:colcon.colcon_core.package_identification:_identify(log) by extension 'ignore'
[0.954s] Level 1:colcon.colcon_core.package_identification:_identify(log) ignored
[0.954s] Level 1:colcon.colcon_core.package_identification:_identify(prius_description) by extensions ['ignore', 'ignore_ament_install']
[0.954s] Level 1:colcon.colcon_core.package_identification:_identify(prius_description) by extension 'ignore'
[0.954s] Level 1:colcon.colcon_core.package_identification:_identify(prius_description) by extension 'ignore_ament_install'
[0.954s] Level 1:colcon.colcon_core.package_identification:_identify(prius_description) by extensions ['colcon_pkg']
[0.954s] Level 1:colcon.colcon_core.package_identification:_identify(prius_description) by extension 'colcon_pkg'
[0.954s] Level 1:colcon.colcon_core.package_identification:_identify(prius_description) by extensions ['colcon_meta']
[0.954s] Level 1:colcon.colcon_core.package_identification:_identify(prius_description) by extension 'colcon_meta'
[0.954s] Level 1:colcon.colcon_core.package_identification:_identify(prius_description) by extensions ['ros']
[0.954s] Level 1:colcon.colcon_core.package_identification:_identify(prius_description) by extension 'ros'
[0.955s] DEBUG:colcon.colcon_core.package_identification:Package 'prius_description' with type 'ros.ament_cmake' and name 'prius_description'
[0.955s] Level 1:colcon.colcon_core.package_identification:_identify(prius_msgs) by extensions ['ignore', 'ignore_ament_install']
[0.955s] Level 1:colcon.colcon_core.package_identification:_identify(prius_msgs) by extension 'ignore'
[0.955s] Level 1:colcon.colcon_core.package_identification:_identify(prius_msgs) by extension 'ignore_ament_install'
[0.955s] Level 1:colcon.colcon_core.package_identification:_identify(prius_msgs) by extensions ['colcon_pkg']
[0.955s] Level 1:colcon.colcon_core.package_identification:_identify(prius_msgs) by extension 'colcon_pkg'
[0.955s] Level 1:colcon.colcon_core.package_identification:_identify(prius_msgs) by extensions ['colcon_meta']
[0.955s] Level 1:colcon.colcon_core.package_identification:_identify(prius_msgs) by extension 'colcon_meta'
[0.955s] Level 1:colcon.colcon_core.package_identification:_identify(prius_msgs) by extensions ['ros']
[0.955s] Level 1:colcon.colcon_core.package_identification:_identify(prius_msgs) by extension 'ros'
[0.956s] DEBUG:colcon.colcon_core.package_identification:Package 'prius_msgs' with type 'ros.ament_cmake' and name 'prius_msgs'
[0.956s] Level 1:colcon.colcon_core.package_discovery:discover_packages(recursive) using defaults
[0.956s] Level 1:colcon.colcon_core.package_discovery:discover_packages(ignore) discover
[0.956s] Level 1:colcon.colcon_core.package_discovery:discover_packages(ignore) using defaults
[0.956s] Level 1:colcon.colcon_core.package_discovery:discover_packages(path) discover
[0.956s] Level 1:colcon.colcon_core.package_discovery:discover_packages(path) using defaults
[1.035s] Level 1:colcon.colcon_core.package_discovery:discover_packages(prefix_path) check parameters
[1.035s] Level 1:colcon.colcon_core.package_discovery:discover_packages(prefix_path) discover
[1.083s] DEBUG:colcon.colcon_installed_package_information.package_discovery:Found 3 installed packages in /home/abdallah/Projects/ros2_ws/install
[1.095s] DEBUG:colcon.colcon_installed_package_information.package_discovery:Found 278 installed packages in /opt/ros/humble
[1.096s] Level 1:colcon.colcon_core.package_discovery:discover_packages(prefix_path) using defaults
[1.204s] Level 5:colcon.colcon_core.verb:set package 'prius_description' build argument 'cmake_args' from command line to 'None'
[1.204s] Level 5:colcon.colcon_core.verb:set package 'prius_description' build argument 'cmake_target' from command line to 'None'
[1.204s] Level 5:colcon.colcon_core.verb:set package 'prius_description' build argument 'cmake_target_skip_unavailable' from command line to 'False'
[1.204s] Level 5:colcon.colcon_core.verb:set package 'prius_description' build argument 'cmake_clean_cache' from command line to 'False'
[1.204s] Level 5:colcon.colcon_core.verb:set package 'prius_description' build argument 'cmake_clean_first' from command line to 'False'
[1.204s] Level 5:colcon.colcon_core.verb:set package 'prius_description' build argument 'cmake_force_configure' from command line to 'False'
[1.204s] Level 5:colcon.colcon_core.verb:set package 'prius_description' build argument 'ament_cmake_args' from command line to 'None'
[1.204s] Level 5:colcon.colcon_core.verb:set package 'prius_description' build argument 'catkin_cmake_args' from command line to 'None'
[1.204s] Level 5:colcon.colcon_core.verb:set package 'prius_description' build argument 'catkin_skip_building_tests' from command line to 'False'
[1.204s] DEBUG:colcon.colcon_core.verb:Building package 'prius_description' with the following arguments: {'ament_cmake_args': None, 'build_base': '/home/abdallah/Projects/ros2_ws/src/machathon5.00/build/prius_description', 'catkin_cmake_args': None, 'catkin_skip_building_tests': False, 'cmake_args': None, 'cmake_clean_cache': False, 'cmake_clean_first': False, 'cmake_force_configure': False, 'cmake_target': None, 'cmake_target_skip_unavailable': False, 'install_base': '/home/abdallah/Projects/ros2_ws/src/machathon5.00/install/prius_description', 'merge_install': False, 'path': '/home/abdallah/Projects/ros2_ws/src/machathon5.00/prius_description', 'symlink_install': True, 'test_result_base': None}
[1.216s] Level 5:colcon.colcon_core.verb:set package 'prius_msgs' build argument 'cmake_args' from command line to 'None'
[1.216s] Level 5:colcon.colcon_core.verb:set package 'prius_msgs' build argument 'cmake_target' from command line to 'None'
[1.216s] Level 5:colcon.colcon_core.verb:set package 'prius_msgs' build argument 'cmake_target_skip_unavailable' from command line to 'False'
[1.216s] Level 5:colcon.colcon_core.verb:set package 'prius_msgs' build argument 'cmake_clean_cache' from command line to 'False'
[1.216s] Level 5:colcon.colcon_core.verb:set package 'prius_msgs' build argument 'cmake_clean_first' from command line to 'False'
[1.216s] Level 5:colcon.colcon_core.verb:set package 'prius_msgs' build argument 'cmake_force_configure' from command line to 'False'
[1.216s] Level 5:colcon.colcon_core.verb:set package 'prius_msgs' build argument 'ament_cmake_args' from command line to 'None'
[1.216s] Level 5:colcon.colcon_core.verb:set package 'prius_msgs' build argument 'catkin_cmake_args' from command line to 'None'
[1.216s] Level 5:colcon.colcon_core.verb:set package 'prius_msgs' build argument 'catkin_skip_building_tests' from command line to 'False'
[1.216s] DEBUG:colcon.colcon_core.verb:Building package 'prius_msgs' with the following arguments: {'ament_cmake_args': None, 'build_base': '/home/abdallah/Projects/ros2_ws/src/machathon5.00/build/prius_msgs', 'catkin_cmake_args': None, 'catkin_skip_building_tests': False, 'cmake_args': None, 'cmake_clean_cache': False, 'cmake_clean_first': False, 'cmake_force_configure': False, 'cmake_target': None, 'cmake_target_skip_unavailable': False, 'install_base': '/home/abdallah/Projects/ros2_ws/src/machathon5.00/install/prius_msgs', 'merge_install': False, 'path': '/home/abdallah/Projects/ros2_ws/src/machathon5.00/prius_msgs', 'symlink_install': True, 'test_result_base': None}
[1.228s] Level 5:colcon.colcon_core.verb:set package 'car_demo' build argument 'cmake_args' from command line to 'None'
[1.228s] Level 5:colcon.colcon_core.verb:set package 'car_demo' build argument 'cmake_target' from command line to 'None'
[1.228s] Level 5:colcon.colcon_core.verb:set package 'car_demo' build argument 'cmake_target_skip_unavailable' from command line to 'False'
[1.228s] Level 5:colcon.colcon_core.verb:set package 'car_demo' build argument 'cmake_clean_cache' from command line to 'False'
[1.228s] Level 5:colcon.colcon_core.verb:set package 'car_demo' build argument 'cmake_clean_first' from command line to 'False'
[1.228s] Level 5:colcon.colcon_core.verb:set package 'car_demo' build argument 'cmake_force_configure' from command line to 'False'
[1.228s] Level 5:colcon.colcon_core.verb:set package 'car_demo' build argument 'ament_cmake_args' from command line to 'None'
[1.229s] Level 5:colcon.colcon_core.verb:set package 'car_demo' build argument 'catkin_cmake_args' from command line to 'None'
[1.229s] Level 5:colcon.colcon_core.verb:set package 'car_demo' build argument 'catkin_skip_building_tests' from command line to 'False'
[1.229s] DEBUG:colcon.colcon_core.verb:Building package 'car_demo' with the following arguments: {'ament_cmake_args': None, 'build_base': '/home/abdallah/Projects/ros2_ws/src/machathon5.00/build/car_demo', 'catkin_cmake_args': None, 'catkin_skip_building_tests': False, 'cmake_args': None, 'cmake_clean_cache': False, 'cmake_clean_first': False, 'cmake_force_configure': False, 'cmake_target': None, 'cmake_target_skip_unavailable': False, 'install_base': '/home/abdallah/Projects/ros2_ws/src/machathon5.00/install/car_demo', 'merge_install': False, 'path': '/home/abdallah/Projects/ros2_ws/src/machathon5.00/car_demo', 'symlink_install': True, 'test_result_base': None}
[1.240s] INFO:colcon.colcon_core.executor:Executing jobs using 'parallel' executor
[1.252s] DEBUG:colcon.colcon_parallel_executor.executor.parallel:run_until_complete
[1.253s] INFO:colcon.colcon_ros.task.ament_cmake.build:Building ROS package in '/home/abdallah/Projects/ros2_ws/src/machathon5.00/prius_description' with build type 'ament_cmake'
[1.253s] INFO:colcon.colcon_cmake.task.cmake.build:Building CMake package in '/home/abdallah/Projects/ros2_ws/src/machathon5.00/prius_description'
[1.269s] INFO:colcon.colcon_core.plugin_system:Skipping extension 'colcon_core.shell.bat': Not used on non-Windows systems
[1.269s] INFO:colcon.colcon_core.shell:Skip shell extension 'powershell' for command environment: Not usable outside of PowerShell
[1.269s] DEBUG:colcon.colcon_core.shell:Skip shell extension 'dsv' for command environment
[1.317s] INFO:colcon.colcon_ros.task.ament_cmake.build:Building ROS package in '/home/abdallah/Projects/ros2_ws/src/machathon5.00/prius_msgs' with build type 'ament_cmake'
[1.317s] INFO:colcon.colcon_cmake.task.cmake.build:Building CMake package in '/home/abdallah/Projects/ros2_ws/src/machathon5.00/prius_msgs'
[1.329s] INFO:colcon.colcon_core.shell:Skip shell extension 'powershell' for command environment: Not usable outside of PowerShell
[1.329s] DEBUG:colcon.colcon_core.shell:Skip shell extension 'dsv' for command environment
[1.367s] DEBUG:colcon.colcon_core.event_handler.log_command:Invoking command in '/home/abdallah/Projects/ros2_ws/src/machathon5.00/build/prius_description': CMAKE_PREFIX_PATH=${CMAKE_PREFIX_PATH}:/opt/ros/humble /usr/bin/cmake /home/abdallah/Projects/ros2_ws/src/machathon5.00/prius_description -DAMENT_CMAKE_SYMLINK_INSTALL=1 -DCMAKE_INSTALL_PREFIX=/home/abdallah/Projects/ros2_ws/src/machathon5.00/install/prius_description
[1.374s] DEBUG:colcon.colcon_core.event_handler.log_command:Invoking command in '/home/abdallah/Projects/ros2_ws/src/machathon5.00/build/prius_msgs': CMAKE_PREFIX_PATH=${CMAKE_PREFIX_PATH}:/opt/ros/humble /usr/bin/cmake /home/abdallah/Projects/ros2_ws/src/machathon5.00/prius_msgs -DAMENT_CMAKE_SYMLINK_INSTALL=1 -DCMAKE_INSTALL_PREFIX=/home/abdallah/Projects/ros2_ws/src/machathon5.00/install/prius_msgs
[2.157s] DEBUG:colcon.colcon_core.event_handler.log_command:Invoked command in '/home/abdallah/Projects/ros2_ws/src/machathon5.00/build/prius_description' returned '0': CMAKE_PREFIX_PATH=${CMAKE_PREFIX_PATH}:/opt/ros/humble /usr/bin/cmake /home/abdallah/Projects/ros2_ws/src/machathon5.00/prius_description -DAMENT_CMAKE_SYMLINK_INSTALL=1 -DCMAKE_INSTALL_PREFIX=/home/abdallah/Projects/ros2_ws/src/machathon5.00/install/prius_description
[2.158s] DEBUG:colcon.colcon_core.event_handler.log_command:Invoking command in '/home/abdallah/Projects/ros2_ws/src/machathon5.00/build/prius_description': CMAKE_PREFIX_PATH=${CMAKE_PREFIX_PATH}:/opt/ros/humble /usr/bin/cmake --build /home/abdallah/Projects/ros2_ws/src/machathon5.00/build/prius_description -- -j12 -l12
[2.204s] DEBUG:colcon.colcon_core.event_handler.log_command:Invoked command in '/home/abdallah/Projects/ros2_ws/src/machathon5.00/build/prius_description' returned '0': CMAKE_PREFIX_PATH=${CMAKE_PREFIX_PATH}:/opt/ros/humble /usr/bin/cmake --build /home/abdallah/Projects/ros2_ws/src/machathon5.00/build/prius_description -- -j12 -l12
[2.243s] DEBUG:colcon.colcon_core.event_handler.log_command:Invoking command in '/home/abdallah/Projects/ros2_ws/src/machathon5.00/build/prius_description': CMAKE_PREFIX_PATH=${CMAKE_PREFIX_PATH}:/opt/ros/humble /usr/bin/cmake --install /home/abdallah/Projects/ros2_ws/src/machathon5.00/build/prius_description
[2.572s] Level 1:colcon.colcon_core.environment:create_environment_scripts_only(prius_description)
[2.573s] DEBUG:colcon.colcon_core.event_handler.log_command:Invoked command in '/home/abdallah/Projects/ros2_ws/src/machathon5.00/build/prius_description' returned '0': CMAKE_PREFIX_PATH=${CMAKE_PREFIX_PATH}:/opt/ros/humble /usr/bin/cmake --install /home/abdallah/Projects/ros2_ws/src/machathon5.00/build/prius_description
[2.588s] Level 1:colcon.colcon_core.environment:checking '/home/abdallah/Projects/ros2_ws/src/machathon5.00/install/prius_description' for CMake module files
[2.589s] Level 1:colcon.colcon_core.environment:checking '/home/abdallah/Projects/ros2_ws/src/machathon5.00/install/prius_description' for CMake config files
[2.589s] Level 1:colcon.colcon_core.shell:create_environment_hook('prius_description', 'cmake_prefix_path')
[2.602s] INFO:colcon.colcon_core.shell:Creating environment hook '/home/abdallah/Projects/ros2_ws/src/machathon5.00/install/prius_description/share/prius_description/hook/cmake_prefix_path.ps1'
[2.603s] INFO:colcon.colcon_core.shell:Creating environment descriptor '/home/abdallah/Projects/ros2_ws/src/machathon5.00/install/prius_description/share/prius_description/hook/cmake_prefix_path.dsv'
[2.604s] INFO:colcon.colcon_core.shell:Creating environment hook '/home/abdallah/Projects/ros2_ws/src/machathon5.00/install/prius_description/share/prius_description/hook/cmake_prefix_path.sh'
[2.605s] Level 1:colcon.colcon_core.environment:checking '/home/abdallah/Projects/ros2_ws/src/machathon5.00/install/prius_description/bin'
[2.605s] Level 1:colcon.colcon_core.environment:checking '/home/abdallah/Projects/ros2_ws/src/machathon5.00/install/prius_description/lib/pkgconfig/prius_description.pc'
[2.605s] Level 1:colcon.colcon_core.environment:checking '/home/abdallah/Projects/ros2_ws/src/machathon5.00/install/prius_description/lib/python3.10/site-packages'
[2.605s] Level 1:colcon.colcon_core.environment:checking '/home/abdallah/Projects/ros2_ws/src/machathon5.00/install/prius_description/bin'
[2.618s] INFO:colcon.colcon_core.shell:Creating package script '/home/abdallah/Projects/ros2_ws/src/machathon5.00/install/prius_description/share/prius_description/package.ps1'
[2.619s] INFO:colcon.colcon_core.shell:Creating package descriptor '/home/abdallah/Projects/ros2_ws/src/machathon5.00/install/prius_description/share/prius_description/package.dsv'
[2.619s] INFO:colcon.colcon_core.shell:Creating package script '/home/abdallah/Projects/ros2_ws/src/machathon5.00/install/prius_description/share/prius_description/package.sh'
[2.620s] INFO:colcon.colcon_core.shell:Creating package script '/home/abdallah/Projects/ros2_ws/src/machathon5.00/install/prius_description/share/prius_description/package.bash'
[2.621s] INFO:colcon.colcon_core.shell:Creating package script '/home/abdallah/Projects/ros2_ws/src/machathon5.00/install/prius_description/share/prius_description/package.zsh'
[2.621s] Level 1:colcon.colcon_core.environment:create_file_with_runtime_dependencies(/home/abdallah/Projects/ros2_ws/src/machathon5.00/install/prius_description/share/colcon-core/packages/prius_description)
[2.660s] Level 1:colcon.colcon_core.environment:create_environment_scripts_only(prius_description)
[2.673s] Level 1:colcon.colcon_core.environment:checking '/home/abdallah/Projects/ros2_ws/src/machathon5.00/install/prius_description' for CMake module files
[2.673s] Level 1:colcon.colcon_core.environment:checking '/home/abdallah/Projects/ros2_ws/src/machathon5.00/install/prius_description' for CMake config files
[2.674s] Level 1:colcon.colcon_core.shell:create_environment_hook('prius_description', 'cmake_prefix_path')
[2.687s] INFO:colcon.colcon_core.shell:Creating environment hook '/home/abdallah/Projects/ros2_ws/src/machathon5.00/install/prius_description/share/prius_description/hook/cmake_prefix_path.ps1'
[2.688s] INFO:colcon.colcon_core.shell:Creating environment descriptor '/home/abdallah/Projects/ros2_ws/src/machathon5.00/install/prius_description/share/prius_description/hook/cmake_prefix_path.dsv'
[2.689s] INFO:colcon.colcon_core.shell:Creating environment hook '/home/abdallah/Projects/ros2_ws/src/machathon5.00/install/prius_description/share/prius_description/hook/cmake_prefix_path.sh'
[2.689s] Level 1:colcon.colcon_core.environment:checking '/home/abdallah/Projects/ros2_ws/src/machathon5.00/install/prius_description/bin'
[2.689s] Level 1:colcon.colcon_core.environment:checking '/home/abdallah/Projects/ros2_ws/src/machathon5.00/install/prius_description/lib/pkgconfig/prius_description.pc'
[2.689s] Level 1:colcon.colcon_core.environment:checking '/home/abdallah/Projects/ros2_ws/src/machathon5.00/install/prius_description/lib/python3.10/site-packages'
[2.690s] Level 1:colcon.colcon_core.environment:checking '/home/abdallah/Projects/ros2_ws/src/machathon5.00/install/prius_description/bin'
[2.702s] INFO:colcon.colcon_core.shell:Creating package script '/home/abdallah/Projects/ros2_ws/src/machathon5.00/install/prius_description/share/prius_description/package.ps1'
[2.703s] INFO:colcon.colcon_core.shell:Creating package descriptor '/home/abdallah/Projects/ros2_ws/src/machathon5.00/install/prius_description/share/prius_description/package.dsv'
[2.703s] INFO:colcon.colcon_core.shell:Creating package script '/home/abdallah/Projects/ros2_ws/src/machathon5.00/install/prius_description/share/prius_description/package.sh'
[2.704s] INFO:colcon.colcon_core.shell:Creating package script '/home/abdallah/Projects/ros2_ws/src/machathon5.00/install/prius_description/share/prius_description/package.bash'
[2.704s] INFO:colcon.colcon_core.shell:Creating package script '/home/abdallah/Projects/ros2_ws/src/machathon5.00/install/prius_description/share/prius_description/package.zsh'
[2.704s] Level 1:colcon.colcon_core.environment:create_file_with_runtime_dependencies(/home/abdallah/Projects/ros2_ws/src/machathon5.00/install/prius_description/share/colcon-core/packages/prius_description)
[3.245s] DEBUG:colcon.colcon_core.event_handler.log_command:Invoked command in '/home/abdallah/Projects/ros2_ws/src/machathon5.00/build/prius_msgs' returned '0': CMAKE_PREFIX_PATH=${CMAKE_PREFIX_PATH}:/opt/ros/humble /usr/bin/cmake /home/abdallah/Projects/ros2_ws/src/machathon5.00/prius_msgs -DAMENT_CMAKE_SYMLINK_INSTALL=1 -DCMAKE_INSTALL_PREFIX=/home/abdallah/Projects/ros2_ws/src/machathon5.00/install/prius_msgs
[3.246s] DEBUG:colcon.colcon_core.event_handler.log_command:Invoking command in '/home/abdallah/Projects/ros2_ws/src/machathon5.00/build/prius_msgs': CMAKE_PREFIX_PATH=${CMAKE_PREFIX_PATH}:/opt/ros/humble /usr/bin/cmake --build /home/abdallah/Projects/ros2_ws/src/machathon5.00/build/prius_msgs -- -j12 -l12
[5.056s] DEBUG:colcon.colcon_core.event_handler.log_command:Invoked command in '/home/abdallah/Projects/ros2_ws/src/machathon5.00/build/prius_msgs' returned '0': CMAKE_PREFIX_PATH=${CMAKE_PREFIX_PATH}:/opt/ros/humble /usr/bin/cmake --build /home/abdallah/Projects/ros2_ws/src/machathon5.00/build/prius_msgs -- -j12 -l12
[5.121s] DEBUG:colcon.colcon_core.event_handler.log_command:Invoking command in '/home/abdallah/Projects/ros2_ws/src/machathon5.00/build/prius_msgs': CMAKE_PREFIX_PATH=${CMAKE_PREFIX_PATH}:/opt/ros/humble /usr/bin/cmake --install /home/abdallah/Projects/ros2_ws/src/machathon5.00/build/prius_msgs
[5.752s] Level 1:colcon.colcon_core.environment:create_environment_scripts_only(prius_msgs)
[5.753s] DEBUG:colcon.colcon_core.event_handler.log_command:Invoked command in '/home/abdallah/Projects/ros2_ws/src/machathon5.00/build/prius_msgs' returned '0': CMAKE_PREFIX_PATH=${CMAKE_PREFIX_PATH}:/opt/ros/humble /usr/bin/cmake --install /home/abdallah/Projects/ros2_ws/src/machathon5.00/build/prius_msgs
[5.764s] Level 1:colcon.colcon_core.environment:checking '/home/abdallah/Projects/ros2_ws/src/machathon5.00/install/prius_msgs' for CMake module files
[5.765s] Level 1:colcon.colcon_core.environment:checking '/home/abdallah/Projects/ros2_ws/src/machathon5.00/install/prius_msgs' for CMake config files
[5.765s] Level 1:colcon.colcon_core.shell:create_environment_hook('prius_msgs', 'cmake_prefix_path')
[5.777s] INFO:colcon.colcon_core.shell:Creating environment hook '/home/abdallah/Projects/ros2_ws/src/machathon5.00/install/prius_msgs/share/prius_msgs/hook/cmake_prefix_path.ps1'
[5.777s] INFO:colcon.colcon_core.shell:Creating environment descriptor '/home/abdallah/Projects/ros2_ws/src/machathon5.00/install/prius_msgs/share/prius_msgs/hook/cmake_prefix_path.dsv'
[5.777s] INFO:colcon.colcon_core.shell:Creating environment hook '/home/abdallah/Projects/ros2_ws/src/machathon5.00/install/prius_msgs/share/prius_msgs/hook/cmake_prefix_path.sh'
[5.778s] Level 1:colcon.colcon_core.environment:checking '/home/abdallah/Projects/ros2_ws/src/machathon5.00/install/prius_msgs/lib'
[5.778s] Level 1:colcon.colcon_core.shell:create_environment_hook('prius_msgs', 'ld_library_path_lib')
[5.789s] INFO:colcon.colcon_core.shell:Creating environment hook '/home/abdallah/Projects/ros2_ws/src/machathon5.00/install/prius_msgs/share/prius_msgs/hook/ld_library_path_lib.ps1'
[5.790s] INFO:colcon.colcon_core.shell:Creating environment descriptor '/home/abdallah/Projects/ros2_ws/src/machathon5.00/install/prius_msgs/share/prius_msgs/hook/ld_library_path_lib.dsv'
[5.790s] INFO:colcon.colcon_core.shell:Creating environment hook '/home/abdallah/Projects/ros2_ws/src/machathon5.00/install/prius_msgs/share/prius_msgs/hook/ld_library_path_lib.sh'
[5.790s] Level 1:colcon.colcon_core.environment:checking '/home/abdallah/Projects/ros2_ws/src/machathon5.00/install/prius_msgs/bin'
[5.790s] Level 1:colcon.colcon_core.environment:checking '/home/abdallah/Projects/ros2_ws/src/machathon5.00/install/prius_msgs/lib/pkgconfig/prius_msgs.pc'
[5.791s] Level 1:colcon.colcon_core.environment:checking '/home/abdallah/Projects/ros2_ws/src/machathon5.00/install/prius_msgs/lib/python3.10/site-packages'
[5.791s] Level 1:colcon.colcon_core.environment:checking '/home/abdallah/Projects/ros2_ws/src/machathon5.00/install/prius_msgs/bin'
[5.802s] INFO:colcon.colcon_core.shell:Creating package script '/home/abdallah/Projects/ros2_ws/src/machathon5.00/install/prius_msgs/share/prius_msgs/package.ps1'
[5.803s] INFO:colcon.colcon_core.shell:Creating package descriptor '/home/abdallah/Projects/ros2_ws/src/machathon5.00/install/prius_msgs/share/prius_msgs/package.dsv'
[5.803s] INFO:colcon.colcon_core.shell:Creating package script '/home/abdallah/Projects/ros2_ws/src/machathon5.00/install/prius_msgs/share/prius_msgs/package.sh'
[5.803s] INFO:colcon.colcon_core.shell:Creating package script '/home/abdallah/Projects/ros2_ws/src/machathon5.00/install/prius_msgs/share/prius_msgs/package.bash'
[5.803s] INFO:colcon.colcon_core.shell:Creating package script '/home/abdallah/Projects/ros2_ws/src/machathon5.00/install/prius_msgs/share/prius_msgs/package.zsh'
[5.804s] Level 1:colcon.colcon_core.environment:create_file_with_runtime_dependencies(/home/abdallah/Projects/ros2_ws/src/machathon5.00/install/prius_msgs/share/colcon-core/packages/prius_msgs)
[5.877s] Level 1:colcon.colcon_core.environment:create_environment_scripts_only(prius_msgs)
[5.890s] Level 1:colcon.colcon_core.environment:checking '/home/abdallah/Projects/ros2_ws/src/machathon5.00/install/prius_msgs' for CMake module files
[5.890s] Level 1:colcon.colcon_core.environment:checking '/home/abdallah/Projects/ros2_ws/src/machathon5.00/install/prius_msgs' for CMake config files
[5.891s] Level 1:colcon.colcon_core.shell:create_environment_hook('prius_msgs', 'cmake_prefix_path')
[5.902s] INFO:colcon.colcon_core.shell:Creating environment hook '/home/abdallah/Projects/ros2_ws/src/machathon5.00/install/prius_msgs/share/prius_msgs/hook/cmake_prefix_path.ps1'
[5.903s] INFO:colcon.colcon_core.shell:Creating environment descriptor '/home/abdallah/Projects/ros2_ws/src/machathon5.00/install/prius_msgs/share/prius_msgs/hook/cmake_prefix_path.dsv'
[5.903s] INFO:colcon.colcon_core.shell:Creating environment hook '/home/abdallah/Projects/ros2_ws/src/machathon5.00/install/prius_msgs/share/prius_msgs/hook/cmake_prefix_path.sh'
[5.903s] Level 1:colcon.colcon_core.environment:checking '/home/abdallah/Projects/ros2_ws/src/machathon5.00/install/prius_msgs/lib'
[5.904s] Level 1:colcon.colcon_core.shell:create_environment_hook('prius_msgs', 'ld_library_path_lib')
[5.915s] INFO:colcon.colcon_core.shell:Creating environment hook '/home/abdallah/Projects/ros2_ws/src/machathon5.00/install/prius_msgs/share/prius_msgs/hook/ld_library_path_lib.ps1'
[5.916s] INFO:colcon.colcon_core.shell:Creating environment descriptor '/home/abdallah/Projects/ros2_ws/src/machathon5.00/install/prius_msgs/share/prius_msgs/hook/ld_library_path_lib.dsv'
[5.916s] INFO:colcon.colcon_core.shell:Creating environment hook '/home/abdallah/Projects/ros2_ws/src/machathon5.00/install/prius_msgs/share/prius_msgs/hook/ld_library_path_lib.sh'
[5.916s] Level 1:colcon.colcon_core.environment:checking '/home/abdallah/Projects/ros2_ws/src/machathon5.00/install/prius_msgs/bin'
[5.917s] Level 1:colcon.colcon_core.environment:checking '/home/abdallah/Projects/ros2_ws/src/machathon5.00/install/prius_msgs/lib/pkgconfig/prius_msgs.pc'
[5.917s] Level 1:colcon.colcon_core.environment:checking '/home/abdallah/Projects/ros2_ws/src/machathon5.00/install/prius_msgs/lib/python3.10/site-packages'
[5.917s] Level 1:colcon.colcon_core.environment:checking '/home/abdallah/Projects/ros2_ws/src/machathon5.00/install/prius_msgs/bin'
[5.928s] INFO:colcon.colcon_core.shell:Creating package script '/home/abdallah/Projects/ros2_ws/src/machathon5.00/install/prius_msgs/share/prius_msgs/package.ps1'
[5.929s] INFO:colcon.colcon_core.shell:Creating package descriptor '/home/abdallah/Projects/ros2_ws/src/machathon5.00/install/prius_msgs/share/prius_msgs/package.dsv'
[5.929s] INFO:colcon.colcon_core.shell:Creating package script '/home/abdallah/Projects/ros2_ws/src/machathon5.00/install/prius_msgs/share/prius_msgs/package.sh'
[5.930s] INFO:colcon.colcon_core.shell:Creating package script '/home/abdallah/Projects/ros2_ws/src/machathon5.00/install/prius_msgs/share/prius_msgs/package.bash'
[5.930s] INFO:colcon.colcon_core.shell:Creating package script '/home/abdallah/Projects/ros2_ws/src/machathon5.00/install/prius_msgs/share/prius_msgs/package.zsh'
[5.930s] Level 1:colcon.colcon_core.environment:create_file_with_runtime_dependencies(/home/abdallah/Projects/ros2_ws/src/machathon5.00/install/prius_msgs/share/colcon-core/packages/prius_msgs)
[5.930s] INFO:colcon.colcon_ros.task.ament_cmake.build:Building ROS package in '/home/abdallah/Projects/ros2_ws/src/machathon5.00/car_demo' with build type 'ament_cmake'
[5.931s] INFO:colcon.colcon_cmake.task.cmake.build:Building CMake package in '/home/abdallah/Projects/ros2_ws/src/machathon5.00/car_demo'
[5.942s] INFO:colcon.colcon_core.shell:Skip shell extension 'powershell' for command environment: Not usable outside of PowerShell
[5.942s] DEBUG:colcon.colcon_core.shell:Skip shell extension 'dsv' for command environment
[5.986s] DEBUG:colcon.colcon_core.event_handler.log_command:Invoking command in '/home/abdallah/Projects/ros2_ws/src/machathon5.00/build/car_demo': AMENT_PREFIX_PATH=/home/abdallah/Projects/ros2_ws/src/machathon5.00/install/prius_msgs:/home/abdallah/Projects/ros2_ws/src/machathon5.00/install/prius_description:${AMENT_PREFIX_PATH} CMAKE_PREFIX_PATH=/home/abdallah/Projects/ros2_ws/src/machathon5.00/install/prius_msgs:/home/abdallah/Projects/ros2_ws/src/machathon5.00/install/prius_description:/home/abdallah/Projects/ros2_ws/install/car_demo:/home/abdallah/Projects/ros2_ws/install/prius_msgs:/home/abdallah/Projects/ros2_ws/install/prius_description:/opt/ros/humble GAZEBO_MODEL_PATH=/home/abdallah/Projects/ros2_ws/src/machathon5.00/install/prius_description/share/prius_description/models:${GAZEBO_MODEL_PATH} LD_LIBRARY_PATH=/home/abdallah/Projects/ros2_ws/src/machathon5.00/install/prius_msgs/lib:${LD_LIBRARY_PATH} PYTHONPATH=/home/abdallah/Projects/ros2_ws/src/machathon5.00/install/prius_msgs/local/lib/python3.10/dist-packages:${PYTHONPATH} /usr/bin/cmake /home/abdallah/Projects/ros2_ws/src/machathon5.00/car_demo -DAMENT_CMAKE_SYMLINK_INSTALL=1 -DCMAKE_INSTALL_PREFIX=/home/abdallah/Projects/ros2_ws/src/machathon5.00/install/car_demo
[9.101s] DEBUG:colcon.colcon_core.event_handler.log_command:Invoked command in '/home/abdallah/Projects/ros2_ws/src/machathon5.00/build/car_demo' returned '0': AMENT_PREFIX_PATH=/home/abdallah/Projects/ros2_ws/src/machathon5.00/install/prius_msgs:/home/abdallah/Projects/ros2_ws/src/machathon5.00/install/prius_description:${AMENT_PREFIX_PATH} CMAKE_PREFIX_PATH=/home/abdallah/Projects/ros2_ws/src/machathon5.00/install/prius_msgs:/home/abdallah/Projects/ros2_ws/src/machathon5.00/install/prius_description:/home/abdallah/Projects/ros2_ws/install/car_demo:/home/abdallah/Projects/ros2_ws/install/prius_msgs:/home/abdallah/Projects/ros2_ws/install/prius_description:/opt/ros/humble GAZEBO_MODEL_PATH=/home/abdallah/Projects/ros2_ws/src/machathon5.00/install/prius_description/share/prius_description/models:${GAZEBO_MODEL_PATH} LD_LIBRARY_PATH=/home/abdallah/Projects/ros2_ws/src/machathon5.00/install/prius_msgs/lib:${LD_LIBRARY_PATH} PYTHONPATH=/home/abdallah/Projects/ros2_ws/src/machathon5.00/install/prius_msgs/local/lib/python3.10/dist-packages:${PYTHONPATH} /usr/bin/cmake /home/abdallah/Projects/ros2_ws/src/machathon5.00/car_demo -DAMENT_CMAKE_SYMLINK_INSTALL=1 -DCMAKE_INSTALL_PREFIX=/home/abdallah/Projects/ros2_ws/src/machathon5.00/install/car_demo
[9.103s] DEBUG:colcon.colcon_core.event_handler.log_command:Invoking command in '/home/abdallah/Projects/ros2_ws/src/machathon5.00/build/car_demo': AMENT_PREFIX_PATH=/home/abdallah/Projects/ros2_ws/src/machathon5.00/install/prius_msgs:/home/abdallah/Projects/ros2_ws/src/machathon5.00/install/prius_description:${AMENT_PREFIX_PATH} CMAKE_PREFIX_PATH=/home/abdallah/Projects/ros2_ws/src/machathon5.00/install/prius_msgs:/home/abdallah/Projects/ros2_ws/src/machathon5.00/install/prius_description:/home/abdallah/Projects/ros2_ws/install/car_demo:/home/abdallah/Projects/ros2_ws/install/prius_msgs:/home/abdallah/Projects/ros2_ws/install/prius_description:/opt/ros/humble GAZEBO_MODEL_PATH=/home/abdallah/Projects/ros2_ws/src/machathon5.00/install/prius_description/share/prius_description/models:${GAZEBO_MODEL_PATH} LD_LIBRARY_PATH=/home/abdallah/Projects/ros2_ws/src/machathon5.00/install/prius_msgs/lib:${LD_LIBRARY_PATH} PYTHONPATH=/home/abdallah/Projects/ros2_ws/src/machathon5.00/install/prius_msgs/local/lib/python3.10/dist-packages:${PYTHONPATH} /usr/bin/cmake --build /home/abdallah/Projects/ros2_ws/src/machathon5.00/build/car_demo -- -j12 -l12
[31.888s] DEBUG:colcon.colcon_core.event_handler.log_command:Invoked command in '/home/abdallah/Projects/ros2_ws/src/machathon5.00/build/car_demo' returned '0': AMENT_PREFIX_PATH=/home/abdallah/Projects/ros2_ws/src/machathon5.00/install/prius_msgs:/home/abdallah/Projects/ros2_ws/src/machathon5.00/install/prius_description:${AMENT_PREFIX_PATH} CMAKE_PREFIX_PATH=/home/abdallah/Projects/ros2_ws/src/machathon5.00/install/prius_msgs:/home/abdallah/Projects/ros2_ws/src/machathon5.00/install/prius_description:/home/abdallah/Projects/ros2_ws/install/car_demo:/home/abdallah/Projects/ros2_ws/install/prius_msgs:/home/abdallah/Projects/ros2_ws/install/prius_description:/opt/ros/humble GAZEBO_MODEL_PATH=/home/abdallah/Projects/ros2_ws/src/machathon5.00/install/prius_description/share/prius_description/models:${GAZEBO_MODEL_PATH} LD_LIBRARY_PATH=/home/abdallah/Projects/ros2_ws/src/machathon5.00/install/prius_msgs/lib:${LD_LIBRARY_PATH} PYTHONPATH=/home/abdallah/Projects/ros2_ws/src/machathon5.00/install/prius_msgs/local/lib/python3.10/dist-packages:${PYTHONPATH} /usr/bin/cmake --build /home/abdallah/Projects/ros2_ws/src/machathon5.00/build/car_demo -- -j12 -l12
[31.921s] DEBUG:colcon.colcon_core.event_handler.log_command:Invoking command in '/home/abdallah/Projects/ros2_ws/src/machathon5.00/build/car_demo': AMENT_PREFIX_PATH=/home/abdallah/Projects/ros2_ws/src/machathon5.00/install/prius_msgs:/home/abdallah/Projects/ros2_ws/src/machathon5.00/install/prius_description:${AMENT_PREFIX_PATH} CMAKE_PREFIX_PATH=/home/abdallah/Projects/ros2_ws/src/machathon5.00/install/prius_msgs:/home/abdallah/Projects/ros2_ws/src/machathon5.00/install/prius_description:/home/abdallah/Projects/ros2_ws/install/car_demo:/home/abdallah/Projects/ros2_ws/install/prius_msgs:/home/abdallah/Projects/ros2_ws/install/prius_description:/opt/ros/humble GAZEBO_MODEL_PATH=/home/abdallah/Projects/ros2_ws/src/machathon5.00/install/prius_description/share/prius_description/models:${GAZEBO_MODEL_PATH} LD_LIBRARY_PATH=/home/abdallah/Projects/ros2_ws/src/machathon5.00/install/prius_msgs/lib:${LD_LIBRARY_PATH} PYTHONPATH=/home/abdallah/Projects/ros2_ws/src/machathon5.00/install/prius_msgs/local/lib/python3.10/dist-packages:${PYTHONPATH} /usr/bin/cmake --install /home/abdallah/Projects/ros2_ws/src/machathon5.00/build/car_demo
[32.453s] Level 1:colcon.colcon_core.environment:create_environment_scripts_only(car_demo)
[32.453s] DEBUG:colcon.colcon_core.event_handler.log_command:Invoked command in '/home/abdallah/Projects/ros2_ws/src/machathon5.00/build/car_demo' returned '0': AMENT_PREFIX_PATH=/home/abdallah/Projects/ros2_ws/src/machathon5.00/install/prius_msgs:/home/abdallah/Projects/ros2_ws/src/machathon5.00/install/prius_description:${AMENT_PREFIX_PATH} CMAKE_PREFIX_PATH=/home/abdallah/Projects/ros2_ws/src/machathon5.00/install/prius_msgs:/home/abdallah/Projects/ros2_ws/src/machathon5.00/install/prius_description:/home/abdallah/Projects/ros2_ws/install/car_demo:/home/abdallah/Projects/ros2_ws/install/prius_msgs:/home/abdallah/Projects/ros2_ws/install/prius_description:/opt/ros/humble GAZEBO_MODEL_PATH=/home/abdallah/Projects/ros2_ws/src/machathon5.00/install/prius_description/share/prius_description/models:${GAZEBO_MODEL_PATH} LD_LIBRARY_PATH=/home/abdallah/Projects/ros2_ws/src/machathon5.00/install/prius_msgs/lib:${LD_LIBRARY_PATH} PYTHONPATH=/home/abdallah/Projects/ros2_ws/src/machathon5.00/install/prius_msgs/local/lib/python3.10/dist-packages:${PYTHONPATH} /usr/bin/cmake --install /home/abdallah/Projects/ros2_ws/src/machathon5.00/build/car_demo
[32.531s] Level 1:colcon.colcon_core.environment:checking '/home/abdallah/Projects/ros2_ws/src/machathon5.00/install/car_demo' for CMake module files
[32.531s] Level 1:colcon.colcon_core.environment:checking '/home/abdallah/Projects/ros2_ws/src/machathon5.00/install/car_demo' for CMake config files
[32.532s] Level 1:colcon.colcon_core.shell:create_environment_hook('car_demo', 'cmake_prefix_path')
[32.543s] INFO:colcon.colcon_core.shell:Creating environment hook '/home/abdallah/Projects/ros2_ws/src/machathon5.00/install/car_demo/share/car_demo/hook/cmake_prefix_path.ps1'
[32.544s] INFO:colcon.colcon_core.shell:Creating environment descriptor '/home/abdallah/Projects/ros2_ws/src/machathon5.00/install/car_demo/share/car_demo/hook/cmake_prefix_path.dsv'
[32.545s] INFO:colcon.colcon_core.shell:Creating environment hook '/home/abdallah/Projects/ros2_ws/src/machathon5.00/install/car_demo/share/car_demo/hook/cmake_prefix_path.sh'
[32.545s] Level 1:colcon.colcon_core.environment:checking '/home/abdallah/Projects/ros2_ws/src/machathon5.00/install/car_demo/lib'
[32.545s] Level 1:colcon.colcon_core.shell:create_environment_hook('car_demo', 'ld_library_path_lib')
[32.556s] INFO:colcon.colcon_core.shell:Creating environment hook '/home/abdallah/Projects/ros2_ws/src/machathon5.00/install/car_demo/share/car_demo/hook/ld_library_path_lib.ps1'
[32.557s] INFO:colcon.colcon_core.shell:Creating environment descriptor '/home/abdallah/Projects/ros2_ws/src/machathon5.00/install/car_demo/share/car_demo/hook/ld_library_path_lib.dsv'
[32.557s] INFO:colcon.colcon_core.shell:Creating environment hook '/home/abdallah/Projects/ros2_ws/src/machathon5.00/install/car_demo/share/car_demo/hook/ld_library_path_lib.sh'
[32.557s] Level 1:colcon.colcon_core.environment:checking '/home/abdallah/Projects/ros2_ws/src/machathon5.00/install/car_demo/bin'
[32.557s] Level 1:colcon.colcon_core.environment:checking '/home/abdallah/Projects/ros2_ws/src/machathon5.00/install/car_demo/lib/pkgconfig/car_demo.pc'
[32.557s] Level 1:colcon.colcon_core.environment:checking '/home/abdallah/Projects/ros2_ws/src/machathon5.00/install/car_demo/lib/python3.10/site-packages'
[32.558s] Level 1:colcon.colcon_core.environment:checking '/home/abdallah/Projects/ros2_ws/src/machathon5.00/install/car_demo/bin'
[32.569s] INFO:colcon.colcon_core.shell:Creating package script '/home/abdallah/Projects/ros2_ws/src/machathon5.00/install/car_demo/share/car_demo/package.ps1'
[32.570s] INFO:colcon.colcon_core.shell:Creating package descriptor '/home/abdallah/Projects/ros2_ws/src/machathon5.00/install/car_demo/share/car_demo/package.dsv'
[32.570s] INFO:colcon.colcon_core.shell:Creating package script '/home/abdallah/Projects/ros2_ws/src/machathon5.00/install/car_demo/share/car_demo/package.sh'
[32.571s] INFO:colcon.colcon_core.shell:Creating package script '/home/abdallah/Projects/ros2_ws/src/machathon5.00/install/car_demo/share/car_demo/package.bash'
[32.571s] INFO:colcon.colcon_core.shell:Creating package script '/home/abdallah/Projects/ros2_ws/src/machathon5.00/install/car_demo/share/car_demo/package.zsh'
[32.571s] Level 1:colcon.colcon_core.environment:create_file_with_runtime_dependencies(/home/abdallah/Projects/ros2_ws/src/machathon5.00/install/car_demo/share/colcon-core/packages/car_demo)
[32.614s] Level 1:colcon.colcon_core.environment:create_environment_scripts_only(car_demo)
[32.625s] Level 1:colcon.colcon_core.environment:checking '/home/abdallah/Projects/ros2_ws/src/machathon5.00/install/car_demo' for CMake module files
[32.626s] Level 1:colcon.colcon_core.environment:checking '/home/abdallah/Projects/ros2_ws/src/machathon5.00/install/car_demo' for CMake config files
[32.626s] Level 1:colcon.colcon_core.shell:create_environment_hook('car_demo', 'cmake_prefix_path')
[32.637s] INFO:colcon.colcon_core.shell:Creating environment hook '/home/abdallah/Projects/ros2_ws/src/machathon5.00/install/car_demo/share/car_demo/hook/cmake_prefix_path.ps1'
[32.638s] INFO:colcon.colcon_core.shell:Creating environment descriptor '/home/abdallah/Projects/ros2_ws/src/machathon5.00/install/car_demo/share/car_demo/hook/cmake_prefix_path.dsv'
[32.638s] INFO:colcon.colcon_core.shell:Creating environment hook '/home/abdallah/Projects/ros2_ws/src/machathon5.00/install/car_demo/share/car_demo/hook/cmake_prefix_path.sh'
[32.638s] Level 1:colcon.colcon_core.environment:checking '/home/abdallah/Projects/ros2_ws/src/machathon5.00/install/car_demo/lib'
[32.639s] Level 1:colcon.colcon_core.shell:create_environment_hook('car_demo', 'ld_library_path_lib')
[32.650s] INFO:colcon.colcon_core.shell:Creating environment hook '/home/abdallah/Projects/ros2_ws/src/machathon5.00/install/car_demo/share/car_demo/hook/ld_library_path_lib.ps1'
[32.650s] INFO:colcon.colcon_core.shell:Creating environment descriptor '/home/abdallah/Projects/ros2_ws/src/machathon5.00/install/car_demo/share/car_demo/hook/ld_library_path_lib.dsv'
[32.650s] INFO:colcon.colcon_core.shell:Creating environment hook '/home/abdallah/Projects/ros2_ws/src/machathon5.00/install/car_demo/share/car_demo/hook/ld_library_path_lib.sh'
[32.651s] Level 1:colcon.colcon_core.environment:checking '/home/abdallah/Projects/ros2_ws/src/machathon5.00/install/car_demo/bin'
[32.651s] Level 1:colcon.colcon_core.environment:checking '/home/abdallah/Projects/ros2_ws/src/machathon5.00/install/car_demo/lib/pkgconfig/car_demo.pc'
[32.651s] Level 1:colcon.colcon_core.environment:checking '/home/abdallah/Projects/ros2_ws/src/machathon5.00/install/car_demo/lib/python3.10/site-packages'
[32.651s] Level 1:colcon.colcon_core.environment:checking '/home/abdallah/Projects/ros2_ws/src/machathon5.00/install/car_demo/bin'
[32.663s] INFO:colcon.colcon_core.shell:Creating package script '/home/abdallah/Projects/ros2_ws/src/machathon5.00/install/car_demo/share/car_demo/package.ps1'
[32.663s] INFO:colcon.colcon_core.shell:Creating package descriptor '/home/abdallah/Projects/ros2_ws/src/machathon5.00/install/car_demo/share/car_demo/package.dsv'
[32.664s] INFO:colcon.colcon_core.shell:Creating package script '/home/abdallah/Projects/ros2_ws/src/machathon5.00/install/car_demo/share/car_demo/package.sh'
[32.664s] INFO:colcon.colcon_core.shell:Creating package script '/home/abdallah/Projects/ros2_ws/src/machathon5.00/install/car_demo/share/car_demo/package.bash'
[32.664s] INFO:colcon.colcon_core.shell:Creating package script '/home/abdallah/Projects/ros2_ws/src/machathon5.00/install/car_demo/share/car_demo/package.zsh'
[32.664s] Level 1:colcon.colcon_core.environment:create_file_with_runtime_dependencies(/home/abdallah/Projects/ros2_ws/src/machathon5.00/install/car_demo/share/colcon-core/packages/car_demo)
[32.665s] DEBUG:colcon.colcon_parallel_executor.executor.parallel:closing loop
[32.665s] DEBUG:colcon.colcon_parallel_executor.executor.parallel:loop closed
[32.665s] DEBUG:colcon.colcon_parallel_executor.executor.parallel:run_until_complete finished with '0'
[32.665s] DEBUG:colcon.colcon_core.event_reactor:joining thread
[32.688s] INFO:colcon.colcon_core.plugin_system:Skipping extension 'colcon_notification.desktop_notification.terminal_notifier': Not used on non-Darwin systems
[32.688s] INFO:colcon.colcon_core.plugin_system:Skipping extension 'colcon_notification.desktop_notification.win32': Not used on non-Windows systems
[32.688s] INFO:colcon.colcon_notification.desktop_notification:Sending desktop notification using 'notify2'
[32.699s] DEBUG:colcon.colcon_core.event_reactor:joined thread
[32.711s] INFO:colcon.colcon_core.shell:Creating prefix script '/home/abdallah/Projects/ros2_ws/src/machathon5.00/install/local_setup.ps1'
[32.748s] INFO:colcon.colcon_core.shell:Creating prefix util module '/home/abdallah/Projects/ros2_ws/src/machathon5.00/install/_local_setup_util_ps1.py'
[32.749s] INFO:colcon.colcon_core.shell:Creating prefix chain script '/home/abdallah/Projects/ros2_ws/src/machathon5.00/install/setup.ps1'
[32.762s] INFO:colcon.colcon_core.shell:Creating prefix script '/home/abdallah/Projects/ros2_ws/src/machathon5.00/install/local_setup.sh'
[32.763s] INFO:colcon.colcon_core.shell:Creating prefix util module '/home/abdallah/Projects/ros2_ws/src/machathon5.00/install/_local_setup_util_sh.py'
[32.763s] INFO:colcon.colcon_core.shell:Creating prefix chain script '/home/abdallah/Projects/ros2_ws/src/machathon5.00/install/setup.sh'
[32.775s] INFO:colcon.colcon_core.shell:Creating prefix script '/home/abdallah/Projects/ros2_ws/src/machathon5.00/install/local_setup.bash'
[32.776s] INFO:colcon.colcon_core.shell:Creating prefix chain script '/home/abdallah/Projects/ros2_ws/src/machathon5.00/install/setup.bash'
[32.791s] INFO:colcon.colcon_core.shell:Creating prefix script '/home/abdallah/Projects/ros2_ws/src/machathon5.00/install/local_setup.zsh'
[32.791s] INFO:colcon.colcon_core.shell:Creating prefix chain script '/home/abdallah/Projects/ros2_ws/src/machathon5.00/install/setup.zsh'
