[0.907s] DEBUG:colcon:Command line arguments: ['/usr/bin/colcon', 'build', '--symlink-install']
[0.908s] DEBUG:colcon:Parsed command line arguments: Namespace(log_base=None, log_level=None, verb_name='build', build_base='build', install_base='install', merge_install=False, symlink_install=True, test_result_base=None, continue_on_error=False, executor='parallel', parallel_workers=12, event_handlers=None, ignore_user_meta=False, metas=['./colcon.meta'], base_paths=['.'], packages_ignore=None, packages_ignore_regex=None, paths=None, packages_up_to=None, packages_up_to_regex=None, packages_above=None, packages_above_and_dependencies=None, packages_above_depth=None, packages_select_by_dep=None, packages_skip_by_dep=None, packages_skip_up_to=None, packages_select_build_failed=False, packages_skip_build_finished=False, packages_select_test_failures=False, packages_skip_test_passed=False, packages_select=None, packages_skip=None, packages_select_regex=None, packages_skip_regex=None, packages_start=None, packages_end=None, allow_overriding=[], cmake_args=None, cmake_target=None, cmake_target_skip_unavailable=False, cmake_clean_cache=False, cmake_clean_first=False, cmake_force_configure=False, ament_cmake_args=None, catkin_cmake_args=None, catkin_skip_building_tests=False, verb_parser=<colcon_defaults.argument_parser.defaults.DefaultArgumentsDecorator object at 0x7fc46c390f70>, verb_extension=<colcon_core.verb.build.BuildVerb object at 0x7fc46c391420>, main=<bound method BuildVerb.main of <colcon_core.verb.build.BuildVerb object at 0x7fc46c391420>>)
[0.981s] Level 1:colcon.colcon_core.package_discovery:discover_packages(colcon_meta) check parameters
[0.981s] Level 1:colcon.colcon_core.package_discovery:discover_packages(recursive) check parameters
[0.981s] Level 1:colcon.colcon_core.package_discovery:discover_packages(ignore) check parameters
[0.981s] Level 1:colcon.colcon_core.package_discovery:discover_packages(path) check parameters
[0.981s] Level 1:colcon.colcon_core.package_discovery:discover_packages(colcon_meta) discover
[0.981s] Level 1:colcon.colcon_core.package_discovery:discover_packages(recursive) discover
[0.981s] INFO:colcon.colcon_core.package_discovery:Crawling recursively for packages in '/home/abdallah/Projects/ros2_ws/src/machathon5.00'
[0.981s] Level 1:colcon.colcon_core.package_identification:_identify(.) by extensions ['ignore', 'ignore_ament_install']
[0.981s] Level 1:colcon.colcon_core.package_identification:_identify(.) by extension 'ignore'
[0.981s] Level 1:colcon.colcon_core.package_identification:_identify(.) by extension 'ignore_ament_install'
[0.981s] Level 1:colcon.colcon_core.package_identification:_identify(.) by extensions ['colcon_pkg']
[0.981s] Level 1:colcon.colcon_core.package_identification:_identify(.) by extension 'colcon_pkg'
[0.981s] Level 1:colcon.colcon_core.package_identification:_identify(.) by extensions ['colcon_meta']
[0.981s] Level 1:colcon.colcon_core.package_identification:_identify(.) by extension 'colcon_meta'
[0.981s] Level 1:colcon.colcon_core.package_identification:_identify(.) by extensions ['ros']
[0.981s] Level 1:colcon.colcon_core.package_identification:_identify(.) by extension 'ros'
[0.991s] Level 1:colcon.colcon_core.package_identification:_identify(.) by extensions ['cmake', 'python']
[0.991s] Level 1:colcon.colcon_core.package_identification:_identify(.) by extension 'cmake'
[0.991s] Level 1:colcon.colcon_core.package_identification:_identify(.) by extension 'python'
[0.991s] Level 1:colcon.colcon_core.package_identification:_identify(.) by extensions ['python_setup_py']
[0.991s] Level 1:colcon.colcon_core.package_identification:_identify(.) by extension 'python_setup_py'
[0.992s] Level 1:colcon.colcon_core.package_identification:_identify(build) by extensions ['ignore', 'ignore_ament_install']
[0.992s] Level 1:colcon.colcon_core.package_identification:_identify(build) by extension 'ignore'
[0.992s] Level 1:colcon.colcon_core.package_identification:_identify(build) ignored
[0.992s] Level 1:colcon.colcon_core.package_identification:_identify(car_demo) by extensions ['ignore', 'ignore_ament_install']
[0.992s] Level 1:colcon.colcon_core.package_identification:_identify(car_demo) by extension 'ignore'
[0.992s] Level 1:colcon.colcon_core.package_identification:_identify(car_demo) by extension 'ignore_ament_install'
[0.992s] Level 1:colcon.colcon_core.package_identification:_identify(car_demo) by extensions ['colcon_pkg']
[0.992s] Level 1:colcon.colcon_core.package_identification:_identify(car_demo) by extension 'colcon_pkg'
[0.992s] Level 1:colcon.colcon_core.package_identification:_identify(car_demo) by extensions ['colcon_meta']
[0.992s] Level 1:colcon.colcon_core.package_identification:_identify(car_demo) by extension 'colcon_meta'
[0.992s] Level 1:colcon.colcon_core.package_identification:_identify(car_demo) by extensions ['ros']
[0.992s] Level 1:colcon.colcon_core.package_identification:_identify(car_demo) by extension 'ros'
[0.994s] DEBUG:colcon.colcon_core.package_identification:Package 'car_demo' with type 'ros.ament_cmake' and name 'car_demo'
[0.995s] Level 1:colcon.colcon_core.package_identification:_identify(install) by extensions ['ignore', 'ignore_ament_install']
[0.995s] Level 1:colcon.colcon_core.package_identification:_identify(install) by extension 'ignore'
[0.995s] Level 1:colcon.colcon_core.package_identification:_identify(install) ignored
[0.995s] Level 1:colcon.colcon_core.package_identification:_identify(log) by extensions ['ignore', 'ignore_ament_install']
[0.995s] Level 1:colcon.colcon_core.package_identification:_identify(log) by extension 'ignore'
[0.995s] Level 1:colcon.colcon_core.package_identification:_identify(log) ignored
[0.995s] Level 1:colcon.colcon_core.package_identification:_identify(prius_description) by extensions ['ignore', 'ignore_ament_install']
[0.995s] Level 1:colcon.colcon_core.package_identification:_identify(prius_description) by extension 'ignore'
[0.995s] Level 1:colcon.colcon_core.package_identification:_identify(prius_description) by extension 'ignore_ament_install'
[0.995s] Level 1:colcon.colcon_core.package_identification:_identify(prius_description) by extensions ['colcon_pkg']
[0.995s] Level 1:colcon.colcon_core.package_identification:_identify(prius_description) by extension 'colcon_pkg'
[0.995s] Level 1:colcon.colcon_core.package_identification:_identify(prius_description) by extensions ['colcon_meta']
[0.995s] Level 1:colcon.colcon_core.package_identification:_identify(prius_description) by extension 'colcon_meta'
[0.995s] Level 1:colcon.colcon_core.package_identification:_identify(prius_description) by extensions ['ros']
[0.995s] Level 1:colcon.colcon_core.package_identification:_identify(prius_description) by extension 'ros'
[0.996s] DEBUG:colcon.colcon_core.package_identification:Package 'prius_description' with type 'ros.ament_cmake' and name 'prius_description'
[0.996s] Level 1:colcon.colcon_core.package_identification:_identify(prius_msgs) by extensions ['ignore', 'ignore_ament_install']
[0.996s] Level 1:colcon.colcon_core.package_identification:_identify(prius_msgs) by extension 'ignore'
[0.996s] Level 1:colcon.colcon_core.package_identification:_identify(prius_msgs) by extension 'ignore_ament_install'
[0.996s] Level 1:colcon.colcon_core.package_identification:_identify(prius_msgs) by extensions ['colcon_pkg']
[0.996s] Level 1:colcon.colcon_core.package_identification:_identify(prius_msgs) by extension 'colcon_pkg'
[0.996s] Level 1:colcon.colcon_core.package_identification:_identify(prius_msgs) by extensions ['colcon_meta']
[0.996s] Level 1:colcon.colcon_core.package_identification:_identify(prius_msgs) by extension 'colcon_meta'
[0.996s] Level 1:colcon.colcon_core.package_identification:_identify(prius_msgs) by extensions ['ros']
[0.996s] Level 1:colcon.colcon_core.package_identification:_identify(prius_msgs) by extension 'ros'
[0.997s] DEBUG:colcon.colcon_core.package_identification:Package 'prius_msgs' with type 'ros.ament_cmake' and name 'prius_msgs'
[0.997s] Level 1:colcon.colcon_core.package_discovery:discover_packages(recursive) using defaults
[0.997s] Level 1:colcon.colcon_core.package_discovery:discover_packages(ignore) discover
[0.997s] Level 1:colcon.colcon_core.package_discovery:discover_packages(ignore) using defaults
[0.997s] Level 1:colcon.colcon_core.package_discovery:discover_packages(path) discover
[0.997s] Level 1:colcon.colcon_core.package_discovery:discover_packages(path) using defaults
[1.077s] Level 1:colcon.colcon_core.package_discovery:discover_packages(prefix_path) check parameters
[1.078s] Level 1:colcon.colcon_core.package_discovery:discover_packages(prefix_path) discover
[1.102s] DEBUG:colcon.colcon_installed_package_information.package_discovery:Found 3 installed packages in /home/abdallah/Projects/ros2_ws/install
[1.114s] DEBUG:colcon.colcon_installed_package_information.package_discovery:Found 278 installed packages in /opt/ros/humble
[1.115s] Level 1:colcon.colcon_core.package_discovery:discover_packages(prefix_path) using defaults
[1.214s] Level 5:colcon.colcon_core.verb:set package 'prius_description' build argument 'cmake_args' from command line to 'None'
[1.214s] Level 5:colcon.colcon_core.verb:set package 'prius_description' build argument 'cmake_target' from command line to 'None'
[1.214s] Level 5:colcon.colcon_core.verb:set package 'prius_description' build argument 'cmake_target_skip_unavailable' from command line to 'False'
[1.214s] Level 5:colcon.colcon_core.verb:set package 'prius_description' build argument 'cmake_clean_cache' from command line to 'False'
[1.214s] Level 5:colcon.colcon_core.verb:set package 'prius_description' build argument 'cmake_clean_first' from command line to 'False'
[1.214s] Level 5:colcon.colcon_core.verb:set package 'prius_description' build argument 'cmake_force_configure' from command line to 'False'
[1.214s] Level 5:colcon.colcon_core.verb:set package 'prius_description' build argument 'ament_cmake_args' from command line to 'None'
[1.214s] Level 5:colcon.colcon_core.verb:set package 'prius_description' build argument 'catkin_cmake_args' from command line to 'None'
[1.214s] Level 5:colcon.colcon_core.verb:set package 'prius_description' build argument 'catkin_skip_building_tests' from command line to 'False'
[1.214s] DEBUG:colcon.colcon_core.verb:Building package 'prius_description' with the following arguments: {'ament_cmake_args': None, 'build_base': '/home/abdallah/Projects/ros2_ws/src/machathon5.00/build/prius_description', 'catkin_cmake_args': None, 'catkin_skip_building_tests': False, 'cmake_args': None, 'cmake_clean_cache': False, 'cmake_clean_first': False, 'cmake_force_configure': False, 'cmake_target': None, 'cmake_target_skip_unavailable': False, 'install_base': '/home/abdallah/Projects/ros2_ws/src/machathon5.00/install/prius_description', 'merge_install': False, 'path': '/home/abdallah/Projects/ros2_ws/src/machathon5.00/prius_description', 'symlink_install': True, 'test_result_base': None}
[1.226s] Level 5:colcon.colcon_core.verb:set package 'prius_msgs' build argument 'cmake_args' from command line to 'None'
[1.226s] Level 5:colcon.colcon_core.verb:set package 'prius_msgs' build argument 'cmake_target' from command line to 'None'
[1.226s] Level 5:colcon.colcon_core.verb:set package 'prius_msgs' build argument 'cmake_target_skip_unavailable' from command line to 'False'
[1.226s] Level 5:colcon.colcon_core.verb:set package 'prius_msgs' build argument 'cmake_clean_cache' from command line to 'False'
[1.226s] Level 5:colcon.colcon_core.verb:set package 'prius_msgs' build argument 'cmake_clean_first' from command line to 'False'
[1.226s] Level 5:colcon.colcon_core.verb:set package 'prius_msgs' build argument 'cmake_force_configure' from command line to 'False'
[1.226s] Level 5:colcon.colcon_core.verb:set package 'prius_msgs' build argument 'ament_cmake_args' from command line to 'None'
[1.226s] Level 5:colcon.colcon_core.verb:set package 'prius_msgs' build argument 'catkin_cmake_args' from command line to 'None'
[1.226s] Level 5:colcon.colcon_core.verb:set package 'prius_msgs' build argument 'catkin_skip_building_tests' from command line to 'False'
[1.226s] DEBUG:colcon.colcon_core.verb:Building package 'prius_msgs' with the following arguments: {'ament_cmake_args': None, 'build_base': '/home/abdallah/Projects/ros2_ws/src/machathon5.00/build/prius_msgs', 'catkin_cmake_args': None, 'catkin_skip_building_tests': False, 'cmake_args': None, 'cmake_clean_cache': False, 'cmake_clean_first': False, 'cmake_force_configure': False, 'cmake_target': None, 'cmake_target_skip_unavailable': False, 'install_base': '/home/abdallah/Projects/ros2_ws/src/machathon5.00/install/prius_msgs', 'merge_install': False, 'path': '/home/abdallah/Projects/ros2_ws/src/machathon5.00/prius_msgs', 'symlink_install': True, 'test_result_base': None}
[1.237s] Level 5:colcon.colcon_core.verb:set package 'car_demo' build argument 'cmake_args' from command line to 'None'
[1.237s] Level 5:colcon.colcon_core.verb:set package 'car_demo' build argument 'cmake_target' from command line to 'None'
[1.237s] Level 5:colcon.colcon_core.verb:set package 'car_demo' build argument 'cmake_target_skip_unavailable' from command line to 'False'
[1.237s] Level 5:colcon.colcon_core.verb:set package 'car_demo' build argument 'cmake_clean_cache' from command line to 'False'
[1.237s] Level 5:colcon.colcon_core.verb:set package 'car_demo' build argument 'cmake_clean_first' from command line to 'False'
[1.237s] Level 5:colcon.colcon_core.verb:set package 'car_demo' build argument 'cmake_force_configure' from command line to 'False'
[1.237s] Level 5:colcon.colcon_core.verb:set package 'car_demo' build argument 'ament_cmake_args' from command line to 'None'
[1.237s] Level 5:colcon.colcon_core.verb:set package 'car_demo' build argument 'catkin_cmake_args' from command line to 'None'
[1.237s] Level 5:colcon.colcon_core.verb:set package 'car_demo' build argument 'catkin_skip_building_tests' from command line to 'False'
[1.237s] DEBUG:colcon.colcon_core.verb:Building package 'car_demo' with the following arguments: {'ament_cmake_args': None, 'build_base': '/home/abdallah/Projects/ros2_ws/src/machathon5.00/build/car_demo', 'catkin_cmake_args': None, 'catkin_skip_building_tests': False, 'cmake_args': None, 'cmake_clean_cache': False, 'cmake_clean_first': False, 'cmake_force_configure': False, 'cmake_target': None, 'cmake_target_skip_unavailable': False, 'install_base': '/home/abdallah/Projects/ros2_ws/src/machathon5.00/install/car_demo', 'merge_install': False, 'path': '/home/abdallah/Projects/ros2_ws/src/machathon5.00/car_demo', 'symlink_install': True, 'test_result_base': None}
[1.248s] INFO:colcon.colcon_core.executor:Executing jobs using 'parallel' executor
[1.260s] DEBUG:colcon.colcon_parallel_executor.executor.parallel:run_until_complete
[1.260s] INFO:colcon.colcon_ros.task.ament_cmake.build:Building ROS package in '/home/abdallah/Projects/ros2_ws/src/machathon5.00/prius_description' with build type 'ament_cmake'
[1.260s] INFO:colcon.colcon_cmake.task.cmake.build:Building CMake package in '/home/abdallah/Projects/ros2_ws/src/machathon5.00/prius_description'
[1.277s] INFO:colcon.colcon_core.plugin_system:Skipping extension 'colcon_core.shell.bat': Not used on non-Windows systems
[1.277s] INFO:colcon.colcon_core.shell:Skip shell extension 'powershell' for command environment: Not usable outside of PowerShell
[1.277s] DEBUG:colcon.colcon_core.shell:Skip shell extension 'dsv' for command environment
[1.324s] INFO:colcon.colcon_ros.task.ament_cmake.build:Building ROS package in '/home/abdallah/Projects/ros2_ws/src/machathon5.00/prius_msgs' with build type 'ament_cmake'
[1.324s] INFO:colcon.colcon_cmake.task.cmake.build:Building CMake package in '/home/abdallah/Projects/ros2_ws/src/machathon5.00/prius_msgs'
[1.336s] INFO:colcon.colcon_core.shell:Skip shell extension 'powershell' for command environment: Not usable outside of PowerShell
[1.336s] DEBUG:colcon.colcon_core.shell:Skip shell extension 'dsv' for command environment
[1.376s] DEBUG:colcon.colcon_core.event_handler.log_command:Invoking command in '/home/abdallah/Projects/ros2_ws/src/machathon5.00/build/prius_description': CMAKE_PREFIX_PATH=${CMAKE_PREFIX_PATH}:/opt/ros/humble /usr/bin/cmake --build /home/abdallah/Projects/ros2_ws/src/machathon5.00/build/prius_description -- -j12 -l12
[1.380s] DEBUG:colcon.colcon_core.event_handler.log_command:Invoking command in '/home/abdallah/Projects/ros2_ws/src/machathon5.00/build/prius_msgs': CMAKE_PREFIX_PATH=${CMAKE_PREFIX_PATH}:/opt/ros/humble /usr/bin/cmake --build /home/abdallah/Projects/ros2_ws/src/machathon5.00/build/prius_msgs -- -j12 -l12
[1.432s] DEBUG:colcon.colcon_core.event_handler.log_command:Invoked command in '/home/abdallah/Projects/ros2_ws/src/machathon5.00/build/prius_description' returned '0': CMAKE_PREFIX_PATH=${CMAKE_PREFIX_PATH}:/opt/ros/humble /usr/bin/cmake --build /home/abdallah/Projects/ros2_ws/src/machathon5.00/build/prius_description -- -j12 -l12
[1.466s] DEBUG:colcon.colcon_core.event_handler.log_command:Invoking command in '/home/abdallah/Projects/ros2_ws/src/machathon5.00/build/prius_description': CMAKE_PREFIX_PATH=${CMAKE_PREFIX_PATH}:/opt/ros/humble /usr/bin/cmake --install /home/abdallah/Projects/ros2_ws/src/machathon5.00/build/prius_description
[1.499s] Level 1:colcon.colcon_core.environment:create_environment_scripts_only(prius_description)
[1.501s] DEBUG:colcon.colcon_core.event_handler.log_command:Invoked command in '/home/abdallah/Projects/ros2_ws/src/machathon5.00/build/prius_description' returned '0': CMAKE_PREFIX_PATH=${CMAKE_PREFIX_PATH}:/opt/ros/humble /usr/bin/cmake --install /home/abdallah/Projects/ros2_ws/src/machathon5.00/build/prius_description
[1.527s] Level 1:colcon.colcon_core.environment:checking '/home/abdallah/Projects/ros2_ws/src/machathon5.00/install/prius_description' for CMake module files
[1.527s] Level 1:colcon.colcon_core.environment:checking '/home/abdallah/Projects/ros2_ws/src/machathon5.00/install/prius_description' for CMake config files
[1.528s] Level 1:colcon.colcon_core.shell:create_environment_hook('prius_description', 'cmake_prefix_path')
[1.542s] INFO:colcon.colcon_core.shell:Creating environment hook '/home/abdallah/Projects/ros2_ws/src/machathon5.00/install/prius_description/share/prius_description/hook/cmake_prefix_path.ps1'
[1.543s] INFO:colcon.colcon_core.shell:Creating environment descriptor '/home/abdallah/Projects/ros2_ws/src/machathon5.00/install/prius_description/share/prius_description/hook/cmake_prefix_path.dsv'
[1.543s] INFO:colcon.colcon_core.shell:Creating environment hook '/home/abdallah/Projects/ros2_ws/src/machathon5.00/install/prius_description/share/prius_description/hook/cmake_prefix_path.sh'
[1.544s] Level 1:colcon.colcon_core.environment:checking '/home/abdallah/Projects/ros2_ws/src/machathon5.00/install/prius_description/bin'
[1.545s] Level 1:colcon.colcon_core.environment:checking '/home/abdallah/Projects/ros2_ws/src/machathon5.00/install/prius_description/lib/pkgconfig/prius_description.pc'
[1.545s] Level 1:colcon.colcon_core.environment:checking '/home/abdallah/Projects/ros2_ws/src/machathon5.00/install/prius_description/lib/python3.10/site-packages'
[1.545s] Level 1:colcon.colcon_core.environment:checking '/home/abdallah/Projects/ros2_ws/src/machathon5.00/install/prius_description/bin'
[1.558s] INFO:colcon.colcon_core.shell:Creating package script '/home/abdallah/Projects/ros2_ws/src/machathon5.00/install/prius_description/share/prius_description/package.ps1'
[1.559s] INFO:colcon.colcon_core.shell:Creating package descriptor '/home/abdallah/Projects/ros2_ws/src/machathon5.00/install/prius_description/share/prius_description/package.dsv'
[1.560s] INFO:colcon.colcon_core.shell:Creating package script '/home/abdallah/Projects/ros2_ws/src/machathon5.00/install/prius_description/share/prius_description/package.sh'
[1.561s] INFO:colcon.colcon_core.shell:Creating package script '/home/abdallah/Projects/ros2_ws/src/machathon5.00/install/prius_description/share/prius_description/package.bash'
[1.562s] INFO:colcon.colcon_core.shell:Creating package script '/home/abdallah/Projects/ros2_ws/src/machathon5.00/install/prius_description/share/prius_description/package.zsh'
[1.563s] Level 1:colcon.colcon_core.environment:create_file_with_runtime_dependencies(/home/abdallah/Projects/ros2_ws/src/machathon5.00/install/prius_description/share/colcon-core/packages/prius_description)
[1.599s] Level 1:colcon.colcon_core.environment:create_environment_scripts_only(prius_description)
[1.613s] Level 1:colcon.colcon_core.environment:checking '/home/abdallah/Projects/ros2_ws/src/machathon5.00/install/prius_description' for CMake module files
[1.613s] Level 1:colcon.colcon_core.environment:checking '/home/abdallah/Projects/ros2_ws/src/machathon5.00/install/prius_description' for CMake config files
[1.614s] Level 1:colcon.colcon_core.shell:create_environment_hook('prius_description', 'cmake_prefix_path')
[1.626s] INFO:colcon.colcon_core.shell:Creating environment hook '/home/abdallah/Projects/ros2_ws/src/machathon5.00/install/prius_description/share/prius_description/hook/cmake_prefix_path.ps1'
[1.627s] INFO:colcon.colcon_core.shell:Creating environment descriptor '/home/abdallah/Projects/ros2_ws/src/machathon5.00/install/prius_description/share/prius_description/hook/cmake_prefix_path.dsv'
[1.627s] INFO:colcon.colcon_core.shell:Creating environment hook '/home/abdallah/Projects/ros2_ws/src/machathon5.00/install/prius_description/share/prius_description/hook/cmake_prefix_path.sh'
[1.628s] Level 1:colcon.colcon_core.environment:checking '/home/abdallah/Projects/ros2_ws/src/machathon5.00/install/prius_description/bin'
[1.628s] Level 1:colcon.colcon_core.environment:checking '/home/abdallah/Projects/ros2_ws/src/machathon5.00/install/prius_description/lib/pkgconfig/prius_description.pc'
[1.628s] Level 1:colcon.colcon_core.environment:checking '/home/abdallah/Projects/ros2_ws/src/machathon5.00/install/prius_description/lib/python3.10/site-packages'
[1.628s] Level 1:colcon.colcon_core.environment:checking '/home/abdallah/Projects/ros2_ws/src/machathon5.00/install/prius_description/bin'
[1.640s] INFO:colcon.colcon_core.shell:Creating package script '/home/abdallah/Projects/ros2_ws/src/machathon5.00/install/prius_description/share/prius_description/package.ps1'
[1.640s] INFO:colcon.colcon_core.shell:Creating package descriptor '/home/abdallah/Projects/ros2_ws/src/machathon5.00/install/prius_description/share/prius_description/package.dsv'
[1.640s] INFO:colcon.colcon_core.shell:Creating package script '/home/abdallah/Projects/ros2_ws/src/machathon5.00/install/prius_description/share/prius_description/package.sh'
[1.641s] INFO:colcon.colcon_core.shell:Creating package script '/home/abdallah/Projects/ros2_ws/src/machathon5.00/install/prius_description/share/prius_description/package.bash'
[1.641s] INFO:colcon.colcon_core.shell:Creating package script '/home/abdallah/Projects/ros2_ws/src/machathon5.00/install/prius_description/share/prius_description/package.zsh'
[1.641s] Level 1:colcon.colcon_core.environment:create_file_with_runtime_dependencies(/home/abdallah/Projects/ros2_ws/src/machathon5.00/install/prius_description/share/colcon-core/packages/prius_description)
[1.753s] DEBUG:colcon.colcon_core.event_handler.log_command:Invoked command in '/home/abdallah/Projects/ros2_ws/src/machathon5.00/build/prius_msgs' returned '0': CMAKE_PREFIX_PATH=${CMAKE_PREFIX_PATH}:/opt/ros/humble /usr/bin/cmake --build /home/abdallah/Projects/ros2_ws/src/machathon5.00/build/prius_msgs -- -j12 -l12
[1.816s] DEBUG:colcon.colcon_core.event_handler.log_command:Invoking command in '/home/abdallah/Projects/ros2_ws/src/machathon5.00/build/prius_msgs': CMAKE_PREFIX_PATH=${CMAKE_PREFIX_PATH}:/opt/ros/humble /usr/bin/cmake --install /home/abdallah/Projects/ros2_ws/src/machathon5.00/build/prius_msgs
[1.882s] Level 1:colcon.colcon_core.environment:create_environment_scripts_only(prius_msgs)
[1.882s] DEBUG:colcon.colcon_core.event_handler.log_command:Invoked command in '/home/abdallah/Projects/ros2_ws/src/machathon5.00/build/prius_msgs' returned '0': CMAKE_PREFIX_PATH=${CMAKE_PREFIX_PATH}:/opt/ros/humble /usr/bin/cmake --install /home/abdallah/Projects/ros2_ws/src/machathon5.00/build/prius_msgs
[1.893s] Level 1:colcon.colcon_core.environment:checking '/home/abdallah/Projects/ros2_ws/src/machathon5.00/install/prius_msgs' for CMake module files
[1.894s] Level 1:colcon.colcon_core.environment:checking '/home/abdallah/Projects/ros2_ws/src/machathon5.00/install/prius_msgs' for CMake config files
[1.894s] Level 1:colcon.colcon_core.shell:create_environment_hook('prius_msgs', 'cmake_prefix_path')
[1.905s] INFO:colcon.colcon_core.shell:Creating environment hook '/home/abdallah/Projects/ros2_ws/src/machathon5.00/install/prius_msgs/share/prius_msgs/hook/cmake_prefix_path.ps1'
[1.906s] INFO:colcon.colcon_core.shell:Creating environment descriptor '/home/abdallah/Projects/ros2_ws/src/machathon5.00/install/prius_msgs/share/prius_msgs/hook/cmake_prefix_path.dsv'
[1.906s] INFO:colcon.colcon_core.shell:Creating environment hook '/home/abdallah/Projects/ros2_ws/src/machathon5.00/install/prius_msgs/share/prius_msgs/hook/cmake_prefix_path.sh'
[1.906s] Level 1:colcon.colcon_core.environment:checking '/home/abdallah/Projects/ros2_ws/src/machathon5.00/install/prius_msgs/lib'
[1.906s] Level 1:colcon.colcon_core.shell:create_environment_hook('prius_msgs', 'ld_library_path_lib')
[1.917s] INFO:colcon.colcon_core.shell:Creating environment hook '/home/abdallah/Projects/ros2_ws/src/machathon5.00/install/prius_msgs/share/prius_msgs/hook/ld_library_path_lib.ps1'
[1.918s] INFO:colcon.colcon_core.shell:Creating environment descriptor '/home/abdallah/Projects/ros2_ws/src/machathon5.00/install/prius_msgs/share/prius_msgs/hook/ld_library_path_lib.dsv'
[1.918s] INFO:colcon.colcon_core.shell:Creating environment hook '/home/abdallah/Projects/ros2_ws/src/machathon5.00/install/prius_msgs/share/prius_msgs/hook/ld_library_path_lib.sh'
[1.918s] Level 1:colcon.colcon_core.environment:checking '/home/abdallah/Projects/ros2_ws/src/machathon5.00/install/prius_msgs/bin'
[1.918s] Level 1:colcon.colcon_core.environment:checking '/home/abdallah/Projects/ros2_ws/src/machathon5.00/install/prius_msgs/lib/pkgconfig/prius_msgs.pc'
[1.919s] Level 1:colcon.colcon_core.environment:checking '/home/abdallah/Projects/ros2_ws/src/machathon5.00/install/prius_msgs/lib/python3.10/site-packages'
[1.919s] Level 1:colcon.colcon_core.environment:checking '/home/abdallah/Projects/ros2_ws/src/machathon5.00/install/prius_msgs/bin'
[1.930s] INFO:colcon.colcon_core.shell:Creating package script '/home/abdallah/Projects/ros2_ws/src/machathon5.00/install/prius_msgs/share/prius_msgs/package.ps1'
[1.930s] INFO:colcon.colcon_core.shell:Creating package descriptor '/home/abdallah/Projects/ros2_ws/src/machathon5.00/install/prius_msgs/share/prius_msgs/package.dsv'
[1.931s] INFO:colcon.colcon_core.shell:Creating package script '/home/abdallah/Projects/ros2_ws/src/machathon5.00/install/prius_msgs/share/prius_msgs/package.sh'
[1.931s] INFO:colcon.colcon_core.shell:Creating package script '/home/abdallah/Projects/ros2_ws/src/machathon5.00/install/prius_msgs/share/prius_msgs/package.bash'
[1.931s] INFO:colcon.colcon_core.shell:Creating package script '/home/abdallah/Projects/ros2_ws/src/machathon5.00/install/prius_msgs/share/prius_msgs/package.zsh'
[1.931s] Level 1:colcon.colcon_core.environment:create_file_with_runtime_dependencies(/home/abdallah/Projects/ros2_ws/src/machathon5.00/install/prius_msgs/share/colcon-core/packages/prius_msgs)
[2.010s] Level 1:colcon.colcon_core.environment:create_environment_scripts_only(prius_msgs)
[2.022s] Level 1:colcon.colcon_core.environment:checking '/home/abdallah/Projects/ros2_ws/src/machathon5.00/install/prius_msgs' for CMake module files
[2.023s] Level 1:colcon.colcon_core.environment:checking '/home/abdallah/Projects/ros2_ws/src/machathon5.00/install/prius_msgs' for CMake config files
[2.023s] Level 1:colcon.colcon_core.shell:create_environment_hook('prius_msgs', 'cmake_prefix_path')
[2.035s] INFO:colcon.colcon_core.shell:Creating environment hook '/home/abdallah/Projects/ros2_ws/src/machathon5.00/install/prius_msgs/share/prius_msgs/hook/cmake_prefix_path.ps1'
[2.035s] INFO:colcon.colcon_core.shell:Creating environment descriptor '/home/abdallah/Projects/ros2_ws/src/machathon5.00/install/prius_msgs/share/prius_msgs/hook/cmake_prefix_path.dsv'
[2.035s] INFO:colcon.colcon_core.shell:Creating environment hook '/home/abdallah/Projects/ros2_ws/src/machathon5.00/install/prius_msgs/share/prius_msgs/hook/cmake_prefix_path.sh'
[2.036s] Level 1:colcon.colcon_core.environment:checking '/home/abdallah/Projects/ros2_ws/src/machathon5.00/install/prius_msgs/lib'
[2.036s] Level 1:colcon.colcon_core.shell:create_environment_hook('prius_msgs', 'ld_library_path_lib')
[2.047s] INFO:colcon.colcon_core.shell:Creating environment hook '/home/abdallah/Projects/ros2_ws/src/machathon5.00/install/prius_msgs/share/prius_msgs/hook/ld_library_path_lib.ps1'
[2.047s] INFO:colcon.colcon_core.shell:Creating environment descriptor '/home/abdallah/Projects/ros2_ws/src/machathon5.00/install/prius_msgs/share/prius_msgs/hook/ld_library_path_lib.dsv'
[2.048s] INFO:colcon.colcon_core.shell:Creating environment hook '/home/abdallah/Projects/ros2_ws/src/machathon5.00/install/prius_msgs/share/prius_msgs/hook/ld_library_path_lib.sh'
[2.048s] Level 1:colcon.colcon_core.environment:checking '/home/abdallah/Projects/ros2_ws/src/machathon5.00/install/prius_msgs/bin'
[2.048s] Level 1:colcon.colcon_core.environment:checking '/home/abdallah/Projects/ros2_ws/src/machathon5.00/install/prius_msgs/lib/pkgconfig/prius_msgs.pc'
[2.048s] Level 1:colcon.colcon_core.environment:checking '/home/abdallah/Projects/ros2_ws/src/machathon5.00/install/prius_msgs/lib/python3.10/site-packages'
[2.048s] Level 1:colcon.colcon_core.environment:checking '/home/abdallah/Projects/ros2_ws/src/machathon5.00/install/prius_msgs/bin'
[2.060s] INFO:colcon.colcon_core.shell:Creating package script '/home/abdallah/Projects/ros2_ws/src/machathon5.00/install/prius_msgs/share/prius_msgs/package.ps1'
[2.060s] INFO:colcon.colcon_core.shell:Creating package descriptor '/home/abdallah/Projects/ros2_ws/src/machathon5.00/install/prius_msgs/share/prius_msgs/package.dsv'
[2.061s] INFO:colcon.colcon_core.shell:Creating package script '/home/abdallah/Projects/ros2_ws/src/machathon5.00/install/prius_msgs/share/prius_msgs/package.sh'
[2.061s] INFO:colcon.colcon_core.shell:Creating package script '/home/abdallah/Projects/ros2_ws/src/machathon5.00/install/prius_msgs/share/prius_msgs/package.bash'
[2.061s] INFO:colcon.colcon_core.shell:Creating package script '/home/abdallah/Projects/ros2_ws/src/machathon5.00/install/prius_msgs/share/prius_msgs/package.zsh'
[2.062s] Level 1:colcon.colcon_core.environment:create_file_with_runtime_dependencies(/home/abdallah/Projects/ros2_ws/src/machathon5.00/install/prius_msgs/share/colcon-core/packages/prius_msgs)
[2.062s] INFO:colcon.colcon_ros.task.ament_cmake.build:Building ROS package in '/home/abdallah/Projects/ros2_ws/src/machathon5.00/car_demo' with build type 'ament_cmake'
[2.062s] INFO:colcon.colcon_cmake.task.cmake.build:Building CMake package in '/home/abdallah/Projects/ros2_ws/src/machathon5.00/car_demo'
[2.074s] INFO:colcon.colcon_core.shell:Skip shell extension 'powershell' for command environment: Not usable outside of PowerShell
[2.074s] DEBUG:colcon.colcon_core.shell:Skip shell extension 'dsv' for command environment
[2.138s] DEBUG:colcon.colcon_core.event_handler.log_command:Invoking command in '/home/abdallah/Projects/ros2_ws/src/machathon5.00/build/car_demo': AMENT_PREFIX_PATH=/home/abdallah/Projects/ros2_ws/src/machathon5.00/install/prius_msgs:/home/abdallah/Projects/ros2_ws/src/machathon5.00/install/prius_description:${AMENT_PREFIX_PATH} CMAKE_PREFIX_PATH=/home/abdallah/Projects/ros2_ws/src/machathon5.00/install/prius_msgs:/home/abdallah/Projects/ros2_ws/src/machathon5.00/install/prius_description:/home/abdallah/Projects/ros2_ws/install/car_demo:/home/abdallah/Projects/ros2_ws/install/prius_msgs:/home/abdallah/Projects/ros2_ws/install/prius_description:/opt/ros/humble GAZEBO_MODEL_PATH=/home/abdallah/Projects/ros2_ws/src/machathon5.00/install/prius_description/share/prius_description/models:${GAZEBO_MODEL_PATH} LD_LIBRARY_PATH=/home/abdallah/Projects/ros2_ws/src/machathon5.00/install/prius_msgs/lib:${LD_LIBRARY_PATH} PYTHONPATH=/home/abdallah/Projects/ros2_ws/src/machathon5.00/install/prius_msgs/local/lib/python3.10/dist-packages:${PYTHONPATH} /usr/bin/cmake --build /home/abdallah/Projects/ros2_ws/src/machathon5.00/build/car_demo -- -j12 -l12
[2.475s] DEBUG:colcon.colcon_core.event_handler.log_command:Invoked command in '/home/abdallah/Projects/ros2_ws/src/machathon5.00/build/car_demo' returned '0': AMENT_PREFIX_PATH=/home/abdallah/Projects/ros2_ws/src/machathon5.00/install/prius_msgs:/home/abdallah/Projects/ros2_ws/src/machathon5.00/install/prius_description:${AMENT_PREFIX_PATH} CMAKE_PREFIX_PATH=/home/abdallah/Projects/ros2_ws/src/machathon5.00/install/prius_msgs:/home/abdallah/Projects/ros2_ws/src/machathon5.00/install/prius_description:/home/abdallah/Projects/ros2_ws/install/car_demo:/home/abdallah/Projects/ros2_ws/install/prius_msgs:/home/abdallah/Projects/ros2_ws/install/prius_description:/opt/ros/humble GAZEBO_MODEL_PATH=/home/abdallah/Projects/ros2_ws/src/machathon5.00/install/prius_description/share/prius_description/models:${GAZEBO_MODEL_PATH} LD_LIBRARY_PATH=/home/abdallah/Projects/ros2_ws/src/machathon5.00/install/prius_msgs/lib:${LD_LIBRARY_PATH} PYTHONPATH=/home/abdallah/Projects/ros2_ws/src/machathon5.00/install/prius_msgs/local/lib/python3.10/dist-packages:${PYTHONPATH} /usr/bin/cmake --build /home/abdallah/Projects/ros2_ws/src/machathon5.00/build/car_demo -- -j12 -l12
[2.508s] DEBUG:colcon.colcon_core.event_handler.log_command:Invoking command in '/home/abdallah/Projects/ros2_ws/src/machathon5.00/build/car_demo': AMENT_PREFIX_PATH=/home/abdallah/Projects/ros2_ws/src/machathon5.00/install/prius_msgs:/home/abdallah/Projects/ros2_ws/src/machathon5.00/install/prius_description:${AMENT_PREFIX_PATH} CMAKE_PREFIX_PATH=/home/abdallah/Projects/ros2_ws/src/machathon5.00/install/prius_msgs:/home/abdallah/Projects/ros2_ws/src/machathon5.00/install/prius_description:/home/abdallah/Projects/ros2_ws/install/car_demo:/home/abdallah/Projects/ros2_ws/install/prius_msgs:/home/abdallah/Projects/ros2_ws/install/prius_description:/opt/ros/humble GAZEBO_MODEL_PATH=/home/abdallah/Projects/ros2_ws/src/machathon5.00/install/prius_description/share/prius_description/models:${GAZEBO_MODEL_PATH} LD_LIBRARY_PATH=/home/abdallah/Projects/ros2_ws/src/machathon5.00/install/prius_msgs/lib:${LD_LIBRARY_PATH} PYTHONPATH=/home/abdallah/Projects/ros2_ws/src/machathon5.00/install/prius_msgs/local/lib/python3.10/dist-packages:${PYTHONPATH} /usr/bin/cmake --install /home/abdallah/Projects/ros2_ws/src/machathon5.00/build/car_demo
[2.563s] Level 1:colcon.colcon_core.environment:create_environment_scripts_only(car_demo)
[2.563s] DEBUG:colcon.colcon_core.event_handler.log_command:Invoked command in '/home/abdallah/Projects/ros2_ws/src/machathon5.00/build/car_demo' returned '0': AMENT_PREFIX_PATH=/home/abdallah/Projects/ros2_ws/src/machathon5.00/install/prius_msgs:/home/abdallah/Projects/ros2_ws/src/machathon5.00/install/prius_description:${AMENT_PREFIX_PATH} CMAKE_PREFIX_PATH=/home/abdallah/Projects/ros2_ws/src/machathon5.00/install/prius_msgs:/home/abdallah/Projects/ros2_ws/src/machathon5.00/install/prius_description:/home/abdallah/Projects/ros2_ws/install/car_demo:/home/abdallah/Projects/ros2_ws/install/prius_msgs:/home/abdallah/Projects/ros2_ws/install/prius_description:/opt/ros/humble GAZEBO_MODEL_PATH=/home/abdallah/Projects/ros2_ws/src/machathon5.00/install/prius_description/share/prius_description/models:${GAZEBO_MODEL_PATH} LD_LIBRARY_PATH=/home/abdallah/Projects/ros2_ws/src/machathon5.00/install/prius_msgs/lib:${LD_LIBRARY_PATH} PYTHONPATH=/home/abdallah/Projects/ros2_ws/src/machathon5.00/install/prius_msgs/local/lib/python3.10/dist-packages:${PYTHONPATH} /usr/bin/cmake --install /home/abdallah/Projects/ros2_ws/src/machathon5.00/build/car_demo
[2.574s] Level 1:colcon.colcon_core.environment:checking '/home/abdallah/Projects/ros2_ws/src/machathon5.00/install/car_demo' for CMake module files
[2.575s] Level 1:colcon.colcon_core.environment:checking '/home/abdallah/Projects/ros2_ws/src/machathon5.00/install/car_demo' for CMake config files
[2.575s] Level 1:colcon.colcon_core.shell:create_environment_hook('car_demo', 'cmake_prefix_path')
[2.586s] INFO:colcon.colcon_core.shell:Creating environment hook '/home/abdallah/Projects/ros2_ws/src/machathon5.00/install/car_demo/share/car_demo/hook/cmake_prefix_path.ps1'
[2.586s] INFO:colcon.colcon_core.shell:Creating environment descriptor '/home/abdallah/Projects/ros2_ws/src/machathon5.00/install/car_demo/share/car_demo/hook/cmake_prefix_path.dsv'
[2.587s] INFO:colcon.colcon_core.shell:Creating environment hook '/home/abdallah/Projects/ros2_ws/src/machathon5.00/install/car_demo/share/car_demo/hook/cmake_prefix_path.sh'
[2.587s] Level 1:colcon.colcon_core.environment:checking '/home/abdallah/Projects/ros2_ws/src/machathon5.00/install/car_demo/lib'
[2.587s] Level 1:colcon.colcon_core.shell:create_environment_hook('car_demo', 'ld_library_path_lib')
[2.598s] INFO:colcon.colcon_core.shell:Creating environment hook '/home/abdallah/Projects/ros2_ws/src/machathon5.00/install/car_demo/share/car_demo/hook/ld_library_path_lib.ps1'
[2.599s] INFO:colcon.colcon_core.shell:Creating environment descriptor '/home/abdallah/Projects/ros2_ws/src/machathon5.00/install/car_demo/share/car_demo/hook/ld_library_path_lib.dsv'
[2.599s] INFO:colcon.colcon_core.shell:Creating environment hook '/home/abdallah/Projects/ros2_ws/src/machathon5.00/install/car_demo/share/car_demo/hook/ld_library_path_lib.sh'
[2.599s] Level 1:colcon.colcon_core.environment:checking '/home/abdallah/Projects/ros2_ws/src/machathon5.00/install/car_demo/bin'
[2.599s] Level 1:colcon.colcon_core.environment:checking '/home/abdallah/Projects/ros2_ws/src/machathon5.00/install/car_demo/lib/pkgconfig/car_demo.pc'
[2.600s] Level 1:colcon.colcon_core.environment:checking '/home/abdallah/Projects/ros2_ws/src/machathon5.00/install/car_demo/lib/python3.10/site-packages'
[2.600s] Level 1:colcon.colcon_core.environment:checking '/home/abdallah/Projects/ros2_ws/src/machathon5.00/install/car_demo/bin'
[2.611s] INFO:colcon.colcon_core.shell:Creating package script '/home/abdallah/Projects/ros2_ws/src/machathon5.00/install/car_demo/share/car_demo/package.ps1'
[2.611s] INFO:colcon.colcon_core.shell:Creating package descriptor '/home/abdallah/Projects/ros2_ws/src/machathon5.00/install/car_demo/share/car_demo/package.dsv'
[2.611s] INFO:colcon.colcon_core.shell:Creating package script '/home/abdallah/Projects/ros2_ws/src/machathon5.00/install/car_demo/share/car_demo/package.sh'
[2.612s] INFO:colcon.colcon_core.shell:Creating package script '/home/abdallah/Projects/ros2_ws/src/machathon5.00/install/car_demo/share/car_demo/package.bash'
[2.612s] INFO:colcon.colcon_core.shell:Creating package script '/home/abdallah/Projects/ros2_ws/src/machathon5.00/install/car_demo/share/car_demo/package.zsh'
[2.612s] Level 1:colcon.colcon_core.environment:create_file_with_runtime_dependencies(/home/abdallah/Projects/ros2_ws/src/machathon5.00/install/car_demo/share/colcon-core/packages/car_demo)
[2.653s] Level 1:colcon.colcon_core.environment:create_environment_scripts_only(car_demo)
[2.664s] Level 1:colcon.colcon_core.environment:checking '/home/abdallah/Projects/ros2_ws/src/machathon5.00/install/car_demo' for CMake module files
[2.665s] Level 1:colcon.colcon_core.environment:checking '/home/abdallah/Projects/ros2_ws/src/machathon5.00/install/car_demo' for CMake config files
[2.665s] Level 1:colcon.colcon_core.shell:create_environment_hook('car_demo', 'cmake_prefix_path')
[2.676s] INFO:colcon.colcon_core.shell:Creating environment hook '/home/abdallah/Projects/ros2_ws/src/machathon5.00/install/car_demo/share/car_demo/hook/cmake_prefix_path.ps1'
[2.677s] INFO:colcon.colcon_core.shell:Creating environment descriptor '/home/abdallah/Projects/ros2_ws/src/machathon5.00/install/car_demo/share/car_demo/hook/cmake_prefix_path.dsv'
[2.677s] INFO:colcon.colcon_core.shell:Creating environment hook '/home/abdallah/Projects/ros2_ws/src/machathon5.00/install/car_demo/share/car_demo/hook/cmake_prefix_path.sh'
[2.677s] Level 1:colcon.colcon_core.environment:checking '/home/abdallah/Projects/ros2_ws/src/machathon5.00/install/car_demo/lib'
[2.677s] Level 1:colcon.colcon_core.shell:create_environment_hook('car_demo', 'ld_library_path_lib')
[2.689s] INFO:colcon.colcon_core.shell:Creating environment hook '/home/abdallah/Projects/ros2_ws/src/machathon5.00/install/car_demo/share/car_demo/hook/ld_library_path_lib.ps1'
[2.689s] INFO:colcon.colcon_core.shell:Creating environment descriptor '/home/abdallah/Projects/ros2_ws/src/machathon5.00/install/car_demo/share/car_demo/hook/ld_library_path_lib.dsv'
[2.689s] INFO:colcon.colcon_core.shell:Creating environment hook '/home/abdallah/Projects/ros2_ws/src/machathon5.00/install/car_demo/share/car_demo/hook/ld_library_path_lib.sh'
[2.690s] Level 1:colcon.colcon_core.environment:checking '/home/abdallah/Projects/ros2_ws/src/machathon5.00/install/car_demo/bin'
[2.690s] Level 1:colcon.colcon_core.environment:checking '/home/abdallah/Projects/ros2_ws/src/machathon5.00/install/car_demo/lib/pkgconfig/car_demo.pc'
[2.690s] Level 1:colcon.colcon_core.environment:checking '/home/abdallah/Projects/ros2_ws/src/machathon5.00/install/car_demo/lib/python3.10/site-packages'
[2.690s] Level 1:colcon.colcon_core.environment:checking '/home/abdallah/Projects/ros2_ws/src/machathon5.00/install/car_demo/bin'
[2.702s] INFO:colcon.colcon_core.shell:Creating package script '/home/abdallah/Projects/ros2_ws/src/machathon5.00/install/car_demo/share/car_demo/package.ps1'
[2.702s] INFO:colcon.colcon_core.shell:Creating package descriptor '/home/abdallah/Projects/ros2_ws/src/machathon5.00/install/car_demo/share/car_demo/package.dsv'
[2.702s] INFO:colcon.colcon_core.shell:Creating package script '/home/abdallah/Projects/ros2_ws/src/machathon5.00/install/car_demo/share/car_demo/package.sh'
[2.703s] INFO:colcon.colcon_core.shell:Creating package script '/home/abdallah/Projects/ros2_ws/src/machathon5.00/install/car_demo/share/car_demo/package.bash'
[2.703s] INFO:colcon.colcon_core.shell:Creating package script '/home/abdallah/Projects/ros2_ws/src/machathon5.00/install/car_demo/share/car_demo/package.zsh'
[2.703s] Level 1:colcon.colcon_core.environment:create_file_with_runtime_dependencies(/home/abdallah/Projects/ros2_ws/src/machathon5.00/install/car_demo/share/colcon-core/packages/car_demo)
[2.704s] DEBUG:colcon.colcon_parallel_executor.executor.parallel:closing loop
[2.704s] DEBUG:colcon.colcon_parallel_executor.executor.parallel:loop closed
[2.704s] DEBUG:colcon.colcon_parallel_executor.executor.parallel:run_until_complete finished with '0'
[2.704s] DEBUG:colcon.colcon_core.event_reactor:joining thread
[2.719s] INFO:colcon.colcon_core.plugin_system:Skipping extension 'colcon_notification.desktop_notification.terminal_notifier': Not used on non-Darwin systems
[2.719s] INFO:colcon.colcon_core.plugin_system:Skipping extension 'colcon_notification.desktop_notification.win32': Not used on non-Windows systems
[2.719s] INFO:colcon.colcon_notification.desktop_notification:Sending desktop notification using 'notify2'
[2.729s] DEBUG:colcon.colcon_core.event_reactor:joined thread
[2.741s] INFO:colcon.colcon_core.shell:Creating prefix script '/home/abdallah/Projects/ros2_ws/src/machathon5.00/install/local_setup.ps1'
[2.742s] INFO:colcon.colcon_core.shell:Creating prefix util module '/home/abdallah/Projects/ros2_ws/src/machathon5.00/install/_local_setup_util_ps1.py'
[2.743s] INFO:colcon.colcon_core.shell:Creating prefix chain script '/home/abdallah/Projects/ros2_ws/src/machathon5.00/install/setup.ps1'
[2.756s] INFO:colcon.colcon_core.shell:Creating prefix script '/home/abdallah/Projects/ros2_ws/src/machathon5.00/install/local_setup.sh'
[2.756s] INFO:colcon.colcon_core.shell:Creating prefix util module '/home/abdallah/Projects/ros2_ws/src/machathon5.00/install/_local_setup_util_sh.py'
[2.757s] INFO:colcon.colcon_core.shell:Creating prefix chain script '/home/abdallah/Projects/ros2_ws/src/machathon5.00/install/setup.sh'
[2.769s] INFO:colcon.colcon_core.shell:Creating prefix script '/home/abdallah/Projects/ros2_ws/src/machathon5.00/install/local_setup.bash'
[2.769s] INFO:colcon.colcon_core.shell:Creating prefix chain script '/home/abdallah/Projects/ros2_ws/src/machathon5.00/install/setup.bash'
[2.781s] INFO:colcon.colcon_core.shell:Creating prefix script '/home/abdallah/Projects/ros2_ws/src/machathon5.00/install/local_setup.zsh'
[2.782s] INFO:colcon.colcon_core.shell:Creating prefix chain script '/home/abdallah/Projects/ros2_ws/src/machathon5.00/install/setup.zsh'
