[35m[1mConsolidate compiler generated dependencies of target gtest[0m
[35m[1mConsolidate compiler generated dependencies of target gtest_main[0m
[35m[1mConsolidate compiler generated dependencies of target PriusHybridPlugin[0m
[ 12%] Built target ament_cmake_python_symlink_car_demo
[ 25%] Built target gtest_main
[ 50%] Built target gtest
[35m[1mConsolidate compiler generated dependencies of target PriusHybridPluginTest[0m
[100%] Built target PriusHybridPlugin
[100%] Built target PriusHybridPluginTest
running egg_info
writing car_demo.egg-info/PKG-INFO
writing dependency_links to car_demo.egg-info/dependency_links.txt
writing top-level names to car_demo.egg-info/top_level.txt
reading manifest file 'car_demo.egg-info/SOURCES.txt'
writing manifest file 'car_demo.egg-info/SOURCES.txt'
[100%] Built target ament_cmake_python_build_car_demo_egg
-- Install configuration: ""
-- Execute custom install script
-- Up-to-date symlink: /home/abdallah/Projects/ros2_ws/src/machathon5.00/install/car_demo/share/car_demo/environment/library_path.sh
-- Up-to-date symlink: /home/abdallah/Projects/ros2_ws/src/machathon5.00/install/car_demo/share/car_demo/environment/library_path.dsv
-- Up-to-date symlink: /home/abdallah/Projects/ros2_ws/src/machathon5.00/install/car_demo/share/car_demo/environment/gazebo_plugins.sh
-- Up-to-date symlink: /home/abdallah/Projects/ros2_ws/src/machathon5.00/install/car_demo/share/car_demo/environment/gazebo_plugins.dsv
-- Up-to-date symlink: /home/abdallah/Projects/ros2_ws/src/machathon5.00/install/car_demo/share/car_demo/environment/pythonpath.sh
-- Up-to-date symlink: /home/abdallah/Projects/ros2_ws/src/machathon5.00/install/car_demo/share/car_demo/environment/pythonpath.dsv
-- Up-to-date symlink: /home/abdallah/Projects/ros2_ws/src/machathon5.00/install/car_demo/local/lib/python3.10/dist-packages/car_demo-0.0.1-py3.10.egg-info/PKG-INFO
-- Up-to-date symlink: /home/abdallah/Projects/ros2_ws/src/machathon5.00/install/car_demo/local/lib/python3.10/dist-packages/car_demo-0.0.1-py3.10.egg-info/SOURCES.txt
-- Up-to-date symlink: /home/abdallah/Projects/ros2_ws/src/machathon5.00/install/car_demo/local/lib/python3.10/dist-packages/car_demo-0.0.1-py3.10.egg-info/dependency_links.txt
-- Up-to-date symlink: /home/abdallah/Projects/ros2_ws/src/machathon5.00/install/car_demo/local/lib/python3.10/dist-packages/car_demo-0.0.1-py3.10.egg-info/top_level.txt
-- Up-to-date symlink: /home/abdallah/Projects/ros2_ws/src/machathon5.00/install/car_demo/local/lib/python3.10/dist-packages/car_demo/__init__.py
-- Up-to-date symlink: /home/abdallah/Projects/ros2_ws/src/machathon5.00/install/car_demo/lib/car_demo/prius_teleop_keyboard.py
-- Up-to-date symlink: /home/abdallah/Projects/ros2_ws/src/machathon5.00/install/car_demo/lib/car_demo/solution.py
-- Up-to-date symlink: /home/abdallah/Projects/ros2_ws/src/machathon5.00/install/car_demo/lib/car_demo/despawn_prius.py
-- Up-to-date symlink: /home/abdallah/Projects/ros2_ws/src/machathon5.00/install/car_demo/lib/car_demo/spawn_prius.py
-- Up-to-date symlink: /home/abdallah/Projects/ros2_ws/src/machathon5.00/install/car_demo/lib/car_demo/judge.py
-- Up-to-date symlink: /home/abdallah/Projects/ros2_ws/src/machathon5.00/install/car_demo/lib/libPriusHybridPlugin.so
-- Up-to-date symlink: /home/abdallah/Projects/ros2_ws/src/machathon5.00/install/car_demo/share/ament_index/resource_index/package_run_dependencies/car_demo
-- Up-to-date symlink: /home/abdallah/Projects/ros2_ws/src/machathon5.00/install/car_demo/share/ament_index/resource_index/parent_prefix_path/car_demo
-- Up-to-date symlink: /home/abdallah/Projects/ros2_ws/src/machathon5.00/install/car_demo/share/car_demo/environment/ament_prefix_path.sh
-- Up-to-date symlink: /home/abdallah/Projects/ros2_ws/src/machathon5.00/install/car_demo/share/car_demo/environment/ament_prefix_path.dsv
-- Up-to-date symlink: /home/abdallah/Projects/ros2_ws/src/machathon5.00/install/car_demo/share/car_demo/environment/path.sh
-- Up-to-date symlink: /home/abdallah/Projects/ros2_ws/src/machathon5.00/install/car_demo/share/car_demo/environment/path.dsv
-- Up-to-date symlink: /home/abdallah/Projects/ros2_ws/src/machathon5.00/install/car_demo/share/car_demo/local_setup.bash
-- Up-to-date symlink: /home/abdallah/Projects/ros2_ws/src/machathon5.00/install/car_demo/share/car_demo/local_setup.sh
-- Up-to-date symlink: /home/abdallah/Projects/ros2_ws/src/machathon5.00/install/car_demo/share/car_demo/local_setup.zsh
-- Up-to-date symlink: /home/abdallah/Projects/ros2_ws/src/machathon5.00/install/car_demo/share/car_demo/local_setup.dsv
-- Symlinking: /home/abdallah/Projects/ros2_ws/src/machathon5.00/install/car_demo/share/car_demo/package.dsv
-- Up-to-date symlink: /home/abdallah/Projects/ros2_ws/src/machathon5.00/install/car_demo/share/ament_index/resource_index/packages/car_demo
-- Up-to-date symlink: /home/abdallah/Projects/ros2_ws/src/machathon5.00/install/car_demo/share/car_demo/cmake/ament_cmake_export_libraries-extras.cmake
-- Up-to-date symlink: /home/abdallah/Projects/ros2_ws/src/machathon5.00/install/car_demo/share/car_demo/cmake/ament_cmake_export_include_directories-extras.cmake
-- Up-to-date symlink: /home/abdallah/Projects/ros2_ws/src/machathon5.00/install/car_demo/share/car_demo/cmake/ament_cmake_export_dependencies-extras.cmake
-- Up-to-date symlink: /home/abdallah/Projects/ros2_ws/src/machathon5.00/install/car_demo/share/car_demo/cmake/car_demoConfig.cmake
-- Up-to-date symlink: /home/abdallah/Projects/ros2_ws/src/machathon5.00/install/car_demo/share/car_demo/cmake/car_demoConfig-version.cmake
-- Up-to-date symlink: /home/abdallah/Projects/ros2_ws/src/machathon5.00/install/car_demo/share/car_demo/package.xml
-- Up-to-date symlink: /home/abdallah/Projects/ros2_ws/src/machathon5.00/install/car_demo/share/car_demo/launch/demo.launch.py
-- Up-to-date symlink: /home/abdallah/Projects/ros2_ws/src/machathon5.00/install/car_demo/share/car_demo/launch/machathon.launch.py
-- Up-to-date symlink: /home/abdallah/Projects/ros2_ws/src/machathon5.00/install/car_demo/share/car_demo/launch/spawn_prius.launch.py
-- Up-to-date symlink: /home/abdallah/Projects/ros2_ws/src/machathon5.00/install/car_demo/share/car_demo/models/track/meshes/Mach Logo.jpg
-- Up-to-date symlink: /home/abdallah/Projects/ros2_ws/src/machathon5.00/install/car_demo/share/car_demo/models/track/meshes/SimulationTrack.dae
-- Up-to-date symlink: /home/abdallah/Projects/ros2_ws/src/machathon5.00/install/car_demo/share/car_demo/models/track/meshes/SimulationTrack.stl
-- Up-to-date symlink: /home/abdallah/Projects/ros2_ws/src/machathon5.00/install/car_demo/share/car_demo/models/track/meshes/mac_logo.png
-- Up-to-date symlink: /home/abdallah/Projects/ros2_ws/src/machathon5.00/install/car_demo/share/car_demo/models/track/model.config
-- Up-to-date symlink: /home/abdallah/Projects/ros2_ws/src/machathon5.00/install/car_demo/share/car_demo/models/track/model.sdf
-- Up-to-date symlink: /home/abdallah/Projects/ros2_ws/src/machathon5.00/install/car_demo/share/car_demo/worlds/MachathonTrack.world
-- Up-to-date symlink: /home/abdallah/Projects/ros2_ws/src/machathon5.00/install/car_demo/lib/libPriusHybridPlugin.so
Listing '/home/abdallah/Projects/ros2_ws/src/machathon5.00/install/car_demo/local/lib/python3.10/dist-packages/car_demo'...
