[0.075s] Invoking command in '/home/abdallah/Projects/ros2_ws/src/machathon5.00/build/car_demo': AMENT_PREFIX_PATH=/home/abdallah/Projects/ros2_ws/src/machathon5.00/install/prius_msgs:/home/abdallah/Projects/ros2_ws/src/machathon5.00/install/prius_description:${AMENT_PREFIX_PATH} CMAKE_PREFIX_PATH=/home/abdallah/Projects/ros2_ws/src/machathon5.00/install/prius_msgs:/home/abdallah/Projects/ros2_ws/src/machathon5.00/install/prius_description:/home/abdallah/Projects/ros2_ws/install/car_demo:/home/abdallah/Projects/ros2_ws/install/prius_msgs:/home/abdallah/Projects/ros2_ws/install/prius_description:/opt/ros/humble GAZEBO_MODEL_PATH=/home/abdallah/Projects/ros2_ws/src/machathon5.00/install/prius_description/share/prius_description/models:${GAZEBO_MODEL_PATH} LD_LIBRARY_PATH=/home/abdallah/Projects/ros2_ws/src/machathon5.00/install/prius_msgs/lib:${LD_LIBRARY_PATH} PYTHONPATH=/home/abdallah/Projects/ros2_ws/src/machathon5.00/install/prius_msgs/local/lib/python3.10/dist-packages:${PYTHONPATH} /usr/bin/cmake --build /home/abdallah/Projects/ros2_ws/src/machathon5.00/build/car_demo -- -j12 -l12
[0.151s] [35m[1mConsolidate compiler generated dependencies of target gtest[0m
[0.151s] [35m[1mConsolidate compiler generated dependencies of target gtest_main[0m
[0.153s] [35m[1mConsolidate compiler generated dependencies of target PriusHybridPlugin[0m
[0.170s] [ 12%] Built target ament_cmake_python_symlink_car_demo
[0.170s] [ 25%] Built target gtest_main
[0.170s] [ 50%] Built target gtest
[0.184s] [35m[1mConsolidate compiler generated dependencies of target PriusHybridPluginTest[0m
[0.243s] [100%] Built target PriusHybridPlugin
[0.243s] [100%] Built target PriusHybridPluginTest
[0.368s] running egg_info
[0.369s] writing car_demo.egg-info/PKG-INFO
[0.369s] writing dependency_links to car_demo.egg-info/dependency_links.txt
[0.369s] writing top-level names to car_demo.egg-info/top_level.txt
[0.372s] reading manifest file 'car_demo.egg-info/SOURCES.txt'
[0.372s] writing manifest file 'car_demo.egg-info/SOURCES.txt'
[0.400s] [100%] Built target ament_cmake_python_build_car_demo_egg
[0.412s] Invoked command in '/home/abdallah/Projects/ros2_ws/src/machathon5.00/build/car_demo' returned '0': AMENT_PREFIX_PATH=/home/abdallah/Projects/ros2_ws/src/machathon5.00/install/prius_msgs:/home/abdallah/Projects/ros2_ws/src/machathon5.00/install/prius_description:${AMENT_PREFIX_PATH} CMAKE_PREFIX_PATH=/home/abdallah/Projects/ros2_ws/src/machathon5.00/install/prius_msgs:/home/abdallah/Projects/ros2_ws/src/machathon5.00/install/prius_description:/home/abdallah/Projects/ros2_ws/install/car_demo:/home/abdallah/Projects/ros2_ws/install/prius_msgs:/home/abdallah/Projects/ros2_ws/install/prius_description:/opt/ros/humble GAZEBO_MODEL_PATH=/home/abdallah/Projects/ros2_ws/src/machathon5.00/install/prius_description/share/prius_description/models:${GAZEBO_MODEL_PATH} LD_LIBRARY_PATH=/home/abdallah/Projects/ros2_ws/src/machathon5.00/install/prius_msgs/lib:${LD_LIBRARY_PATH} PYTHONPATH=/home/abdallah/Projects/ros2_ws/src/machathon5.00/install/prius_msgs/local/lib/python3.10/dist-packages:${PYTHONPATH} /usr/bin/cmake --build /home/abdallah/Projects/ros2_ws/src/machathon5.00/build/car_demo -- -j12 -l12
[0.445s] Invoking command in '/home/abdallah/Projects/ros2_ws/src/machathon5.00/build/car_demo': AMENT_PREFIX_PATH=/home/abdallah/Projects/ros2_ws/src/machathon5.00/install/prius_msgs:/home/abdallah/Projects/ros2_ws/src/machathon5.00/install/prius_description:${AMENT_PREFIX_PATH} CMAKE_PREFIX_PATH=/home/abdallah/Projects/ros2_ws/src/machathon5.00/install/prius_msgs:/home/abdallah/Projects/ros2_ws/src/machathon5.00/install/prius_description:/home/abdallah/Projects/ros2_ws/install/car_demo:/home/abdallah/Projects/ros2_ws/install/prius_msgs:/home/abdallah/Projects/ros2_ws/install/prius_description:/opt/ros/humble GAZEBO_MODEL_PATH=/home/abdallah/Projects/ros2_ws/src/machathon5.00/install/prius_description/share/prius_description/models:${GAZEBO_MODEL_PATH} LD_LIBRARY_PATH=/home/abdallah/Projects/ros2_ws/src/machathon5.00/install/prius_msgs/lib:${LD_LIBRARY_PATH} PYTHONPATH=/home/abdallah/Projects/ros2_ws/src/machathon5.00/install/prius_msgs/local/lib/python3.10/dist-packages:${PYTHONPATH} /usr/bin/cmake --install /home/abdallah/Projects/ros2_ws/src/machathon5.00/build/car_demo
[0.452s] -- Install configuration: ""
[0.453s] -- Execute custom install script
[0.453s] -- Up-to-date symlink: /home/abdallah/Projects/ros2_ws/src/machathon5.00/install/car_demo/share/car_demo/environment/library_path.sh
[0.453s] -- Up-to-date symlink: /home/abdallah/Projects/ros2_ws/src/machathon5.00/install/car_demo/share/car_demo/environment/library_path.dsv
[0.453s] -- Up-to-date symlink: /home/abdallah/Projects/ros2_ws/src/machathon5.00/install/car_demo/share/car_demo/environment/gazebo_plugins.sh
[0.453s] -- Up-to-date symlink: /home/abdallah/Projects/ros2_ws/src/machathon5.00/install/car_demo/share/car_demo/environment/gazebo_plugins.dsv
[0.453s] -- Up-to-date symlink: /home/abdallah/Projects/ros2_ws/src/machathon5.00/install/car_demo/share/car_demo/environment/pythonpath.sh
[0.454s] -- Up-to-date symlink: /home/abdallah/Projects/ros2_ws/src/machathon5.00/install/car_demo/share/car_demo/environment/pythonpath.dsv
[0.454s] -- Up-to-date symlink: /home/abdallah/Projects/ros2_ws/src/machathon5.00/install/car_demo/local/lib/python3.10/dist-packages/car_demo-0.0.1-py3.10.egg-info/PKG-INFO
[0.454s] -- Up-to-date symlink: /home/abdallah/Projects/ros2_ws/src/machathon5.00/install/car_demo/local/lib/python3.10/dist-packages/car_demo-0.0.1-py3.10.egg-info/SOURCES.txt
[0.454s] -- Up-to-date symlink: /home/abdallah/Projects/ros2_ws/src/machathon5.00/install/car_demo/local/lib/python3.10/dist-packages/car_demo-0.0.1-py3.10.egg-info/dependency_links.txt
[0.454s] -- Up-to-date symlink: /home/abdallah/Projects/ros2_ws/src/machathon5.00/install/car_demo/local/lib/python3.10/dist-packages/car_demo-0.0.1-py3.10.egg-info/top_level.txt
[0.455s] -- Up-to-date symlink: /home/abdallah/Projects/ros2_ws/src/machathon5.00/install/car_demo/local/lib/python3.10/dist-packages/car_demo/__init__.py
[0.455s] -- Up-to-date symlink: /home/abdallah/Projects/ros2_ws/src/machathon5.00/install/car_demo/lib/car_demo/prius_teleop_keyboard.py
[0.455s] -- Up-to-date symlink: /home/abdallah/Projects/ros2_ws/src/machathon5.00/install/car_demo/lib/car_demo/solution.py
[0.455s] -- Up-to-date symlink: /home/abdallah/Projects/ros2_ws/src/machathon5.00/install/car_demo/lib/car_demo/despawn_prius.py
[0.455s] -- Up-to-date symlink: /home/abdallah/Projects/ros2_ws/src/machathon5.00/install/car_demo/lib/car_demo/spawn_prius.py
[0.455s] -- Up-to-date symlink: /home/abdallah/Projects/ros2_ws/src/machathon5.00/install/car_demo/lib/car_demo/judge.py
[0.455s] -- Up-to-date symlink: /home/abdallah/Projects/ros2_ws/src/machathon5.00/install/car_demo/lib/libPriusHybridPlugin.so
[0.456s] -- Up-to-date symlink: /home/abdallah/Projects/ros2_ws/src/machathon5.00/install/car_demo/share/ament_index/resource_index/package_run_dependencies/car_demo
[0.456s] -- Up-to-date symlink: /home/abdallah/Projects/ros2_ws/src/machathon5.00/install/car_demo/share/ament_index/resource_index/parent_prefix_path/car_demo
[0.456s] -- Up-to-date symlink: /home/abdallah/Projects/ros2_ws/src/machathon5.00/install/car_demo/share/car_demo/environment/ament_prefix_path.sh
[0.456s] -- Up-to-date symlink: /home/abdallah/Projects/ros2_ws/src/machathon5.00/install/car_demo/share/car_demo/environment/ament_prefix_path.dsv
[0.456s] -- Up-to-date symlink: /home/abdallah/Projects/ros2_ws/src/machathon5.00/install/car_demo/share/car_demo/environment/path.sh
[0.456s] -- Up-to-date symlink: /home/abdallah/Projects/ros2_ws/src/machathon5.00/install/car_demo/share/car_demo/environment/path.dsv
[0.456s] -- Up-to-date symlink: /home/abdallah/Projects/ros2_ws/src/machathon5.00/install/car_demo/share/car_demo/local_setup.bash
[0.457s] -- Up-to-date symlink: /home/abdallah/Projects/ros2_ws/src/machathon5.00/install/car_demo/share/car_demo/local_setup.sh
[0.457s] -- Up-to-date symlink: /home/abdallah/Projects/ros2_ws/src/machathon5.00/install/car_demo/share/car_demo/local_setup.zsh
[0.457s] -- Up-to-date symlink: /home/abdallah/Projects/ros2_ws/src/machathon5.00/install/car_demo/share/car_demo/local_setup.dsv
[0.457s] -- Symlinking: /home/abdallah/Projects/ros2_ws/src/machathon5.00/install/car_demo/share/car_demo/package.dsv
[0.467s] -- Up-to-date symlink: /home/abdallah/Projects/ros2_ws/src/machathon5.00/install/car_demo/share/ament_index/resource_index/packages/car_demo
[0.467s] -- Up-to-date symlink: /home/abdallah/Projects/ros2_ws/src/machathon5.00/install/car_demo/share/car_demo/cmake/ament_cmake_export_libraries-extras.cmake
[0.467s] -- Up-to-date symlink: /home/abdallah/Projects/ros2_ws/src/machathon5.00/install/car_demo/share/car_demo/cmake/ament_cmake_export_include_directories-extras.cmake
[0.467s] -- Up-to-date symlink: /home/abdallah/Projects/ros2_ws/src/machathon5.00/install/car_demo/share/car_demo/cmake/ament_cmake_export_dependencies-extras.cmake
[0.467s] -- Up-to-date symlink: /home/abdallah/Projects/ros2_ws/src/machathon5.00/install/car_demo/share/car_demo/cmake/car_demoConfig.cmake
[0.467s] -- Up-to-date symlink: /home/abdallah/Projects/ros2_ws/src/machathon5.00/install/car_demo/share/car_demo/cmake/car_demoConfig-version.cmake
[0.467s] -- Up-to-date symlink: /home/abdallah/Projects/ros2_ws/src/machathon5.00/install/car_demo/share/car_demo/package.xml
[0.468s] -- Up-to-date symlink: /home/abdallah/Projects/ros2_ws/src/machathon5.00/install/car_demo/share/car_demo/launch/demo.launch.py
[0.468s] -- Up-to-date symlink: /home/abdallah/Projects/ros2_ws/src/machathon5.00/install/car_demo/share/car_demo/launch/machathon.launch.py
[0.468s] -- Up-to-date symlink: /home/abdallah/Projects/ros2_ws/src/machathon5.00/install/car_demo/share/car_demo/launch/spawn_prius.launch.py
[0.468s] -- Up-to-date symlink: /home/abdallah/Projects/ros2_ws/src/machathon5.00/install/car_demo/share/car_demo/models/track/meshes/Mach Logo.jpg
[0.468s] -- Up-to-date symlink: /home/abdallah/Projects/ros2_ws/src/machathon5.00/install/car_demo/share/car_demo/models/track/meshes/SimulationTrack.dae
[0.468s] -- Up-to-date symlink: /home/abdallah/Projects/ros2_ws/src/machathon5.00/install/car_demo/share/car_demo/models/track/meshes/SimulationTrack.stl
[0.468s] -- Up-to-date symlink: /home/abdallah/Projects/ros2_ws/src/machathon5.00/install/car_demo/share/car_demo/models/track/meshes/mac_logo.png
[0.469s] -- Up-to-date symlink: /home/abdallah/Projects/ros2_ws/src/machathon5.00/install/car_demo/share/car_demo/models/track/model.config
[0.469s] -- Up-to-date symlink: /home/abdallah/Projects/ros2_ws/src/machathon5.00/install/car_demo/share/car_demo/models/track/model.sdf
[0.469s] -- Up-to-date symlink: /home/abdallah/Projects/ros2_ws/src/machathon5.00/install/car_demo/share/car_demo/worlds/MachathonTrack.world
[0.469s] -- Up-to-date symlink: /home/abdallah/Projects/ros2_ws/src/machathon5.00/install/car_demo/lib/libPriusHybridPlugin.so
[0.494s] Listing '/home/abdallah/Projects/ros2_ws/src/machathon5.00/install/car_demo/local/lib/python3.10/dist-packages/car_demo'...
[0.500s] Invoked command in '/home/abdallah/Projects/ros2_ws/src/machathon5.00/build/car_demo' returned '0': AMENT_PREFIX_PATH=/home/abdallah/Projects/ros2_ws/src/machathon5.00/install/prius_msgs:/home/abdallah/Projects/ros2_ws/src/machathon5.00/install/prius_description:${AMENT_PREFIX_PATH} CMAKE_PREFIX_PATH=/home/abdallah/Projects/ros2_ws/src/machathon5.00/install/prius_msgs:/home/abdallah/Projects/ros2_ws/src/machathon5.00/install/prius_description:/home/abdallah/Projects/ros2_ws/install/car_demo:/home/abdallah/Projects/ros2_ws/install/prius_msgs:/home/abdallah/Projects/ros2_ws/install/prius_description:/opt/ros/humble GAZEBO_MODEL_PATH=/home/abdallah/Projects/ros2_ws/src/machathon5.00/install/prius_description/share/prius_description/models:${GAZEBO_MODEL_PATH} LD_LIBRARY_PATH=/home/abdallah/Projects/ros2_ws/src/machathon5.00/install/prius_msgs/lib:${LD_LIBRARY_PATH} PYTHONPATH=/home/abdallah/Projects/ros2_ws/src/machathon5.00/install/prius_msgs/local/lib/python3.10/dist-packages:${PYTHONPATH} /usr/bin/cmake --install /home/abdallah/Projects/ros2_ws/src/machathon5.00/build/car_demo
