-- The C compiler identification is GNU 11.4.0
-- The CXX compiler identification is GNU 11.4.0
-- Detecting C compiler ABI info
-- Detecting C compiler ABI info - done
-- Check for working C compiler: /usr/bin/cc - skipped
-- Detecting C compile features
-- Detecting C compile features - done
-- Detecting CXX compiler ABI info
-- Detecting CXX compiler ABI info - done
-- Check for working CXX compiler: /usr/bin/c++ - skipped
-- Detecting CXX compile features
-- Detecting CXX compile features - done
-- Found ament_cmake: 1.3.7 (/opt/ros/humble/share/ament_cmake/cmake)
-- Found Python3: /usr/bin/python3.10 (found version "3.10.12") found components: Interpreter 
-- Override CMake install command with custom implementation using symlinks instead of copying resources
-- Found builtin_interfaces: 1.2.1 (/opt/ros/humble/share/builtin_interfaces/cmake)
-- Found rosidl_generator_c: 3.1.5 (/opt/ros/humble/share/rosidl_generator_c/cmake)
-- Found rosidl_adapter: 3.1.5 (/opt/ros/humble/share/rosidl_adapter/cmake)
-- Found rosidl_generator_cpp: 3.1.5 (/opt/ros/humble/share/rosidl_generator_cpp/cmake)
-- Using all available rosidl_typesupport_c: rosidl_typesupport_fastrtps_c;rosidl_typesupport_introspection_c
-- Using all available rosidl_typesupport_cpp: rosidl_typesupport_fastrtps_cpp;rosidl_typesupport_introspection_cpp
-- Found rosidl_default_generators: 1.2.0 (/opt/ros/humble/share/rosidl_default_generators/cmake)
-- Found std_msgs: 4.2.3 (/opt/ros/humble/share/std_msgs/cmake)
-- Found ament_cmake_cppcheck: 0.12.10 (/opt/ros/humble/share/ament_cmake_cppcheck/cmake)
-- Found ament_cmake_cpplint: 0.12.10 (/opt/ros/humble/share/ament_cmake_cpplint/cmake)
-- Found ament_cmake_uncrustify: 0.12.10 (/opt/ros/humble/share/ament_cmake_uncrustify/cmake)
-- Found ament_cmake_ros: 0.10.0 (/opt/ros/humble/share/ament_cmake_ros/cmake)
-- Using all available rosidl_typesupport_c: rosidl_typesupport_fastrtps_c;rosidl_typesupport_introspection_c
-- Using all available rosidl_typesupport_cpp: rosidl_typesupport_fastrtps_cpp;rosidl_typesupport_introspection_cpp
-- Found PythonInterp: /usr/bin/python3 (found suitable version "3.10.12", minimum required is "3.6") 
-- Found python_cmake_module: 0.10.0 (/opt/ros/humble/share/python_cmake_module/cmake)
-- Found PythonLibs: /usr/lib/x86_64-linux-gnu/libpython3.10.so (found suitable version "3.10.12", minimum required is "3.5") 
-- Using PYTHON_EXECUTABLE: /usr/bin/python3
-- Using PYTHON_INCLUDE_DIRS: /usr/include/python3.10
-- Using PYTHON_LIBRARIES: /usr/lib/x86_64-linux-gnu/libpython3.10.so
-- Found PythonExtra: .so  
-- Found ament_cmake_flake8: 0.12.10 (/opt/ros/humble/share/ament_cmake_flake8/cmake)
-- Found ament_cmake_pep257: 0.12.10 (/opt/ros/humble/share/ament_cmake_pep257/cmake)
-- Configuring done
-- Generating done
-- Build files have been written to: /home/abdallah/Projects/ros2_ws/src/machathon5.00/build/prius_msgs
[  3%] [34m[1mGenerating C code for ROS interfaces[0m
[  6%] [34m[1mGenerating C++ code for ROS interfaces[0m
[  6%] Built target ament_cmake_python_symlink_prius_msgs
running egg_info
creating prius_msgs.egg-info
writing prius_msgs.egg-info/PKG-INFO
writing dependency_links to prius_msgs.egg-info/dependency_links.txt
writing top-level names to prius_msgs.egg-info/top_level.txt
writing manifest file 'prius_msgs.egg-info/SOURCES.txt'
reading manifest file 'prius_msgs.egg-info/SOURCES.txt'
writing manifest file 'prius_msgs.egg-info/SOURCES.txt'
[  6%] Built target prius_msgs__cpp
[  9%] [32mBuilding C object CMakeFiles/prius_msgs__rosidl_generator_c.dir/rosidl_generator_c/prius_msgs/msg/detail/control__functions.c.o[0m
[ 19%] [34m[1mGenerating C++ type support dispatch for ROS interfaces[0m
[ 19%] Built target ament_cmake_python_build_prius_msgs_egg
[ 19%] [34m[1mGenerating C++ introspection for ROS interfaces[0m
[ 19%] [34m[1mGenerating C++ type support for eProsima Fast-RTPS[0m
[ 22%] [32m[1mLinking C shared library libprius_msgs__rosidl_generator_c.so[0m
[ 22%] Built target prius_msgs__rosidl_generator_c
[ 29%] [34m[1mGenerating C introspection for ROS interfaces[0m
[ 29%] [34m[1mGenerating C type support dispatch for ROS interfaces[0m
[ 32%] [34m[1mGenerating C type support for eProsima Fast-RTPS[0m
[ 35%] [32mBuilding CXX object CMakeFiles/prius_msgs__rosidl_typesupport_cpp.dir/rosidl_typesupport_cpp/prius_msgs/msg/control__type_support.cpp.o[0m
[ 38%] [32mBuilding CXX object CMakeFiles/prius_msgs__rosidl_typesupport_fastrtps_cpp.dir/rosidl_typesupport_fastrtps_cpp/prius_msgs/msg/detail/dds_fastrtps/control__type_support.cpp.o[0m
[ 41%] [32mBuilding CXX object CMakeFiles/prius_msgs__rosidl_typesupport_introspection_cpp.dir/rosidl_typesupport_introspection_cpp/prius_msgs/msg/detail/control__type_support.cpp.o[0m
[ 45%] [32mBuilding CXX object CMakeFiles/prius_msgs__rosidl_typesupport_fastrtps_c.dir/rosidl_typesupport_fastrtps_c/prius_msgs/msg/detail/control__type_support_c.cpp.o[0m
[ 48%] [32mBuilding CXX object CMakeFiles/prius_msgs__rosidl_typesupport_c.dir/rosidl_typesupport_c/prius_msgs/msg/control__type_support.cpp.o[0m
[ 51%] [32mBuilding C object CMakeFiles/prius_msgs__rosidl_typesupport_introspection_c.dir/rosidl_typesupport_introspection_c/prius_msgs/msg/detail/control__type_support.c.o[0m
[ 54%] [32m[1mLinking CXX shared library libprius_msgs__rosidl_typesupport_c.so[0m
[ 58%] [32m[1mLinking C shared library libprius_msgs__rosidl_typesupport_introspection_c.so[0m
[ 58%] Built target prius_msgs__rosidl_typesupport_c
[ 58%] Built target prius_msgs__rosidl_typesupport_introspection_c
[ 61%] [32m[1mLinking CXX shared library libprius_msgs__rosidl_typesupport_cpp.so[0m
[ 61%] Built target prius_msgs__rosidl_typesupport_cpp
[ 64%] [32m[1mLinking CXX shared library libprius_msgs__rosidl_typesupport_introspection_cpp.so[0m
[ 67%] [32m[1mLinking CXX shared library libprius_msgs__rosidl_typesupport_fastrtps_cpp.so[0m
[ 70%] [32m[1mLinking CXX shared library libprius_msgs__rosidl_typesupport_fastrtps_c.so[0m
[ 70%] Built target prius_msgs__rosidl_typesupport_introspection_cpp
[ 70%] Built target prius_msgs__rosidl_typesupport_fastrtps_cpp
[ 70%] Built target prius_msgs__rosidl_typesupport_fastrtps_c
[ 70%] Built target prius_msgs
[ 74%] [34m[1mGenerating Python code for ROS interfaces[0m
[ 74%] Built target prius_msgs__py
[ 77%] [32mBuilding C object CMakeFiles/prius_msgs__rosidl_generator_py.dir/rosidl_generator_py/prius_msgs/msg/_control_s.c.o[0m
[ 80%] [32m[1mLinking C shared library rosidl_generator_py/prius_msgs/libprius_msgs__rosidl_generator_py.so[0m
[ 80%] Built target prius_msgs__rosidl_generator_py
[ 90%] [32mBuilding C object CMakeFiles/prius_msgs__rosidl_typesupport_introspection_c__pyext.dir/rosidl_generator_py/prius_msgs/_prius_msgs_s.ep.rosidl_typesupport_introspection_c.c.o[0m
[ 90%] [32mBuilding C object CMakeFiles/prius_msgs__rosidl_typesupport_c__pyext.dir/rosidl_generator_py/prius_msgs/_prius_msgs_s.ep.rosidl_typesupport_c.c.o[0m
[ 90%] [32mBuilding C object CMakeFiles/prius_msgs__rosidl_typesupport_fastrtps_c__pyext.dir/rosidl_generator_py/prius_msgs/_prius_msgs_s.ep.rosidl_typesupport_fastrtps_c.c.o[0m
[100%] [32m[1mLinking C shared library rosidl_generator_py/prius_msgs/prius_msgs_s__rosidl_typesupport_introspection_c.cpython-310-x86_64-linux-gnu.so[0m
[100%] [32m[1mLinking C shared library rosidl_generator_py/prius_msgs/prius_msgs_s__rosidl_typesupport_c.cpython-310-x86_64-linux-gnu.so[0m
[100%] [32m[1mLinking C shared library rosidl_generator_py/prius_msgs/prius_msgs_s__rosidl_typesupport_fastrtps_c.cpython-310-x86_64-linux-gnu.so[0m
[100%] Built target prius_msgs__rosidl_typesupport_fastrtps_c__pyext
[100%] Built target prius_msgs__rosidl_typesupport_introspection_c__pyext
[100%] Built target prius_msgs__rosidl_typesupport_c__pyext
-- Install configuration: ""
-- Execute custom install script
-- Symlinking: /home/abdallah/Projects/ros2_ws/src/machathon5.00/install/prius_msgs/share/ament_index/resource_index/rosidl_interfaces/prius_msgs
-- Symlinking: /home/abdallah/Projects/ros2_ws/src/machathon5.00/install/prius_msgs/include/prius_msgs/prius_msgs/msg/control.h
-- Symlinking: /home/abdallah/Projects/ros2_ws/src/machathon5.00/install/prius_msgs/include/prius_msgs/prius_msgs/msg/detail/control__functions.h
-- Symlinking: /home/abdallah/Projects/ros2_ws/src/machathon5.00/install/prius_msgs/include/prius_msgs/prius_msgs/msg/detail/control__struct.h
-- Symlinking: /home/abdallah/Projects/ros2_ws/src/machathon5.00/install/prius_msgs/include/prius_msgs/prius_msgs/msg/detail/control__type_support.h
-- Symlinking: /home/abdallah/Projects/ros2_ws/src/machathon5.00/install/prius_msgs/include/prius_msgs/prius_msgs/msg/rosidl_generator_c__visibility_control.h
-- Symlinking: /home/abdallah/Projects/ros2_ws/src/machathon5.00/install/prius_msgs/share/prius_msgs/environment/library_path.sh
-- Symlinking: /home/abdallah/Projects/ros2_ws/src/machathon5.00/install/prius_msgs/share/prius_msgs/environment/library_path.dsv
-- Symlinking: /home/abdallah/Projects/ros2_ws/src/machathon5.00/install/prius_msgs/include/prius_msgs/prius_msgs/msg/detail/control__rosidl_typesupport_fastrtps_c.h
-- Symlinking: /home/abdallah/Projects/ros2_ws/src/machathon5.00/install/prius_msgs/include/prius_msgs/prius_msgs/msg/rosidl_typesupport_fastrtps_c__visibility_control.h
-- Symlinking: /home/abdallah/Projects/ros2_ws/src/machathon5.00/install/prius_msgs/include/prius_msgs/prius_msgs/msg/control.hpp
-- Symlinking: /home/abdallah/Projects/ros2_ws/src/machathon5.00/install/prius_msgs/include/prius_msgs/prius_msgs/msg/detail/control__builder.hpp
-- Symlinking: /home/abdallah/Projects/ros2_ws/src/machathon5.00/install/prius_msgs/include/prius_msgs/prius_msgs/msg/detail/control__struct.hpp
-- Symlinking: /home/abdallah/Projects/ros2_ws/src/machathon5.00/install/prius_msgs/include/prius_msgs/prius_msgs/msg/detail/control__traits.hpp
-- Symlinking: /home/abdallah/Projects/ros2_ws/src/machathon5.00/install/prius_msgs/include/prius_msgs/prius_msgs/msg/detail/control__rosidl_typesupport_fastrtps_cpp.hpp
-- Symlinking: /home/abdallah/Projects/ros2_ws/src/machathon5.00/install/prius_msgs/include/prius_msgs/prius_msgs/msg/rosidl_typesupport_fastrtps_cpp__visibility_control.h
-- Symlinking: /home/abdallah/Projects/ros2_ws/src/machathon5.00/install/prius_msgs/include/prius_msgs/prius_msgs/msg/detail/control__rosidl_typesupport_introspection_c.h
-- Symlinking: /home/abdallah/Projects/ros2_ws/src/machathon5.00/install/prius_msgs/include/prius_msgs/prius_msgs/msg/rosidl_typesupport_introspection_c__visibility_control.h
-- Symlinking: /home/abdallah/Projects/ros2_ws/src/machathon5.00/install/prius_msgs/include/prius_msgs/prius_msgs/msg/detail/control__rosidl_typesupport_introspection_cpp.hpp
-- Symlinking: /home/abdallah/Projects/ros2_ws/src/machathon5.00/install/prius_msgs/share/prius_msgs/environment/pythonpath.sh
-- Symlinking: /home/abdallah/Projects/ros2_ws/src/machathon5.00/install/prius_msgs/share/prius_msgs/environment/pythonpath.dsv
-- Symlinking: /home/abdallah/Projects/ros2_ws/src/machathon5.00/install/prius_msgs/local/lib/python3.10/dist-packages/prius_msgs-0.0.1-py3.10.egg-info/PKG-INFO
-- Symlinking: /home/abdallah/Projects/ros2_ws/src/machathon5.00/install/prius_msgs/local/lib/python3.10/dist-packages/prius_msgs-0.0.1-py3.10.egg-info/SOURCES.txt
-- Symlinking: /home/abdallah/Projects/ros2_ws/src/machathon5.00/install/prius_msgs/local/lib/python3.10/dist-packages/prius_msgs-0.0.1-py3.10.egg-info/dependency_links.txt
-- Symlinking: /home/abdallah/Projects/ros2_ws/src/machathon5.00/install/prius_msgs/local/lib/python3.10/dist-packages/prius_msgs-0.0.1-py3.10.egg-info/top_level.txt
-- Symlinking: /home/abdallah/Projects/ros2_ws/src/machathon5.00/install/prius_msgs/local/lib/python3.10/dist-packages/prius_msgs/__init__.py
-- Symlinking: /home/abdallah/Projects/ros2_ws/src/machathon5.00/install/prius_msgs/local/lib/python3.10/dist-packages/prius_msgs/_prius_msgs_s.ep.rosidl_typesupport_c.c
-- Symlinking: /home/abdallah/Projects/ros2_ws/src/machathon5.00/install/prius_msgs/local/lib/python3.10/dist-packages/prius_msgs/_prius_msgs_s.ep.rosidl_typesupport_fastrtps_c.c
-- Symlinking: /home/abdallah/Projects/ros2_ws/src/machathon5.00/install/prius_msgs/local/lib/python3.10/dist-packages/prius_msgs/_prius_msgs_s.ep.rosidl_typesupport_introspection_c.c
-- Symlinking: /home/abdallah/Projects/ros2_ws/src/machathon5.00/install/prius_msgs/local/lib/python3.10/dist-packages/prius_msgs/libprius_msgs__rosidl_generator_py.so
-- Symlinking: /home/abdallah/Projects/ros2_ws/src/machathon5.00/install/prius_msgs/local/lib/python3.10/dist-packages/prius_msgs/msg/__init__.py
-- Symlinking: /home/abdallah/Projects/ros2_ws/src/machathon5.00/install/prius_msgs/local/lib/python3.10/dist-packages/prius_msgs/msg/_control.py
-- Symlinking: /home/abdallah/Projects/ros2_ws/src/machathon5.00/install/prius_msgs/local/lib/python3.10/dist-packages/prius_msgs/msg/_control_s.c
-- Symlinking: /home/abdallah/Projects/ros2_ws/src/machathon5.00/install/prius_msgs/local/lib/python3.10/dist-packages/prius_msgs/prius_msgs_s__rosidl_typesupport_c.cpython-310-x86_64-linux-gnu.so
-- Symlinking: /home/abdallah/Projects/ros2_ws/src/machathon5.00/install/prius_msgs/local/lib/python3.10/dist-packages/prius_msgs/prius_msgs_s__rosidl_typesupport_fastrtps_c.cpython-310-x86_64-linux-gnu.so
-- Symlinking: /home/abdallah/Projects/ros2_ws/src/machathon5.00/install/prius_msgs/local/lib/python3.10/dist-packages/prius_msgs/prius_msgs_s__rosidl_typesupport_introspection_c.cpython-310-x86_64-linux-gnu.so
-- Up-to-date symlink: /home/abdallah/Projects/ros2_ws/src/machathon5.00/install/prius_msgs/local/lib/python3.10/dist-packages/prius_msgs/prius_msgs_s__rosidl_typesupport_fastrtps_c.cpython-310-x86_64-linux-gnu.so
-- Up-to-date symlink: /home/abdallah/Projects/ros2_ws/src/machathon5.00/install/prius_msgs/local/lib/python3.10/dist-packages/prius_msgs/prius_msgs_s__rosidl_typesupport_introspection_c.cpython-310-x86_64-linux-gnu.so
-- Up-to-date symlink: /home/abdallah/Projects/ros2_ws/src/machathon5.00/install/prius_msgs/local/lib/python3.10/dist-packages/prius_msgs/prius_msgs_s__rosidl_typesupport_c.cpython-310-x86_64-linux-gnu.so
-- Symlinking: /home/abdallah/Projects/ros2_ws/src/machathon5.00/install/prius_msgs/share/prius_msgs/msg/Control.idl
-- Symlinking: /home/abdallah/Projects/ros2_ws/src/machathon5.00/install/prius_msgs/share/prius_msgs/msg/Control.msg
-- Symlinking: /home/abdallah/Projects/ros2_ws/src/machathon5.00/install/prius_msgs/share/ament_index/resource_index/package_run_dependencies/prius_msgs
-- Symlinking: /home/abdallah/Projects/ros2_ws/src/machathon5.00/install/prius_msgs/share/ament_index/resource_index/parent_prefix_path/prius_msgs
-- Symlinking: /home/abdallah/Projects/ros2_ws/src/machathon5.00/install/prius_msgs/share/prius_msgs/environment/ament_prefix_path.sh
-- Symlinking: /home/abdallah/Projects/ros2_ws/src/machathon5.00/install/prius_msgs/share/prius_msgs/environment/ament_prefix_path.dsv
-- Symlinking: /home/abdallah/Projects/ros2_ws/src/machathon5.00/install/prius_msgs/share/prius_msgs/environment/path.sh
-- Symlinking: /home/abdallah/Projects/ros2_ws/src/machathon5.00/install/prius_msgs/share/prius_msgs/environment/path.dsv
-- Symlinking: /home/abdallah/Projects/ros2_ws/src/machathon5.00/install/prius_msgs/share/prius_msgs/local_setup.bash
-- Symlinking: /home/abdallah/Projects/ros2_ws/src/machathon5.00/install/prius_msgs/share/prius_msgs/local_setup.sh
-- Symlinking: /home/abdallah/Projects/ros2_ws/src/machathon5.00/install/prius_msgs/share/prius_msgs/local_setup.zsh
-- Symlinking: /home/abdallah/Projects/ros2_ws/src/machathon5.00/install/prius_msgs/share/prius_msgs/local_setup.dsv
-- Symlinking: /home/abdallah/Projects/ros2_ws/src/machathon5.00/install/prius_msgs/share/prius_msgs/package.dsv
-- Symlinking: /home/abdallah/Projects/ros2_ws/src/machathon5.00/install/prius_msgs/share/ament_index/resource_index/packages/prius_msgs
-- Symlinking: /home/abdallah/Projects/ros2_ws/src/machathon5.00/install/prius_msgs/share/prius_msgs/cmake/rosidl_cmake-extras.cmake
-- Symlinking: /home/abdallah/Projects/ros2_ws/src/machathon5.00/install/prius_msgs/share/prius_msgs/cmake/ament_cmake_export_dependencies-extras.cmake
-- Symlinking: /home/abdallah/Projects/ros2_ws/src/machathon5.00/install/prius_msgs/share/prius_msgs/cmake/ament_cmake_export_include_directories-extras.cmake
-- Symlinking: /home/abdallah/Projects/ros2_ws/src/machathon5.00/install/prius_msgs/share/prius_msgs/cmake/ament_cmake_export_libraries-extras.cmake
-- Symlinking: /home/abdallah/Projects/ros2_ws/src/machathon5.00/install/prius_msgs/share/prius_msgs/cmake/ament_cmake_export_targets-extras.cmake
-- Symlinking: /home/abdallah/Projects/ros2_ws/src/machathon5.00/install/prius_msgs/share/prius_msgs/cmake/rosidl_cmake_export_typesupport_targets-extras.cmake
-- Symlinking: /home/abdallah/Projects/ros2_ws/src/machathon5.00/install/prius_msgs/share/prius_msgs/cmake/rosidl_cmake_export_typesupport_libraries-extras.cmake
-- Symlinking: /home/abdallah/Projects/ros2_ws/src/machathon5.00/install/prius_msgs/share/prius_msgs/cmake/prius_msgsConfig.cmake
-- Symlinking: /home/abdallah/Projects/ros2_ws/src/machathon5.00/install/prius_msgs/share/prius_msgs/cmake/prius_msgsConfig-version.cmake
-- Symlinking: /home/abdallah/Projects/ros2_ws/src/machathon5.00/install/prius_msgs/share/prius_msgs/package.xml
-- Installing: /home/abdallah/Projects/ros2_ws/src/machathon5.00/install/prius_msgs/lib/libprius_msgs__rosidl_generator_c.so
-- Set runtime path of "/home/abdallah/Projects/ros2_ws/src/machathon5.00/install/prius_msgs/lib/libprius_msgs__rosidl_generator_c.so" to ""
-- Installing: /home/abdallah/Projects/ros2_ws/src/machathon5.00/install/prius_msgs/lib/libprius_msgs__rosidl_typesupport_fastrtps_c.so
-- Set runtime path of "/home/abdallah/Projects/ros2_ws/src/machathon5.00/install/prius_msgs/lib/libprius_msgs__rosidl_typesupport_fastrtps_c.so" to ""
-- Installing: /home/abdallah/Projects/ros2_ws/src/machathon5.00/install/prius_msgs/lib/libprius_msgs__rosidl_typesupport_fastrtps_cpp.so
-- Set runtime path of "/home/abdallah/Projects/ros2_ws/src/machathon5.00/install/prius_msgs/lib/libprius_msgs__rosidl_typesupport_fastrtps_cpp.so" to ""
-- Installing: /home/abdallah/Projects/ros2_ws/src/machathon5.00/install/prius_msgs/lib/libprius_msgs__rosidl_typesupport_introspection_c.so
-- Set runtime path of "/home/abdallah/Projects/ros2_ws/src/machathon5.00/install/prius_msgs/lib/libprius_msgs__rosidl_typesupport_introspection_c.so" to ""
-- Installing: /home/abdallah/Projects/ros2_ws/src/machathon5.00/install/prius_msgs/lib/libprius_msgs__rosidl_typesupport_c.so
-- Set runtime path of "/home/abdallah/Projects/ros2_ws/src/machathon5.00/install/prius_msgs/lib/libprius_msgs__rosidl_typesupport_c.so" to ""
-- Installing: /home/abdallah/Projects/ros2_ws/src/machathon5.00/install/prius_msgs/lib/libprius_msgs__rosidl_typesupport_introspection_cpp.so
-- Set runtime path of "/home/abdallah/Projects/ros2_ws/src/machathon5.00/install/prius_msgs/lib/libprius_msgs__rosidl_typesupport_introspection_cpp.so" to ""
-- Installing: /home/abdallah/Projects/ros2_ws/src/machathon5.00/install/prius_msgs/lib/libprius_msgs__rosidl_typesupport_cpp.so
-- Set runtime path of "/home/abdallah/Projects/ros2_ws/src/machathon5.00/install/prius_msgs/lib/libprius_msgs__rosidl_typesupport_cpp.so" to ""
Listing '/home/abdallah/Projects/ros2_ws/src/machathon5.00/install/prius_msgs/local/lib/python3.10/dist-packages/prius_msgs'...
Compiling '/home/abdallah/Projects/ros2_ws/src/machathon5.00/install/prius_msgs/local/lib/python3.10/dist-packages/prius_msgs/__init__.py'...
Listing '/home/abdallah/Projects/ros2_ws/src/machathon5.00/install/prius_msgs/local/lib/python3.10/dist-packages/prius_msgs/msg'...
Compiling '/home/abdallah/Projects/ros2_ws/src/machathon5.00/install/prius_msgs/local/lib/python3.10/dist-packages/prius_msgs/msg/__init__.py'...
Compiling '/home/abdallah/Projects/ros2_ws/src/machathon5.00/install/prius_msgs/local/lib/python3.10/dist-packages/prius_msgs/msg/_control.py'...
-- Installing: /home/abdallah/Projects/ros2_ws/src/machathon5.00/install/prius_msgs/lib/libprius_msgs__rosidl_generator_py.so
-- Set runtime path of "/home/abdallah/Projects/ros2_ws/src/machathon5.00/install/prius_msgs/lib/libprius_msgs__rosidl_generator_py.so" to ""
-- Installing: /home/abdallah/Projects/ros2_ws/src/machathon5.00/install/prius_msgs/share/prius_msgs/cmake/export_prius_msgs__rosidl_generator_cExport.cmake
-- Installing: /home/abdallah/Projects/ros2_ws/src/machathon5.00/install/prius_msgs/share/prius_msgs/cmake/export_prius_msgs__rosidl_generator_cExport-noconfig.cmake
-- Installing: /home/abdallah/Projects/ros2_ws/src/machathon5.00/install/prius_msgs/share/prius_msgs/cmake/export_prius_msgs__rosidl_typesupport_fastrtps_cExport.cmake
-- Installing: /home/abdallah/Projects/ros2_ws/src/machathon5.00/install/prius_msgs/share/prius_msgs/cmake/export_prius_msgs__rosidl_typesupport_fastrtps_cExport-noconfig.cmake
-- Installing: /home/abdallah/Projects/ros2_ws/src/machathon5.00/install/prius_msgs/share/prius_msgs/cmake/export_prius_msgs__rosidl_generator_cppExport.cmake
-- Installing: /home/abdallah/Projects/ros2_ws/src/machathon5.00/install/prius_msgs/share/prius_msgs/cmake/export_prius_msgs__rosidl_typesupport_fastrtps_cppExport.cmake
-- Installing: /home/abdallah/Projects/ros2_ws/src/machathon5.00/install/prius_msgs/share/prius_msgs/cmake/export_prius_msgs__rosidl_typesupport_fastrtps_cppExport-noconfig.cmake
-- Installing: /home/abdallah/Projects/ros2_ws/src/machathon5.00/install/prius_msgs/share/prius_msgs/cmake/prius_msgs__rosidl_typesupport_introspection_cExport.cmake
-- Installing: /home/abdallah/Projects/ros2_ws/src/machathon5.00/install/prius_msgs/share/prius_msgs/cmake/prius_msgs__rosidl_typesupport_introspection_cExport-noconfig.cmake
-- Installing: /home/abdallah/Projects/ros2_ws/src/machathon5.00/install/prius_msgs/share/prius_msgs/cmake/prius_msgs__rosidl_typesupport_cExport.cmake
-- Installing: /home/abdallah/Projects/ros2_ws/src/machathon5.00/install/prius_msgs/share/prius_msgs/cmake/prius_msgs__rosidl_typesupport_cExport-noconfig.cmake
-- Installing: /home/abdallah/Projects/ros2_ws/src/machathon5.00/install/prius_msgs/share/prius_msgs/cmake/prius_msgs__rosidl_typesupport_introspection_cppExport.cmake
-- Installing: /home/abdallah/Projects/ros2_ws/src/machathon5.00/install/prius_msgs/share/prius_msgs/cmake/prius_msgs__rosidl_typesupport_introspection_cppExport-noconfig.cmake
-- Installing: /home/abdallah/Projects/ros2_ws/src/machathon5.00/install/prius_msgs/share/prius_msgs/cmake/prius_msgs__rosidl_typesupport_cppExport.cmake
-- Installing: /home/abdallah/Projects/ros2_ws/src/machathon5.00/install/prius_msgs/share/prius_msgs/cmake/prius_msgs__rosidl_typesupport_cppExport-noconfig.cmake
-- Installing: /home/abdallah/Projects/ros2_ws/src/machathon5.00/install/prius_msgs/share/prius_msgs/cmake/export_prius_msgs__rosidl_generator_pyExport.cmake
-- Installing: /home/abdallah/Projects/ros2_ws/src/machathon5.00/install/prius_msgs/share/prius_msgs/cmake/export_prius_msgs__rosidl_generator_pyExport-noconfig.cmake
